c:\projects\chm\debug\vc142.pdb
c:\projects\chm\debug\watchdog.obj
c:\projects\chm\debug\test.obj
c:\projects\chm\debug\system.obj
c:\projects\chm\debug\subscriptionhandler.obj
c:\projects\chm\debug\member.obj
c:\projects\chm\debug\main.obj
c:\projects\chm\debug\chm.obj
c:\projects\chm\debug\bsp.obj
c:\projects\chm\debug\coredebug.obj
c:\projects\chm\debug\chm.exe
c:\projects\chm\debug\chm.pdb
c:\projects\chm\debug\vc142.idb
c:\projects\chm\debug\chm.tlog\cl.command.1.tlog
c:\projects\chm\debug\chm.tlog\cl.read.1.tlog
c:\projects\chm\debug\chm.tlog\cl.write.1.tlog
c:\projects\chm\debug\chm.tlog\link.10536.delete.1.tlog
c:\projects\chm\debug\chm.tlog\link.11000.delete.1.tlog
c:\projects\chm\debug\chm.tlog\link.11056.delete.1.tlog
c:\projects\chm\debug\chm.tlog\link.11920.delete.1.tlog
c:\projects\chm\debug\chm.tlog\link.12164.delete.1.tlog
c:\projects\chm\debug\chm.tlog\link.12296.delete.1.tlog
c:\projects\chm\debug\chm.tlog\link.12376.delete.1.tlog
c:\projects\chm\debug\chm.tlog\link.1256.delete.1.tlog
c:\projects\chm\debug\chm.tlog\link.12720.delete.1.tlog
c:\projects\chm\debug\chm.tlog\link.12892.delete.1.tlog
c:\projects\chm\debug\chm.tlog\link.12904.delete.1.tlog
c:\projects\chm\debug\chm.tlog\link.12964.delete.1.tlog
c:\projects\chm\debug\chm.tlog\link.12984.delete.1.tlog
c:\projects\chm\debug\chm.tlog\link.13740.delete.1.tlog
c:\projects\chm\debug\chm.tlog\link.14512.delete.1.tlog
c:\projects\chm\debug\chm.tlog\link.14720.delete.1.tlog
c:\projects\chm\debug\chm.tlog\link.15636.delete.1.tlog
c:\projects\chm\debug\chm.tlog\link.16132.delete.1.tlog
c:\projects\chm\debug\chm.tlog\link.16536.delete.1.tlog
c:\projects\chm\debug\chm.tlog\link.16608.delete.1.tlog
c:\projects\chm\debug\chm.tlog\link.16708.delete.1.tlog
c:\projects\chm\debug\chm.tlog\link.16976.delete.1.tlog
c:\projects\chm\debug\chm.tlog\link.17332.delete.1.tlog
c:\projects\chm\debug\chm.tlog\link.17432.delete.1.tlog
c:\projects\chm\debug\chm.tlog\link.1748.delete.1.tlog
c:\projects\chm\debug\chm.tlog\link.17764.delete.1.tlog
c:\projects\chm\debug\chm.tlog\link.18044.delete.1.tlog
c:\projects\chm\debug\chm.tlog\link.1808.delete.1.tlog
c:\projects\chm\debug\chm.tlog\link.18676.delete.1.tlog
c:\projects\chm\debug\chm.tlog\link.18784.delete.1.tlog
c:\projects\chm\debug\chm.tlog\link.18788.delete.1.tlog
c:\projects\chm\debug\chm.tlog\link.18800.delete.1.tlog
c:\projects\chm\debug\chm.tlog\link.18824.delete.1.tlog
c:\projects\chm\debug\chm.tlog\link.19820.delete.1.tlog
c:\projects\chm\debug\chm.tlog\link.20000.delete.1.tlog
c:\projects\chm\debug\chm.tlog\link.2020.delete.1.tlog
c:\projects\chm\debug\chm.tlog\link.20332.delete.1.tlog
c:\projects\chm\debug\chm.tlog\link.2152.delete.1.tlog
c:\projects\chm\debug\chm.tlog\link.2156.delete.1.tlog
c:\projects\chm\debug\chm.tlog\link.2712.delete.1.tlog
c:\projects\chm\debug\chm.tlog\link.2832.delete.1.tlog
c:\projects\chm\debug\chm.tlog\link.3156.delete.1.tlog
c:\projects\chm\debug\chm.tlog\link.3444.delete.1.tlog
c:\projects\chm\debug\chm.tlog\link.3892.delete.1.tlog
c:\projects\chm\debug\chm.tlog\link.4160.delete.1.tlog
c:\projects\chm\debug\chm.tlog\link.6660.delete.1.tlog
c:\projects\chm\debug\chm.tlog\link.6800.delete.1.tlog
c:\projects\chm\debug\chm.tlog\link.7328.delete.1.tlog
c:\projects\chm\debug\chm.tlog\link.7400.delete.1.tlog
c:\projects\chm\debug\chm.tlog\link.7632.delete.1.tlog
c:\projects\chm\debug\chm.tlog\link.8336.delete.1.tlog
c:\projects\chm\debug\chm.tlog\link.8380.delete.1.tlog
c:\projects\chm\debug\chm.tlog\link.8412.delete.1.tlog
c:\projects\chm\debug\chm.tlog\link.8476.delete.1.tlog
c:\projects\chm\debug\chm.tlog\link.8812.delete.1.tlog
c:\projects\chm\debug\chm.tlog\link.9316.delete.1.tlog
c:\projects\chm\debug\chm.tlog\link.9788.delete.1.tlog
c:\projects\chm\debug\chm.tlog\link.9960.delete.1.tlog
c:\projects\chm\debug\chm.tlog\link.command.1.tlog
c:\projects\chm\debug\chm.tlog\link.read.1.tlog
c:\projects\chm\debug\chm.tlog\link.write.1.tlog
