
--- Module:   C:\qp_lab\qpcpp\src\qf\qep_hsm.cpp (C++)
"C:\qp_lab\qpcpp\src\qf\qep_hsm.cpp" 148 66 Note 925: cast from pointer to pointer [MISRA C++ Rule 5-2-8], [MISRA C++ Rule 5-2-9]

--- Module:   C:\qp_lab\qpcpp\src\qf\qep_msm.cpp (C++)
"C:\qp_lab\qpcpp\src\qf\qep_msm.cpp" 108 66 Note 925: cast from pointer to pointer [MISRA C++ Rule 5-2-8], [MISRA C++ Rule 5-2-9]

--- Module:   C:\qp_lab\qpcpp\src\qf\qf_act.cpp (C++)

--- Module:   C:\qp_lab\qpcpp\src\qf\qf_actq.cpp (C++)

--- Module:   C:\qp_lab\qpcpp\src\qf\qf_defer.cpp (C++)

--- Module:   C:\qp_lab\qpcpp\src\qf\qf_dyn.cpp (C++)

--- Module:   C:\qp_lab\qpcpp\src\qf\qf_mem.cpp (C++)

--- Module:   C:\qp_lab\qpcpp\src\qf\qf_ps.cpp (C++)

--- Module:   C:\qp_lab\qpcpp\src\qf\qf_qact.cpp (C++)

--- Module:   C:\qp_lab\qpcpp\src\qf\qf_qeq.cpp (C++)

--- Module:   C:\qp_lab\qpcpp\src\qf\qf_qmact.cpp (C++)

--- Module:   C:\qp_lab\qpcpp\src\qf\qf_time.cpp (C++)

/// Start of Pass 2 ///

--- Module:   C:\qp_lab\qpcpp\src\qf\qep_hsm.cpp (C++)

--- Module:   C:\qp_lab\qpcpp\src\qf\qep_msm.cpp (C++)

--- Module:   C:\qp_lab\qpcpp\src\qf\qf_act.cpp (C++)

--- Module:   C:\qp_lab\qpcpp\src\qf\qf_actq.cpp (C++)

--- Module:   C:\qp_lab\qpcpp\src\qf\qf_defer.cpp (C++)

--- Module:   C:\qp_lab\qpcpp\src\qf\qf_dyn.cpp (C++)

--- Module:   C:\qp_lab\qpcpp\src\qf\qf_mem.cpp (C++)

--- Module:   C:\qp_lab\qpcpp\src\qf\qf_ps.cpp (C++)

--- Module:   C:\qp_lab\qpcpp\src\qf\qf_qact.cpp (C++)

--- Module:   C:\qp_lab\qpcpp\src\qf\qf_qeq.cpp (C++)

--- Module:   C:\qp_lab\qpcpp\src\qf\qf_qmact.cpp (C++)

--- Module:   C:\qp_lab\qpcpp\src\qf\qf_time.cpp (C++)

--- Global Wrap-up

"C:\qp_lab\qpcpp\ports\lint\qv\qf_port.hpp" 199 1 Info 757: global declarator 'intEnable(void)' (line 199, file C:\qp_lab\qpcpp\ports\lint\qv\qf_port.hpp) not referenced [MISRA C++ Rule 0-1-3]
"C:\qp_lab\qpcpp\ports\lint\stdint.h" 32 1 Info 756: global typedef 'uint64_t' (line 32, file C:\qp_lab\qpcpp\ports\lint\stdint.h) not referenced [MISRA C++ Rule 0-1-5]
"C:\qp_lab\qpcpp\ports\lint\stdint.h" 27 1 Info 756: global typedef 'int64_t' (line 27, file C:\qp_lab\qpcpp\ports\lint\stdint.h) not referenced [MISRA C++ Rule 0-1-5]
"C:\qp_lab\qpcpp\ports\lint\qv\qf_port.hpp" 253 1 Warning 526: Symbol 'critEntry(void)' (line 253, file C:\qp_lab\qpcpp\ports\lint\qv\qf_port.hpp, module C:\qp_lab\qpcpp\src\qf\qep_hsm.cpp) not defined
"C:\qp_lab\qpcpp\ports\lint\qv\qf_port.hpp" 254 1 Warning 526: Symbol 'critExit(crit_stat_t)' (line 254, file C:\qp_lab\qpcpp\ports\lint\qv\qf_port.hpp, module C:\qp_lab\qpcpp\src\qf\qep_hsm.cpp) not defined
"C:\qp_lab\qpcpp\include\qv.hpp" 95 1 Warning 526: Symbol 'QV_readySet_' (line 95, file C:\qp_lab\qpcpp\include\qv.hpp, module C:\qp_lab\qpcpp\src\qf\qep_hsm.cpp) not defined
"C:\qp_lab\qpcpp\ports\lint\stdint.h" 37 1 Info 756: global typedef 'int_fast16_t' (line 37, file C:\qp_lab\qpcpp\ports\lint\stdint.h) not referenced [MISRA C++ Rule 0-1-5]
"C:\qp_lab\qpcpp\ports\lint\stdint.h" 39 1 Info 756: global typedef 'int_fast32_t' (line 39, file C:\qp_lab\qpcpp\ports\lint\stdint.h) not referenced [MISRA C++ Rule 0-1-5]
"C:\qp_lab\qpcpp\ports\lint\stdint.h" 25 1 Info 756: global typedef 'int16_t' (line 25, file C:\qp_lab\qpcpp\ports\lint\stdint.h) not referenced [MISRA C++ Rule 0-1-5]
"C:\qp_lab\qpcpp\include\qassert.h" 248 1 Warning 526: Symbol 'Q_onAssert(const char_t *, int_t)' (line 248, file C:\qp_lab\qpcpp\include\qassert.h, module C:\qp_lab\qpcpp\src\qf\qep_hsm.cpp) not defined
"C:\qp_lab\qpcpp\ports\lint\stdint.h" 26 1 Info 756: global typedef 'int32_t' (line 26, file C:\qp_lab\qpcpp\ports\lint\stdint.h) not referenced [MISRA C++ Rule 0-1-5]
"C:\qp_lab\qpcpp\ports\lint\qv\qf_port.hpp" 198 1 Info 757: global declarator 'intDisable(void)' (line 198, file C:\qp_lab\qpcpp\ports\lint\qv\qf_port.hpp) not referenced [MISRA C++ Rule 0-1-3]
"C:\qp_lab\qpcpp\include\qep.hpp" 126 1 Info 755: global macro 'QEVT_INITIALIZER' (line 126, file C:\qp_lab\qpcpp\include\qep.hpp) not referenced
"C:\qp_lab\qpcpp\include\qep.hpp" 645 1 Info 755: global macro 'QM_SM_STATE_DECL' (line 645, file C:\qp_lab\qpcpp\include\qep.hpp) not referenced
"C:\qp_lab\qpcpp\include\qep.hpp" 685 1 Info 755: global macro 'QM_SM_EXIT' (line 685, file C:\qp_lab\qpcpp\include\qep.hpp) not referenced
"C:\qp_lab\qpcpp\include\qep.hpp" 638 1 Info 755: global macro 'QM_STATE_DECL' (line 638, file C:\qp_lab\qpcpp\include\qep.hpp) not referenced
"C:\qp_lab\qpcpp\include\qep.hpp" 658 1 Info 755: global macro 'QM_STATE_DEF' (line 658, file C:\qp_lab\qpcpp\include\qep.hpp) not referenced
"C:\qp_lab\qpcpp\include\qep.hpp" 713 1 Info 755: global macro 'QM_STATE_NULL' (line 713, file C:\qp_lab\qpcpp\include\qep.hpp) not referenced
"C:\qp_lab\qpcpp\include\qep.hpp" 682 1 Info 755: global macro 'QM_SUPER' (line 682, file C:\qp_lab\qpcpp\include\qep.hpp) not referenced
"C:\qp_lab\qpcpp\include\qep.hpp" 709 1 Info 755: global macro 'QM_SUPER_SUB' (line 709, file C:\qp_lab\qpcpp\include\qep.hpp) not referenced
"C:\qp_lab\qpcpp\include\qs.hpp" 1025 1 Info 755: global macro 'QS_MEM' (line 1025, file C:\qp_lab\qpcpp\include\qs.hpp) not referenced
"C:\qp_lab\qpcpp\src\qf_pkg.hpp" 214 1 Info 755: global macro 'QS_MPS_' (line 214, file C:\qp_lab\qpcpp\src\qf_pkg.hpp) not referenced
"C:\qp_lab\qpcpp\include\qep.hpp" 689 1 Info 755: global macro 'QM_TRAN' (line 689, file C:\qp_lab\qpcpp\include\qep.hpp) not referenced
"C:\qp_lab\qpcpp\include\qep.hpp" 698 1 Info 755: global macro 'QM_TRAN_HIST' (line 698, file C:\qp_lab\qpcpp\include\qep.hpp) not referenced
"C:\qp_lab\qpcpp\include\qep.hpp" 702 1 Info 755: global macro 'QM_TRAN_EP' (line 702, file C:\qp_lab\qpcpp\include\qep.hpp) not referenced
"C:\qp_lab\qpcpp\include\qep.hpp" 693 1 Info 755: global macro 'QM_TRAN_INIT' (line 693, file C:\qp_lab\qpcpp\include\qep.hpp) not referenced
"C:\qp_lab\qpcpp\include\qep.hpp" 706 1 Info 755: global macro 'QM_TRAN_XP' (line 706, file C:\qp_lab\qpcpp\include\qep.hpp) not referenced
"C:\qp_lab\qpcpp\include\qep.hpp" 668 1 Info 755: global macro 'QM_ENTRY' (line 668, file C:\qp_lab\qpcpp\include\qep.hpp) not referenced
"C:\qp_lab\qpcpp\include\qep.hpp" 671 1 Info 755: global macro 'QM_EXIT' (line 671, file C:\qp_lab\qpcpp\include\qep.hpp) not referenced
"C:\qp_lab\qpcpp\include\qep.hpp" 678 1 Info 755: global macro 'QM_UNHANDLED' (line 678, file C:\qp_lab\qpcpp\include\qep.hpp) not referenced
"C:\qp_lab\qpcpp\include\qep.hpp" 54 1 Info 755: global macro 'QP_RELEASE' (line 54, file C:\qp_lab\qpcpp\include\qep.hpp) not referenced
"C:\qp_lab\qpcpp\include\qs.hpp" 1036 1 Info 755: global macro 'QS_OBJ' (line 1036, file C:\qp_lab\qpcpp\include\qs.hpp) not referenced
"C:\qp_lab\qpcpp\include\qs.hpp" 1148 1 Info 755: global macro 'QS_OBJ_DICTIONARY' (line 1148, file C:\qp_lab\qpcpp\include\qs.hpp) not referenced
"C:\qp_lab\qpcpp\include\qs.hpp" 1237 1 Info 755: global macro 'QS_OUTPUT' (line 1237, file C:\qp_lab\qpcpp\include\qs.hpp) not referenced
"C:\qp_lab\qpcpp\include\qf.hpp" 849 1 Info 755: global macro 'PUBLISH' (line 849, file C:\qp_lab\qpcpp\include\qf.hpp) not referenced
"C:\qp_lab\qpcpp\include\qmpool.hpp" 173 1 Info 755: global macro 'QF_MPOOL_EL' (line 173, file C:\qp_lab\qpcpp\include\qmpool.hpp) not referenced
"C:\qp_lab\qpcpp\include\qassert.h" 281 1 Info 755: global macro 'Q_ENSURE' (line 281, file C:\qp_lab\qpcpp\include\qassert.h) not referenced
"C:\qp_lab\qpcpp\include\qf.hpp" 727 1 Info 755: global macro 'Q_NEW' (line 727, file C:\qp_lab\qpcpp\include\qf.hpp) not referenced
"C:\qp_lab\qpcpp\include\qf.hpp" 755 1 Info 755: global macro 'Q_NEW_X' (line 755, file C:\qp_lab\qpcpp\include\qf.hpp) not referenced
"C:\qp_lab\qpcpp\include\qf.hpp" 778 1 Info 755: global macro 'Q_NEW_REF' (line 778, file C:\qp_lab\qpcpp\include\qf.hpp) not referenced
"C:\qp_lab\qpcpp\include\qep.hpp" 593 1 Info 755: global macro 'Q_UNHANDLED' (line 593, file C:\qp_lab\qpcpp\include\qep.hpp) not referenced
"C:\qp_lab\qpcpp\include\qs.hpp" 1188 1 Info 755: global macro 'QS_ASSERTION' (line 1188, file C:\qp_lab\qpcpp\include\qs.hpp) not referenced
"C:\qp_lab\qpcpp\include\qep.hpp" 627 1 Info 755: global macro 'Q_ACTION_NULL' (line 627, file C:\qp_lab\qpcpp\include\qep.hpp) not referenced
"C:\qp_lab\qpcpp\include\qassert.h" 137 1 Info 755: global macro 'Q_ASSERT' (line 137, file C:\qp_lab\qpcpp\include\qassert.h) not referenced
"C:\qp_lab\qpcpp\include\qassert.h" 328 1 Info 755: global macro 'Q_ASSERT_COMPILE' (line 328, file C:\qp_lab\qpcpp\include\qassert.h) not referenced
"C:\qp_lab\qpcpp\include\qassert.h" 326 1 Info 755: global macro 'Q_ASSERT_STATIC' (line 326, file C:\qp_lab\qpcpp\include\qassert.h) not referenced
"C:\qp_lab\qpcpp\include\qep.hpp" 674 1 Info 755: global macro 'QM_HANDLED' (line 674, file C:\qp_lab\qpcpp\include\qep.hpp) not referenced
"C:\qp_lab\qpcpp\include\qs.hpp" 846 1 Info 755: global macro 'QS_BEGIN' (line 846, file C:\qp_lab\qpcpp\include\qs.hpp) not referenced
"C:\qp_lab\qpcpp\include\qs.hpp" 762 1 Info 755: global macro 'QS_BEGIN_NOCRIT' (line 762, file C:\qp_lab\qpcpp\include\qs.hpp) not referenced
"C:\qp_lab\qpcpp\include\qs.hpp" 1241 1 Info 755: global macro 'QS_RX_INPUT' (line 1241, file C:\qp_lab\qpcpp\include\qs.hpp) not referenced
"C:\qp_lab\qpcpp\include\qf.hpp" 908 1 Info 755: global macro 'POST_X' (line 908, file C:\qp_lab\qpcpp\include\qf.hpp) not referenced
"C:\qp_lab\qpcpp\include\qs.hpp" 1073 1 Info 755: global macro 'QS_SIG' (line 1073, file C:\qp_lab\qpcpp\include\qs.hpp) not referenced
"C:\qp_lab\qpcpp\include\qs.hpp" 923 1 Info 755: global macro 'QS_STR_' (line 923, file C:\qp_lab\qpcpp\include\qs.hpp) not referenced
"C:\qp_lab\qpcpp\include\qs.hpp" 1022 1 Info 755: global macro 'QS_STR' (line 1022, file C:\qp_lab\qpcpp\include\qs.hpp) not referenced
"C:\qp_lab\qpcpp\include\qs.hpp" 1131 1 Info 755: global macro 'QS_SIG_DICTIONARY' (line 1131, file C:\qp_lab\qpcpp\include\qs.hpp) not referenced
"C:\qp_lab\qpcpp\include\qep.hpp" 598 1 Info 755: global macro 'Q_TRAN' (line 598, file C:\qp_lab\qpcpp\include\qep.hpp) not referenced
"C:\qp_lab\qpcpp\include\qep.hpp" 603 1 Info 755: global macro 'Q_TRAN_HIST' (line 603, file C:\qp_lab\qpcpp\include\qep.hpp) not referenced
"C:\qp_lab\qpcpp\include\qs.hpp" 1233 1 Info 755: global macro 'QF_QS_ACTION' (line 1233, file C:\qp_lab\qpcpp\include\qs.hpp) not referenced
"C:\qp_lab\qpcpp\include\qs.hpp" 1204 1 Info 755: global macro 'QF_QS_CRIT_ENTRY' (line 1204, file C:\qp_lab\qpcpp\include\qs.hpp) not referenced
"C:\qp_lab\qpcpp\include\qs.hpp" 1212 1 Info 755: global macro 'QF_QS_CRIT_EXIT' (line 1212, file C:\qp_lab\qpcpp\include\qs.hpp) not referenced
"C:\qp_lab\qpcpp\include\qs.hpp" 1221 1 Info 755: global macro 'QF_QS_ISR_ENTRY' (line 1221, file C:\qp_lab\qpcpp\include\qs.hpp) not referenced
"C:\qp_lab\qpcpp\include\qs.hpp" 1230 1 Info 755: global macro 'QF_QS_ISR_EXIT' (line 1230, file C:\qp_lab\qpcpp\include\qs.hpp) not referenced
"C:\qp_lab\qpcpp\include\qs.hpp" 1271 1 Info 755: global macro 'QS_TEST_PROBE' (line 1271, file C:\qp_lab\qpcpp\include\qs.hpp) not referenced
"C:\qp_lab\qpcpp\include\qs.hpp" 1273 1 Info 755: global macro 'QS_TEST_PAUSE' (line 1273, file C:\qp_lab\qpcpp\include\qs.hpp) not referenced
"C:\qp_lab\qpcpp\include\qassert.h" 196 1 Info 755: global macro 'Q_ERROR' (line 196, file C:\qp_lab\qpcpp\include\qassert.h) not referenced
"C:\qp_lab\qpcpp\include\qassert.h" 302 1 Info 755: global macro 'Q_INVARIANT' (line 302, file C:\qp_lab\qpcpp\include\qassert.h) not referenced
"C:\qp_lab\qpcpp\include\qassert.h" 313 1 Info 755: global macro 'Q_INVARIANT_ID' (line 313, file C:\qp_lab\qpcpp\include\qassert.h) not referenced
"C:\qp_lab\qpcpp\include\qassert.h" 262 1 Info 755: global macro 'Q_REQUIRE' (line 262, file C:\qp_lab\qpcpp\include\qassert.h) not referenced
"C:\qp_lab\qpcpp\include\qep.hpp" 579 1 Info 755: global macro 'Q_STATE_DECL' (line 579, file C:\qp_lab\qpcpp\include\qep.hpp) not referenced
"C:\qp_lab\qpcpp\include\qep.hpp" 586 1 Info 755: global macro 'Q_STATE_DEF' (line 586, file C:\qp_lab\qpcpp\include\qep.hpp) not referenced
"C:\qp_lab\qpcpp\include\qep.hpp" 608 1 Info 755: global macro 'Q_SUPER' (line 608, file C:\qp_lab\qpcpp\include\qep.hpp) not referenced
"C:\qp_lab\qpcpp\include\qs.hpp" 852 1 Info 755: global macro 'QS_END' (line 852, file C:\qp_lab\qpcpp\include\qs.hpp) not referenced
"C:\qp_lab\qpcpp\include\qs.hpp" 766 1 Info 755: global macro 'QS_END_NOCRIT' (line 766, file C:\qp_lab\qpcpp\include\qs.hpp) not referenced
"C:\qp_lab\qpcpp\include\qs.hpp" 600 1 Info 755: global macro 'QS_EXIT' (line 600, file C:\qp_lab\qpcpp\include\qs.hpp) not referenced
"C:\qp_lab\qpcpp\include\qs.hpp" 984 1 Info 755: global macro 'QS_U16' (line 984, file C:\qp_lab\qpcpp\include\qs.hpp) not referenced
"C:\qp_lab\qpcpp\include\qs.hpp" 916 1 Info 755: global macro 'QS_U16_' (line 916, file C:\qp_lab\qpcpp\include\qs.hpp) not referenced
"C:\qp_lab\qpcpp\include\qs.hpp" 994 1 Info 755: global macro 'QS_U32' (line 994, file C:\qp_lab\qpcpp\include\qs.hpp) not referenced
"C:\qp_lab\qpcpp\include\qs.hpp" 919 1 Info 755: global macro 'QS_U32_' (line 919, file C:\qp_lab\qpcpp\include\qs.hpp) not referenced
"C:\qp_lab\qpcpp\include\qs.hpp" 974 1 Info 755: global macro 'QS_U8' (line 974, file C:\qp_lab\qpcpp\include\qs.hpp) not referenced
"C:\qp_lab\qpcpp\include\qs.hpp" 1014 1 Info 755: global macro 'QS_U64' (line 1014, file C:\qp_lab\qpcpp\include\qs.hpp) not referenced
"C:\qp_lab\qpcpp\include\qs.hpp" 1019 1 Info 755: global macro 'QS_U32_HEX' (line 1019, file C:\qp_lab\qpcpp\include\qs.hpp) not referenced
"C:\qp_lab\qpcpp\include\qs.hpp" 1173 1 Info 755: global macro 'QS_USR_DICTIONARY' (line 1173, file C:\qp_lab\qpcpp\include\qs.hpp) not referenced
"C:\qp_lab\qpcpp\ports\lint\qv\qf_port.hpp" 250 1 Info 755: global macro 'QF_CPU_SLEEP' (line 250, file C:\qp_lab\qpcpp\ports\lint\qv\qf_port.hpp) not referenced
"C:\qp_lab\qpcpp\include\qep.hpp" 589 1 Info 755: global macro 'Q_HANDLED' (line 589, file C:\qp_lab\qpcpp\include\qep.hpp) not referenced
"C:\qp_lab\qpcpp\include\qs.hpp" 620 1 Info 755: global macro 'QS_FILTER_OFF' (line 620, file C:\qp_lab\qpcpp\include\qs.hpp) not referenced
"C:\qp_lab\qpcpp\include\qs.hpp" 999 1 Info 755: global macro 'QS_F32' (line 999, file C:\qp_lab\qpcpp\include\qs.hpp) not referenced
"C:\qp_lab\qpcpp\include\qs.hpp" 1004 1 Info 755: global macro 'QS_F64' (line 1004, file C:\qp_lab\qpcpp\include\qs.hpp) not referenced
"C:\qp_lab\qpcpp\include\qs.hpp" 667 1 Info 755: global macro 'QS_FILTER_AO_OBJ' (line 667, file C:\qp_lab\qpcpp\include\qs.hpp) not referenced
"C:\qp_lab\qpcpp\include\qs.hpp" 686 1 Info 755: global macro 'QS_FILTER_MP_OBJ' (line 686, file C:\qp_lab\qpcpp\include\qs.hpp) not referenced
"C:\qp_lab\qpcpp\include\qs.hpp" 705 1 Info 755: global macro 'QS_FILTER_EQ_OBJ' (line 705, file C:\qp_lab\qpcpp\include\qs.hpp) not referenced
"C:\qp_lab\qpcpp\include\qs.hpp" 741 1 Info 755: global macro 'QS_FILTER_AP_OBJ' (line 741, file C:\qp_lab\qpcpp\include\qs.hpp) not referenced
"C:\qp_lab\qpcpp\include\qs.hpp" 611 1 Info 755: global macro 'QS_FILTER_ON' (line 611, file C:\qp_lab\qpcpp\include\qs.hpp) not referenced
"C:\qp_lab\qpcpp\include\qs.hpp" 646 1 Info 755: global macro 'QS_FILTER_SM_OBJ' (line 646, file C:\qp_lab\qpcpp\include\qs.hpp) not referenced
"C:\qp_lab\qpcpp\include\qs.hpp" 725 1 Info 755: global macro 'QS_FILTER_TE_OBJ' (line 725, file C:\qp_lab\qpcpp\include\qs.hpp) not referenced
"C:\qp_lab\qpcpp\include\qs.hpp" 1055 1 Info 755: global macro 'QS_FUN' (line 1055, file C:\qp_lab\qpcpp\include\qs.hpp) not referenced
"C:\qp_lab\qpcpp\include\qs.hpp" 1196 1 Info 755: global macro 'QS_FLUSH' (line 1196, file C:\qp_lab\qpcpp\include\qs.hpp) not referenced
"C:\qp_lab\qpcpp\include\qs.hpp" 1164 1 Info 755: global macro 'QS_FUN_DICTIONARY' (line 1164, file C:\qp_lab\qpcpp\include\qs.hpp) not referenced
"C:\qp_lab\qpcpp\include\qf.hpp" 797 1 Info 755: global macro 'Q_DELETE_REF' (line 797, file C:\qp_lab\qpcpp\include\qf.hpp) not referenced
"C:\qp_lab\qpcpp\include\qassert.h" 105 1 Info 755: global macro 'Q_DEFINE_THIS_FILE' (line 105, file C:\qp_lab\qpcpp\include\qassert.h) not referenced
"C:\qp_lab\qpcpp\include\qep.hpp" 109 1 Info 755: global macro 'Q_EVT_CAST' (line 109, file C:\qp_lab\qpcpp\include\qep.hpp) not referenced
"C:\qp_lab\qpcpp\include\qf.hpp" 921 1 Info 755: global macro 'TICK' (line 921, file C:\qp_lab\qpcpp\include\qf.hpp) not referenced
"C:\qp_lab\qpcpp\include\qs.hpp" 593 1 Info 755: global macro 'QS_INIT' (line 593, file C:\qp_lab\qpcpp\include\qs.hpp) not referenced
"C:\qp_lab\qpcpp\include\qs.hpp" 969 1 Info 755: global macro 'QS_I8' (line 969, file C:\qp_lab\qpcpp\include\qs.hpp) not referenced
"C:\qp_lab\qpcpp\include\qs.hpp" 979 1 Info 755: global macro 'QS_I16' (line 979, file C:\qp_lab\qpcpp\include\qs.hpp) not referenced
"C:\qp_lab\qpcpp\include\qs.hpp" 989 1 Info 755: global macro 'QS_I32' (line 989, file C:\qp_lab\qpcpp\include\qs.hpp) not referenced
"C:\qp_lab\qpcpp\include\qs.hpp" 1009 1 Info 755: global macro 'QS_I64' (line 1009, file C:\qp_lab\qpcpp\include\qs.hpp) not referenced
"C:\qp_lab\qpcpp\include\qassert.h" 171 1 Info 755: global macro 'Q_ALLEGE' (line 171, file C:\qp_lab\qpcpp\include\qassert.h) not referenced
"C:\qp_lab\qpcpp\include\qassert.h" 186 1 Info 755: global macro 'Q_ALLEGE_ID' (line 186, file C:\qp_lab\qpcpp\include\qassert.h) not referenced
"C:\qp_lab\qpcpp\include\qep.hpp" 118 1 Info 755: global macro 'Q_UINT2PTR_CAST' (line 118, file C:\qp_lab\qpcpp\include\qep.hpp) not referenced
"C:\qp_lab\qpcpp\include\qep.hpp" 651 1 Info 755: global macro 'QM_ACTION_DECL' (line 651, file C:\qp_lab\qpcpp\include\qep.hpp) not referenced
"C:\qp_lab\qpcpp\include\qep.hpp" 665 1 Info 755: global macro 'QM_ACTION_DEF' (line 665, file C:\qp_lab\qpcpp\include\qep.hpp) not referenced
"C:\qp_lab\qpcpp\ports\lint\qv\qf_port.hpp" 186 1 Info 755: global macro 'QF_INT_DISABLE' (line 186, file C:\qp_lab\qpcpp\ports\lint\qv\qf_port.hpp) not referenced
"C:\qp_lab\qpcpp\ports\lint\qv\qf_port.hpp" 196 1 Info 755: global macro 'QF_INT_ENABLE' (line 196, file C:\qp_lab\qpcpp\ports\lint\qv\qf_port.hpp) not referenced
"C:\qp_lab\qpcpp\include\qs.hpp" 213 1 Info 758: global enum 'QP::QSpyRecordGroups' (line 213, file C:\qp_lab\qpcpp\include\qs.hpp) not referenced [MISRA C++ Rule 0-1-5]
"C:\qp_lab\qpcpp\include\qs.hpp" 231 1 Info 758: global enum 'QP::QSpyUserRecords' (line 231, file C:\qp_lab\qpcpp\include\qs.hpp) not referenced [MISRA C++ Rule 0-1-5]
"C:\qp_lab\qpcpp\include\qs.hpp" 444 1 Info 758: global enum 'QP::QS::QSType' (line 444, file C:\qp_lab\qpcpp\include\qs.hpp) not referenced [MISRA C++ Rule 0-1-5]
"C:\qp_lab\qpcpp\include\qs.hpp" 474 1 Info 758: global enum 'QP::QS::OSpyObjCombnation' (line 474, file C:\qp_lab\qpcpp\include\qs.hpp) not referenced [MISRA C++ Rule 0-1-5]
"C:\qp_lab\qpcpp\include\qs.hpp" 521 1 Info 758: global enum 'QP::QSpyRxRecords' (line 521, file C:\qp_lab\qpcpp\include\qs.hpp) not referenced [MISRA C++ Rule 0-1-5]
"C:\qp_lab\qpcpp\include\qep.hpp" 275 1 Info 1716: Virtual member function 'QP::QHsm::init(void)' (line 275, file C:\qp_lab\qpcpp\include\qep.hpp) not referenced [MISRA C++ Rule 0-1-10]
"C:\qp_lab\qpcpp\src\qf\qep_hsm.cpp" 238 1 Info 1716: Virtual member function 'QP::QHsm::dispatch(const struct QP::QEvt *)' (line 238, file C:\qp_lab\qpcpp\src\qf\qep_hsm.cpp) not referenced [MISRA C++ Rule 0-1-10]
"C:\qp_lab\qpcpp\src\qf\qep_hsm.cpp" 551 1 Info 1714: Member function 'QP::QHsm::isIn(QP::QStateHandler)' (line 551, file C:\qp_lab\qpcpp\src\qf\qep_hsm.cpp) not referenced [MISRA C++ Rule 0-1-10]
"C:\qp_lab\qpcpp\include\qep.hpp" 292 1 Info 1714: Member function 'QP::QHsm::state(void) const' (line 292, file C:\qp_lab\qpcpp\include\qep.hpp) not referenced [MISRA C++ Rule 0-1-10]
"C:\qp_lab\qpcpp\src\qf\qep_hsm.cpp" 594 1 Info 1714: Member function 'QP::QHsm::childState(QP::QStateHandler)' (line 594, file C:\qp_lab\qpcpp\src\qf\qep_hsm.cpp) not referenced [MISRA C++ Rule 0-1-10]
"C:\qp_lab\qpcpp\include\qep.hpp" 346 1 Info 1714: Member function 'QP::QHsm::tran(QP::QStateHandler)' (line 346, file C:\qp_lab\qpcpp\include\qep.hpp) not referenced [MISRA C++ Rule 0-1-10]
"C:\qp_lab\qpcpp\include\qep.hpp" 352 1 Info 1714: Member function 'QP::QHsm::tran_hist(QP::QStateHandler)' (line 352, file C:\qp_lab\qpcpp\include\qep.hpp) not referenced [MISRA C++ Rule 0-1-10]
"C:\qp_lab\qpcpp\include\qep.hpp" 358 1 Info 1714: Member function 'QP::QHsm::super(QP::QStateHandler)' (line 358, file C:\qp_lab\qpcpp\include\qep.hpp) not referenced [MISRA C++ Rule 0-1-10]
"C:\qp_lab\qpcpp\include\qep.hpp" 372 1 Info 1714: Member function 'QP::QHsm::qm_tran(const void *)' (line 372, file C:\qp_lab\qpcpp\include\qep.hpp) not referenced [MISRA C++ Rule 0-1-10]
"C:\qp_lab\qpcpp\include\qep.hpp" 379 1 Info 1714: Member function 'QP::QHsm::qm_tran_hist(const struct QP::QMState *, const void *)' (line 379, file C:\qp_lab\qpcpp\include\qep.hpp) not referenced [MISRA C++ Rule 0-1-10]
"C:\qp_lab\qpcpp\include\qep.hpp" 389 1 Info 1714: Member function 'QP::QHsm::qm_tran_init(const void *)' (line 389, file C:\qp_lab\qpcpp\include\qep.hpp) not referenced [MISRA C++ Rule 0-1-10]
"C:\qp_lab\qpcpp\include\qep.hpp" 396 1 Info 1714: Member function 'QP::QHsm::qm_tran_ep(const void *)' (line 396, file C:\qp_lab\qpcpp\include\qep.hpp) not referenced [MISRA C++ Rule 0-1-10]
"C:\qp_lab\qpcpp\include\qep.hpp" 403 1 Info 1714: Member function 'QP::QHsm::qm_tran_xp(QP::QActionHandler, const void *)' (line 403, file C:\qp_lab\qpcpp\include\qep.hpp) not referenced [MISRA C++ Rule 0-1-10]
"C:\qp_lab\qpcpp\include\qep.hpp" 413 1 Info 1714: Member function 'QP::QHsm::qm_entry(const struct QP::QMState *)' (line 413, file C:\qp_lab\qpcpp\include\qep.hpp) not referenced [MISRA C++ Rule 0-1-10]
"C:\qp_lab\qpcpp\include\qep.hpp" 419 1 Info 1714: Member function 'QP::QHsm::qm_exit(const struct QP::QMState *)' (line 419, file C:\qp_lab\qpcpp\include\qep.hpp) not referenced [MISRA C++ Rule 0-1-10]
"C:\qp_lab\qpcpp\include\qep.hpp" 436 1 Info 1714: Member function 'QP::QHsm::qm_sm_exit(const struct QP::QMState *)' (line 436, file C:\qp_lab\qpcpp\include\qep.hpp) not referenced [MISRA C++ Rule 0-1-10]
"C:\qp_lab\qpcpp\include\qep.hpp" 443 1 Info 1714: Member function 'QP::QHsm::qm_super_sub(const struct QP::QMState *)' (line 443, file C:\qp_lab\qpcpp\include\qep.hpp) not referenced [MISRA C++ Rule 0-1-10]
"C:\qp_lab\qpcpp\include\qep.hpp" 502 1 Info 1714: Member function 'QP::QMsm::stateObj(void) const' (line 502, file C:\qp_lab\qpcpp\include\qep.hpp) not referenced [MISRA C++ Rule 0-1-10]
"C:\qp_lab\qpcpp\src\qf\qep_msm.cpp" 82 1 Info 1714: Member function 'QP::QMsm::QMsm(QP::QStateHandler)' (line 82, file C:\qp_lab\qpcpp\src\qf\qep_msm.cpp) not referenced [MISRA C++ Rule 0-1-10]
"C:\qp_lab\qpcpp\include\qep.hpp" 562 1 Info 1714: Member function 'QP::QEP::getVersion(void)' (line 562, file C:\qp_lab\qpcpp\include\qep.hpp) not referenced [MISRA C++ Rule 0-1-10]
"C:\qp_lab\qpcpp\src\qf\qf_qeq.cpp" 83 1 Info 1714: Member function 'QP::QEQueue::init(const struct QP::QEvt **, uint_fast16_t)' (line 83, file C:\qp_lab\qpcpp\src\qf\qf_qeq.cpp) not referenced [MISRA C++ Rule 0-1-10]
"C:\qp_lab\qpcpp\src\qf\qf_qeq.cpp" 213 1 Info 1714: Member function 'QP::QEQueue::postLIFO(const struct QP::QEvt *)' (line 213, file C:\qp_lab\qpcpp\src\qf\qf_qeq.cpp) not referenced [MISRA C++ Rule 0-1-10]
"C:\qp_lab\qpcpp\include\qequeue.hpp" 223 1 Info 1714: Member function 'QP::QEQueue::getNFree(void) const' (line 223, file C:\qp_lab\qpcpp\include\qequeue.hpp) not referenced [MISRA C++ Rule 0-1-10]
"C:\qp_lab\qpcpp\include\qequeue.hpp" 238 1 Info 1714: Member function 'QP::QEQueue::getNMin(void) const' (line 238, file C:\qp_lab\qpcpp\include\qequeue.hpp) not referenced [MISRA C++ Rule 0-1-10]
"C:\qp_lab\qpcpp\include\qequeue.hpp" 252 1 Info 1714: Member function 'QP::QEQueue::isEmpty(void) const' (line 252, file C:\qp_lab\qpcpp\include\qequeue.hpp) not referenced [MISRA C++ Rule 0-1-10]
"C:\qp_lab\qpcpp\include\qpset.hpp" 76 1 Info 1714: Member function 'QP::QPSet::setEmpty(void)' (line 76, file C:\qp_lab\qpcpp\include\qpset.hpp) not referenced [MISRA C++ Rule 0-1-10]
"C:\qp_lab\qpcpp\include\qpset.hpp" 81 1 Info 1714: Member function 'QP::QPSet::isEmpty(void) const' (line 81, file C:\qp_lab\qpcpp\include\qpset.hpp) not referenced [MISRA C++ Rule 0-1-10]
"C:\qp_lab\qpcpp\include\qv.hpp" 74 1 Info 1714: Member function 'QP::QV::getVersion(void)' (line 74, file C:\qp_lab\qpcpp\include\qv.hpp) not referenced [MISRA C++ Rule 0-1-10]
"C:\qp_lab\qpcpp\include\qv.hpp" 88 1 Info 1714: Member function 'QP::QV::onIdle(void)' (line 88, file C:\qp_lab\qpcpp\include\qv.hpp) not referenced [MISRA C++ Rule 0-1-10]
"C:\qp_lab\qpcpp\include\qv.hpp" 88 1 Warning 1526: Member function 'QP::QV::onIdle(void)' (line 88, file C:\qp_lab\qpcpp\include\qv.hpp) not defined
"C:\qp_lab\qpcpp\include\qf.hpp" 194 1 Warning 1526: Member function 'QP::QActive::start(uint_fast8_t, const struct QP::QEvt **, uint_fast16_t, void *, uint_fast16_t, const void *)' (line 194, file C:\qp_lab\qpcpp\include\qf.hpp) not defined
"C:\qp_lab\qpcpp\include\qf.hpp" 200 1 Info 1716: Virtual member function 'QP::QActive::start(uint_fast8_t, const struct QP::QEvt **, uint_fast16_t, void *, uint_fast16_t)' (line 200, file C:\qp_lab\qpcpp\include\qf.hpp) not referenced [MISRA C++ Rule 0-1-10]
"C:\qp_lab\qpcpp\src\qf\qf_ps.cpp" 293 1 Info 1714: Member function 'QP::QActive::unsubscribeAll(void) const' (line 293, file C:\qp_lab\qpcpp\src\qf\qf_ps.cpp) not referenced [MISRA C++ Rule 0-1-10]
"C:\qp_lab\qpcpp\src\qf\qf_ps.cpp" 200 1 Info 1714: Member function 'QP::QActive::subscribe(enum_t) const' (line 200, file C:\qp_lab\qpcpp\src\qf\qf_ps.cpp) not referenced [MISRA C++ Rule 0-1-10]
"C:\qp_lab\qpcpp\src\qf\qf_ps.cpp" 246 1 Info 1714: Member function 'QP::QActive::unsubscribe(enum_t) const' (line 246, file C:\qp_lab\qpcpp\src\qf\qf_ps.cpp) not referenced [MISRA C++ Rule 0-1-10]
"C:\qp_lab\qpcpp\src\qf\qf_defer.cpp" 76 1 Info 1714: Member function 'QP::QActive::defer(QP::QEQueue *, const struct QP::QEvt *) const' (line 76, file C:\qp_lab\qpcpp\src\qf\qf_defer.cpp) not referenced [MISRA C++ Rule 0-1-10]
"C:\qp_lab\qpcpp\src\qf\qf_defer.cpp" 112 1 Info 1714: Member function 'QP::QActive::recall(QP::QEQueue *)' (line 112, file C:\qp_lab\qpcpp\src\qf\qf_defer.cpp) not referenced [MISRA C++ Rule 0-1-10]
"C:\qp_lab\qpcpp\src\qf\qf_defer.cpp" 179 1 Info 1714: Member function 'QP::QActive::flushDeferred(QP::QEQueue *) const' (line 179, file C:\qp_lab\qpcpp\src\qf\qf_defer.cpp) not referenced [MISRA C++ Rule 0-1-10]
"C:\qp_lab\qpcpp\include\qf.hpp" 246 1 Info 1714: Member function 'QP::QActive::getPrio(void) const' (line 246, file C:\qp_lab\qpcpp\include\qf.hpp) not referenced [MISRA C++ Rule 0-1-10]
"C:\qp_lab\qpcpp\include\qf.hpp" 251 1 Info 1714: Member function 'QP::QActive::setPrio(uint_fast8_t)' (line 251, file C:\qp_lab\qpcpp\include\qf.hpp) not referenced [MISRA C++ Rule 0-1-10]
"C:\qp_lab\qpcpp\include\qf.hpp" 256 1 Info 1714: Member function 'QP::QActive::setAttr(uint32_t, const void *)' (line 256, file C:\qp_lab\qpcpp\include\qf.hpp) not referenced [MISRA C++ Rule 0-1-10]
"C:\qp_lab\qpcpp\include\qf.hpp" 256 1 Warning 1526: Member function 'QP::QActive::setAttr(uint32_t, const void *)' (line 256, file C:\qp_lab\qpcpp\include\qf.hpp) not defined
"C:\qp_lab\qpcpp\src\qf\qf_actq.cpp" 314 1 Info 1714: Member function 'QP::QActive::get_(void)' (line 314, file C:\qp_lab\qpcpp\src\qf\qf_actq.cpp) not referenced [MISRA C++ Rule 0-1-10]
"C:\qp_lab\qpcpp\src\qf\qf_qmact.cpp" 70 1 Info 1716: Virtual member function 'QP::QMActive::init(void)' (line 70, file C:\qp_lab\qpcpp\src\qf\qf_qmact.cpp) not referenced [MISRA C++ Rule 0-1-10]
"C:\qp_lab\qpcpp\src\qf\qf_qmact.cpp" 74 1 Info 1716: Virtual member function 'QP::QMActive::dispatch(const struct QP::QEvt *)' (line 74, file C:\qp_lab\qpcpp\src\qf\qf_qmact.cpp) not referenced [MISRA C++ Rule 0-1-10]
"C:\qp_lab\qpcpp\src\qf\qf_qmact.cpp" 78 1 Info 1714: Member function 'QP::QMActive::isInState(const struct QP::QMState *) const' (line 78, file C:\qp_lab\qpcpp\src\qf\qf_qmact.cpp) not referenced [MISRA C++ Rule 0-1-10]
"C:\qp_lab\qpcpp\include\qf.hpp" 336 1 Info 1714: Member function 'QP::QMActive::stateObj(void) const' (line 336, file C:\qp_lab\qpcpp\include\qf.hpp) not referenced [MISRA C++ Rule 0-1-10]
"C:\qp_lab\qpcpp\src\qf\qf_qmact.cpp" 82 1 Info 1714: Member function 'QP::QMActive::childStateObj(const struct QP::QMState *) const' (line 82, file C:\qp_lab\qpcpp\src\qf\qf_qmact.cpp) not referenced [MISRA C++ Rule 0-1-10]
"C:\qp_lab\qpcpp\src\qf\qf_qmact.cpp" 58 1 Info 1714: Member function 'QP::QMActive::QMActive(QP::QStateHandler)' (line 58, file C:\qp_lab\qpcpp\src\qf\qf_qmact.cpp) not referenced [MISRA C++ Rule 0-1-10]
"C:\qp_lab\qpcpp\src\qf\qf_time.cpp" 229 1 Info 1714: Member function 'QP::QTimeEvt::QTimeEvt(QP::QActive *, enum_t, uint_fast8_t)' (line 229, file C:\qp_lab\qpcpp\src\qf\qf_time.cpp) not referenced [MISRA C++ Rule 0-1-10]
"C:\qp_lab\qpcpp\src\qf\qf_time.cpp" 317 1 Info 1714: Member function 'QP::QTimeEvt::armX(QP::QTimeEvtCtr, QP::QTimeEvtCtr)' (line 317, file C:\qp_lab\qpcpp\src\qf\qf_time.cpp) not referenced [MISRA C++ Rule 0-1-10]
"C:\qp_lab\qpcpp\src\qf\qf_time.cpp" 389 1 Info 1714: Member function 'QP::QTimeEvt::disarm(void)' (line 389, file C:\qp_lab\qpcpp\src\qf\qf_time.cpp) not referenced [MISRA C++ Rule 0-1-10]
"C:\qp_lab\qpcpp\src\qf\qf_time.cpp" 449 1 Info 1714: Member function 'QP::QTimeEvt::rearm(QP::QTimeEvtCtr)' (line 449, file C:\qp_lab\qpcpp\src\qf\qf_time.cpp) not referenced [MISRA C++ Rule 0-1-10]
"C:\qp_lab\qpcpp\src\qf\qf_time.cpp" 533 1 Info 1714: Member function 'QP::QTimeEvt::wasDisarmed(void)' (line 533, file C:\qp_lab\qpcpp\src\qf\qf_time.cpp) not referenced [MISRA C++ Rule 0-1-10]
"C:\qp_lab\qpcpp\src\qf\qf_time.cpp" 552 1 Info 1714: Member function 'QP::QTimeEvt::currCtr(void) const' (line 552, file C:\qp_lab\qpcpp\src\qf\qf_time.cpp) not referenced [MISRA C++ Rule 0-1-10]
"C:\qp_lab\qpcpp\include\qf.hpp" 522 1 Info 1714: Member function 'QP::QF::getVersion(void)' (line 522, file C:\qp_lab\qpcpp\include\qf.hpp) not referenced [MISRA C++ Rule 0-1-10]
"C:\qp_lab\qpcpp\include\qf.hpp" 527 1 Info 1714: Member function 'QP::QF::init(void)' (line 527, file C:\qp_lab\qpcpp\include\qf.hpp) not referenced [MISRA C++ Rule 0-1-10]
"C:\qp_lab\qpcpp\include\qf.hpp" 527 1 Warning 1526: Member function 'QP::QF::init(void)' (line 527, file C:\qp_lab\qpcpp\include\qf.hpp) not defined
"C:\qp_lab\qpcpp\src\qf\qf_ps.cpp" 88 1 Info 1714: Member function 'QP::QF::psInit(QP::QSubscrList *, enum_t)' (line 88, file C:\qp_lab\qpcpp\src\qf\qf_ps.cpp) not referenced [MISRA C++ Rule 0-1-10]
"C:\qp_lab\qpcpp\src\qf\qf_dyn.cpp" 83 1 Info 1714: Member function 'QP::QF::poolInit(void *, uint_fast32_t, uint_fast16_t)' (line 83, file C:\qp_lab\qpcpp\src\qf\qf_dyn.cpp) not referenced [MISRA C++ Rule 0-1-10]
"C:\qp_lab\qpcpp\src\qf\qf_dyn.cpp" 315 1 Info 1714: Member function 'QP::QF::poolGetMaxBlockSize(void)' (line 315, file C:\qp_lab\qpcpp\src\qf\qf_dyn.cpp) not referenced [MISRA C++ Rule 0-1-10]
"C:\qp_lab\qpcpp\include\qf.hpp" 542 1 Info 1714: Member function 'QP::QF::run(void)' (line 542, file C:\qp_lab\qpcpp\include\qf.hpp) not referenced [MISRA C++ Rule 0-1-10]
"C:\qp_lab\qpcpp\include\qf.hpp" 542 1 Warning 1526: Member function 'QP::QF::run(void)' (line 542, file C:\qp_lab\qpcpp\include\qf.hpp) not defined
"C:\qp_lab\qpcpp\include\qf.hpp" 545 1 Info 1714: Member function 'QP::QF::onStartup(void)' (line 545, file C:\qp_lab\qpcpp\include\qf.hpp) not referenced [MISRA C++ Rule 0-1-10]
"C:\qp_lab\qpcpp\include\qf.hpp" 545 1 Warning 1526: Member function 'QP::QF::onStartup(void)' (line 545, file C:\qp_lab\qpcpp\include\qf.hpp) not defined
"C:\qp_lab\qpcpp\include\qf.hpp" 548 1 Info 1714: Member function 'QP::QF::onCleanup(void)' (line 548, file C:\qp_lab\qpcpp\include\qf.hpp) not referenced [MISRA C++ Rule 0-1-10]
"C:\qp_lab\qpcpp\include\qf.hpp" 548 1 Warning 1526: Member function 'QP::QF::onCleanup(void)' (line 548, file C:\qp_lab\qpcpp\include\qf.hpp) not defined
"C:\qp_lab\qpcpp\include\qf.hpp" 552 1 Info 1714: Member function 'QP::QF::stop(void)' (line 552, file C:\qp_lab\qpcpp\include\qf.hpp) not referenced [MISRA C++ Rule 0-1-10]
"C:\qp_lab\qpcpp\include\qf.hpp" 552 1 Warning 1526: Member function 'QP::QF::stop(void)' (line 552, file C:\qp_lab\qpcpp\include\qf.hpp) not defined
"C:\qp_lab\qpcpp\src\qf\qf_ps.cpp" 120 1 Info 1714: Member function 'QP::QF::publish_(const struct QP::QEvt *, const void *)' (line 120, file C:\qp_lab\qpcpp\src\qf\qf_ps.cpp) not referenced [MISRA C++ Rule 0-1-10]
"C:\qp_lab\qpcpp\src\qf\qf_time.cpp" 204 1 Info 1714: Member function 'QP::QF::noTimeEvtsActiveX(uint_fast8_t)' (line 204, file C:\qp_lab\qpcpp\src\qf\qf_time.cpp) not referenced [MISRA C++ Rule 0-1-10]
"C:\qp_lab\qpcpp\src\qf\qf_mem.cpp" 298 1 Info 1714: Member function 'QP::QF::getPoolMin(uint_fast8_t)' (line 298, file C:\qp_lab\qpcpp\src\qf\qf_mem.cpp) not referenced [MISRA C++ Rule 0-1-10]
"C:\qp_lab\qpcpp\src\qf\qf_actq.cpp" 381 1 Info 1714: Member function 'QP::QF::getQueueMin(uint_fast8_t)' (line 381, file C:\qp_lab\qpcpp\src\qf\qf_actq.cpp) not referenced [MISRA C++ Rule 0-1-10]
"C:\qp_lab\qpcpp\src\qf\qf_dyn.cpp" 134 1 Info 1714: Member function 'QP::QF::newX_(uint_fast16_t, uint_fast16_t, enum_t)' (line 134, file C:\qp_lab\qpcpp\src\qf\qf_dyn.cpp) not referenced [MISRA C++ Rule 0-1-10]
"C:\qp_lab\qpcpp\src\qf\qf_dyn.cpp" 264 1 Info 1714: Member function 'QP::QF::newRef_(const struct QP::QEvt *, const struct QP::QEvt *)' (line 264, file C:\qp_lab\qpcpp\src\qf\qf_dyn.cpp) not referenced [MISRA C++ Rule 0-1-10]
"C:\qp_lab\qpcpp\src\qf\qf_dyn.cpp" 298 1 Info 1714: Member function 'QP::QF::deleteRef_(const struct QP::QEvt *)' (line 298, file C:\qp_lab\qpcpp\src\qf\qf_dyn.cpp) not referenced [MISRA C++ Rule 0-1-10]
"C:\qp_lab\qpcpp\src\qf\qf_act.cpp" 94 1 Info 1714: Member function 'QP::QF::remove_(QP::QActive *)' (line 94, file C:\qp_lab\qpcpp\src\qf\qf_act.cpp) not referenced [MISRA C++ Rule 0-1-10]
"C:\qp_lab\qpcpp\include\qf.hpp" 599 1 Info 1714: Member function 'QP::QF::thread_(QP::QActive *)' (line 599, file C:\qp_lab\qpcpp\include\qf.hpp) not referenced [MISRA C++ Rule 0-1-10]
"C:\qp_lab\qpcpp\include\qf.hpp" 599 1 Warning 1526: Member function 'QP::QF::thread_(QP::QActive *)' (line 599, file C:\qp_lab\qpcpp\include\qf.hpp) not defined
"C:\qp_lab\qpcpp\src\qf\qf_act.cpp" 69 1 Info 1714: Member function 'QP::QF::add_(QP::QActive *)' (line 69, file C:\qp_lab\qpcpp\src\qf\qf_act.cpp) not referenced [MISRA C++ Rule 0-1-10]
"C:\qp_lab\qpcpp\src\qf\qf_actq.cpp" 396 1 Info 1714: Member function 'QP::QTicker::QTicker(uint_fast8_t)' (line 396, file C:\qp_lab\qpcpp\src\qf\qf_actq.cpp) not referenced [MISRA C++ Rule 0-1-10]
"C:\qp_lab\qpcpp\include\qf.hpp" 658 1 Info 1716: Virtual member function 'QP::QTicker::init(void)' (line 658, file C:\qp_lab\qpcpp\include\qf.hpp) not referenced [MISRA C++ Rule 0-1-10]
"C:\qp_lab\qpcpp\src\qf\qf_actq.cpp" 407 1 Info 1716: Virtual member function 'QP::QTicker::dispatch(const struct QP::QEvt *)' (line 407, file C:\qp_lab\qpcpp\src\qf\qf_actq.cpp) not referenced [MISRA C++ Rule 0-1-10]
"C:\qp_lab\qpcpp\include\qs.hpp" 76 1 Info 769: global enumeration constant 'QP::QSpyRecords::QS_EMPTY' (line 76, file C:\qp_lab\qpcpp\include\qs.hpp) not referenced
"C:\qp_lab\qpcpp\include\qs.hpp" 106 1 Info 769: global enumeration constant 'QP::QSpyRecords::QS_QF_RESERVED2' (line 106, file C:\qp_lab\qpcpp\include\qs.hpp) not referenced
"C:\qp_lab\qpcpp\include\qs.hpp" 130 1 Info 769: global enumeration constant 'QP::QSpyRecords::QS_QF_CRIT_ENTRY' (line 130, file C:\qp_lab\qpcpp\include\qs.hpp) not referenced
"C:\qp_lab\qpcpp\include\qs.hpp" 131 1 Info 769: global enumeration constant 'QP::QSpyRecords::QS_QF_CRIT_EXIT' (line 131, file C:\qp_lab\qpcpp\include\qs.hpp) not referenced
"C:\qp_lab\qpcpp\include\qs.hpp" 132 1 Info 769: global enumeration constant 'QP::QSpyRecords::QS_QF_ISR_ENTRY' (line 132, file C:\qp_lab\qpcpp\include\qs.hpp) not referenced
"C:\qp_lab\qpcpp\include\qs.hpp" 133 1 Info 769: global enumeration constant 'QP::QSpyRecords::QS_QF_ISR_EXIT' (line 133, file C:\qp_lab\qpcpp\include\qs.hpp) not referenced
"C:\qp_lab\qpcpp\include\qs.hpp" 134 1 Info 769: global enumeration constant 'QP::QSpyRecords::QS_QF_INT_DISABLE' (line 134, file C:\qp_lab\qpcpp\include\qs.hpp) not referenced
"C:\qp_lab\qpcpp\include\qs.hpp" 135 1 Info 769: global enumeration constant 'QP::QSpyRecords::QS_QF_INT_ENABLE' (line 135, file C:\qp_lab\qpcpp\include\qs.hpp) not referenced
"C:\qp_lab\qpcpp\include\qs.hpp" 147 1 Info 769: global enumeration constant 'QP::QSpyRecords::QS_MUTEX_LOCK' (line 147, file C:\qp_lab\qpcpp\include\qs.hpp) not referenced
"C:\qp_lab\qpcpp\include\qs.hpp" 148 1 Info 769: global enumeration constant 'QP::QSpyRecords::QS_MUTEX_UNLOCK' (line 148, file C:\qp_lab\qpcpp\include\qs.hpp) not referenced
"C:\qp_lab\qpcpp\include\qs.hpp" 151 1 Info 769: global enumeration constant 'QP::QSpyRecords::QS_SCHED_LOCK' (line 151, file C:\qp_lab\qpcpp\include\qs.hpp) not referenced
"C:\qp_lab\qpcpp\include\qs.hpp" 152 1 Info 769: global enumeration constant 'QP::QSpyRecords::QS_SCHED_UNLOCK' (line 152, file C:\qp_lab\qpcpp\include\qs.hpp) not referenced
"C:\qp_lab\qpcpp\include\qs.hpp" 153 1 Info 769: global enumeration constant 'QP::QSpyRecords::QS_SCHED_NEXT' (line 153, file C:\qp_lab\qpcpp\include\qs.hpp) not referenced
"C:\qp_lab\qpcpp\include\qs.hpp" 154 1 Info 769: global enumeration constant 'QP::QSpyRecords::QS_SCHED_IDLE' (line 154, file C:\qp_lab\qpcpp\include\qs.hpp) not referenced
"C:\qp_lab\qpcpp\include\qs.hpp" 155 1 Info 769: global enumeration constant 'QP::QSpyRecords::QS_SCHED_RESUME' (line 155, file C:\qp_lab\qpcpp\include\qs.hpp) not referenced
"C:\qp_lab\qpcpp\include\qs.hpp" 163 1 Info 769: global enumeration constant 'QP::QSpyRecords::QS_TEST_PAUSED' (line 163, file C:\qp_lab\qpcpp\include\qs.hpp) not referenced
"C:\qp_lab\qpcpp\include\qs.hpp" 164 1 Info 769: global enumeration constant 'QP::QSpyRecords::QS_TEST_PROBE_GET' (line 164, file C:\qp_lab\qpcpp\include\qs.hpp) not referenced
"C:\qp_lab\qpcpp\include\qs.hpp" 165 1 Info 769: global enumeration constant 'QP::QSpyRecords::QS_SIG_DICT' (line 165, file C:\qp_lab\qpcpp\include\qs.hpp) not referenced
"C:\qp_lab\qpcpp\include\qs.hpp" 166 1 Info 769: global enumeration constant 'QP::QSpyRecords::QS_OBJ_DICT' (line 166, file C:\qp_lab\qpcpp\include\qs.hpp) not referenced
"C:\qp_lab\qpcpp\include\qs.hpp" 167 1 Info 769: global enumeration constant 'QP::QSpyRecords::QS_FUN_DICT' (line 167, file C:\qp_lab\qpcpp\include\qs.hpp) not referenced
"C:\qp_lab\qpcpp\include\qs.hpp" 168 1 Info 769: global enumeration constant 'QP::QSpyRecords::QS_USR_DICT' (line 168, file C:\qp_lab\qpcpp\include\qs.hpp) not referenced
"C:\qp_lab\qpcpp\include\qs.hpp" 169 1 Info 769: global enumeration constant 'QP::QSpyRecords::QS_TARGET_INFO' (line 169, file C:\qp_lab\qpcpp\include\qs.hpp) not referenced
"C:\qp_lab\qpcpp\include\qs.hpp" 170 1 Info 769: global enumeration constant 'QP::QSpyRecords::QS_TARGET_DONE' (line 170, file C:\qp_lab\qpcpp\include\qs.hpp) not referenced
"C:\qp_lab\qpcpp\include\qs.hpp" 171 1 Info 769: global enumeration constant 'QP::QSpyRecords::QS_RX_STATUS' (line 171, file C:\qp_lab\qpcpp\include\qs.hpp) not referenced
"C:\qp_lab\qpcpp\include\qs.hpp" 172 1 Info 769: global enumeration constant 'QP::QSpyRecords::QS_QUERY_DATA' (line 172, file C:\qp_lab\qpcpp\include\qs.hpp) not referenced
"C:\qp_lab\qpcpp\include\qs.hpp" 173 1 Info 769: global enumeration constant 'QP::QSpyRecords::QS_PEEK_DATA' (line 173, file C:\qp_lab\qpcpp\include\qs.hpp) not referenced
"C:\qp_lab\qpcpp\include\qs.hpp" 174 1 Info 769: global enumeration constant 'QP::QSpyRecords::QS_ASSERT_FAIL' (line 174, file C:\qp_lab\qpcpp\include\qs.hpp) not referenced
"C:\qp_lab\qpcpp\include\qs.hpp" 177 1 Info 769: global enumeration constant 'QP::QSpyRecords::QS_RESERVED_70' (line 177, file C:\qp_lab\qpcpp\include\qs.hpp) not referenced
"C:\qp_lab\qpcpp\include\qs.hpp" 178 1 Info 769: global enumeration constant 'QP::QSpyRecords::QS_RESERVED_71' (line 178, file C:\qp_lab\qpcpp\include\qs.hpp) not referenced
"C:\qp_lab\qpcpp\include\qs.hpp" 179 1 Info 769: global enumeration constant 'QP::QSpyRecords::QS_RESERVED_72' (line 179, file C:\qp_lab\qpcpp\include\qs.hpp) not referenced
"C:\qp_lab\qpcpp\include\qs.hpp" 180 1 Info 769: global enumeration constant 'QP::QSpyRecords::QS_RESERVED_73' (line 180, file C:\qp_lab\qpcpp\include\qs.hpp) not referenced
"C:\qp_lab\qpcpp\include\qs.hpp" 181 1 Info 769: global enumeration constant 'QP::QSpyRecords::QS_RESERVED_74' (line 181, file C:\qp_lab\qpcpp\include\qs.hpp) not referenced
"C:\qp_lab\qpcpp\include\qs.hpp" 182 1 Info 769: global enumeration constant 'QP::QSpyRecords::QS_RESERVED_75' (line 182, file C:\qp_lab\qpcpp\include\qs.hpp) not referenced
"C:\qp_lab\qpcpp\include\qs.hpp" 183 1 Info 769: global enumeration constant 'QP::QSpyRecords::QS_RESERVED_76' (line 183, file C:\qp_lab\qpcpp\include\qs.hpp) not referenced
"C:\qp_lab\qpcpp\include\qs.hpp" 184 1 Info 769: global enumeration constant 'QP::QSpyRecords::QS_RESERVED_77' (line 184, file C:\qp_lab\qpcpp\include\qs.hpp) not referenced
"C:\qp_lab\qpcpp\include\qs.hpp" 185 1 Info 769: global enumeration constant 'QP::QSpyRecords::QS_RESERVED_78' (line 185, file C:\qp_lab\qpcpp\include\qs.hpp) not referenced
"C:\qp_lab\qpcpp\include\qs.hpp" 186 1 Info 769: global enumeration constant 'QP::QSpyRecords::QS_RESERVED_79' (line 186, file C:\qp_lab\qpcpp\include\qs.hpp) not referenced
"C:\qp_lab\qpcpp\include\qs.hpp" 187 1 Info 769: global enumeration constant 'QP::QSpyRecords::QS_RESERVED_80' (line 187, file C:\qp_lab\qpcpp\include\qs.hpp) not referenced
"C:\qp_lab\qpcpp\include\qs.hpp" 188 1 Info 769: global enumeration constant 'QP::QSpyRecords::QS_RESERVED_81' (line 188, file C:\qp_lab\qpcpp\include\qs.hpp) not referenced
"C:\qp_lab\qpcpp\include\qs.hpp" 189 1 Info 769: global enumeration constant 'QP::QSpyRecords::QS_RESERVED_82' (line 189, file C:\qp_lab\qpcpp\include\qs.hpp) not referenced
"C:\qp_lab\qpcpp\include\qs.hpp" 190 1 Info 769: global enumeration constant 'QP::QSpyRecords::QS_RESERVED_83' (line 190, file C:\qp_lab\qpcpp\include\qs.hpp) not referenced
"C:\qp_lab\qpcpp\include\qs.hpp" 191 1 Info 769: global enumeration constant 'QP::QSpyRecords::QS_RESERVED_84' (line 191, file C:\qp_lab\qpcpp\include\qs.hpp) not referenced
"C:\qp_lab\qpcpp\include\qs.hpp" 192 1 Info 769: global enumeration constant 'QP::QSpyRecords::QS_RESERVED_85' (line 192, file C:\qp_lab\qpcpp\include\qs.hpp) not referenced
"C:\qp_lab\qpcpp\include\qs.hpp" 193 1 Info 769: global enumeration constant 'QP::QSpyRecords::QS_RESERVED_86' (line 193, file C:\qp_lab\qpcpp\include\qs.hpp) not referenced
"C:\qp_lab\qpcpp\include\qs.hpp" 194 1 Info 769: global enumeration constant 'QP::QSpyRecords::QS_RESERVED_87' (line 194, file C:\qp_lab\qpcpp\include\qs.hpp) not referenced
"C:\qp_lab\qpcpp\include\qs.hpp" 195 1 Info 769: global enumeration constant 'QP::QSpyRecords::QS_RESERVED_88' (line 195, file C:\qp_lab\qpcpp\include\qs.hpp) not referenced
"C:\qp_lab\qpcpp\include\qs.hpp" 196 1 Info 769: global enumeration constant 'QP::QSpyRecords::QS_RESERVED_89' (line 196, file C:\qp_lab\qpcpp\include\qs.hpp) not referenced
"C:\qp_lab\qpcpp\include\qs.hpp" 197 1 Info 769: global enumeration constant 'QP::QSpyRecords::QS_RESERVED_90' (line 197, file C:\qp_lab\qpcpp\include\qs.hpp) not referenced
"C:\qp_lab\qpcpp\include\qs.hpp" 198 1 Info 769: global enumeration constant 'QP::QSpyRecords::QS_RESERVED_91' (line 198, file C:\qp_lab\qpcpp\include\qs.hpp) not referenced
"C:\qp_lab\qpcpp\include\qs.hpp" 199 1 Info 769: global enumeration constant 'QP::QSpyRecords::QS_RESERVED_92' (line 199, file C:\qp_lab\qpcpp\include\qs.hpp) not referenced
"C:\qp_lab\qpcpp\include\qs.hpp" 200 1 Info 769: global enumeration constant 'QP::QSpyRecords::QS_RESERVED_93' (line 200, file C:\qp_lab\qpcpp\include\qs.hpp) not referenced
"C:\qp_lab\qpcpp\include\qs.hpp" 201 1 Info 769: global enumeration constant 'QP::QSpyRecords::QS_RESERVED_94' (line 201, file C:\qp_lab\qpcpp\include\qs.hpp) not referenced
"C:\qp_lab\qpcpp\include\qs.hpp" 202 1 Info 769: global enumeration constant 'QP::QSpyRecords::QS_RESERVED_95' (line 202, file C:\qp_lab\qpcpp\include\qs.hpp) not referenced
"C:\qp_lab\qpcpp\include\qs.hpp" 203 1 Info 769: global enumeration constant 'QP::QSpyRecords::QS_RESERVED_96' (line 203, file C:\qp_lab\qpcpp\include\qs.hpp) not referenced
"C:\qp_lab\qpcpp\include\qs.hpp" 204 1 Info 769: global enumeration constant 'QP::QSpyRecords::QS_RESERVED_97' (line 204, file C:\qp_lab\qpcpp\include\qs.hpp) not referenced
"C:\qp_lab\qpcpp\include\qs.hpp" 205 1 Info 769: global enumeration constant 'QP::QSpyRecords::QS_RESERVED_98' (line 205, file C:\qp_lab\qpcpp\include\qs.hpp) not referenced
"C:\qp_lab\qpcpp\include\qs.hpp" 206 1 Info 769: global enumeration constant 'QP::QSpyRecords::QS_RESERVED_99' (line 206, file C:\qp_lab\qpcpp\include\qs.hpp) not referenced
"C:\qp_lab\qpcpp\include\qs.hpp" 214 1 Info 769: global enumeration constant 'QP::QSpyRecordGroups::QS_ALL_RECORDS' (line 214, file C:\qp_lab\qpcpp\include\qs.hpp) not referenced
"C:\qp_lab\qpcpp\include\qs.hpp" 215 1 Info 769: global enumeration constant 'QP::QSpyRecordGroups::QS_SM_RECORDS' (line 215, file C:\qp_lab\qpcpp\include\qs.hpp) not referenced
"C:\qp_lab\qpcpp\include\qs.hpp" 216 1 Info 769: global enumeration constant 'QP::QSpyRecordGroups::QS_AO_RECORDS' (line 216, file C:\qp_lab\qpcpp\include\qs.hpp) not referenced
"C:\qp_lab\qpcpp\include\qs.hpp" 217 1 Info 769: global enumeration constant 'QP::QSpyRecordGroups::QS_EQ_RECORDS' (line 217, file C:\qp_lab\qpcpp\include\qs.hpp) not referenced
"C:\qp_lab\qpcpp\include\qs.hpp" 218 1 Info 769: global enumeration constant 'QP::QSpyRecordGroups::QS_MP_RECORDS' (line 218, file C:\qp_lab\qpcpp\include\qs.hpp) not referenced
"C:\qp_lab\qpcpp\include\qs.hpp" 219 1 Info 769: global enumeration constant 'QP::QSpyRecordGroups::QS_TE_RECORDS' (line 219, file C:\qp_lab\qpcpp\include\qs.hpp) not referenced
"C:\qp_lab\qpcpp\include\qs.hpp" 220 1 Info 769: global enumeration constant 'QP::QSpyRecordGroups::QS_QF_RECORDS' (line 220, file C:\qp_lab\qpcpp\include\qs.hpp) not referenced
"C:\qp_lab\qpcpp\include\qs.hpp" 221 1 Info 769: global enumeration constant 'QP::QSpyRecordGroups::QS_SC_RECORDS' (line 221, file C:\qp_lab\qpcpp\include\qs.hpp) not referenced
"C:\qp_lab\qpcpp\include\qs.hpp" 222 1 Info 769: global enumeration constant 'QP::QSpyRecordGroups::QS_U0_RECORDS' (line 222, file C:\qp_lab\qpcpp\include\qs.hpp) not referenced
"C:\qp_lab\qpcpp\include\qs.hpp" 223 1 Info 769: global enumeration constant 'QP::QSpyRecordGroups::QS_U1_RECORDS' (line 223, file C:\qp_lab\qpcpp\include\qs.hpp) not referenced
"C:\qp_lab\qpcpp\include\qs.hpp" 224 1 Info 769: global enumeration constant 'QP::QSpyRecordGroups::QS_U2_RECORDS' (line 224, file C:\qp_lab\qpcpp\include\qs.hpp) not referenced
"C:\qp_lab\qpcpp\include\qs.hpp" 225 1 Info 769: global enumeration constant 'QP::QSpyRecordGroups::QS_U3_RECORDS' (line 225, file C:\qp_lab\qpcpp\include\qs.hpp) not referenced
"C:\qp_lab\qpcpp\include\qs.hpp" 226 1 Info 769: global enumeration constant 'QP::QSpyRecordGroups::QS_U4_RECORDS' (line 226, file C:\qp_lab\qpcpp\include\qs.hpp) not referenced
"C:\qp_lab\qpcpp\include\qs.hpp" 227 1 Info 769: global enumeration constant 'QP::QSpyRecordGroups::QS_UA_RECORDS' (line 227, file C:\qp_lab\qpcpp\include\qs.hpp) not referenced
"C:\qp_lab\qpcpp\include\qs.hpp" 236 1 Info 769: global enumeration constant 'QP::QSpyUserRecords::QS_USER4' (line 236, file C:\qp_lab\qpcpp\include\qs.hpp) not referenced
"C:\qp_lab\qpcpp\include\qs.hpp" 272 1 Info 1714: Member function 'QP::QS::getVersion(void)' (line 272, file C:\qp_lab\qpcpp\include\qs.hpp) not referenced [MISRA C++ Rule 0-1-10]
"C:\qp_lab\qpcpp\include\qs.hpp" 277 1 Info 1714: Member function 'QP::QS::initBuf(uint8_t *, uint_fast16_t)' (line 277, file C:\qp_lab\qpcpp\include\qs.hpp) not referenced [MISRA C++ Rule 0-1-10]
"C:\qp_lab\qpcpp\include\qs.hpp" 277 1 Warning 1526: Member function 'QP::QS::initBuf(uint8_t *, uint_fast16_t)' (line 277, file C:\qp_lab\qpcpp\include\qs.hpp) not defined
"C:\qp_lab\qpcpp\include\qs.hpp" 280 1 Info 1714: Member function 'QP::QS::filterOn(uint_fast8_t)' (line 280, file C:\qp_lab\qpcpp\include\qs.hpp) not referenced [MISRA C++ Rule 0-1-10]
"C:\qp_lab\qpcpp\include\qs.hpp" 280 1 Warning 1526: Member function 'QP::QS::filterOn(uint_fast8_t)' (line 280, file C:\qp_lab\qpcpp\include\qs.hpp) not defined
"C:\qp_lab\qpcpp\include\qs.hpp" 283 1 Info 1714: Member function 'QP::QS::filterOff(uint_fast8_t)' (line 283, file C:\qp_lab\qpcpp\include\qs.hpp) not referenced [MISRA C++ Rule 0-1-10]
"C:\qp_lab\qpcpp\include\qs.hpp" 283 1 Warning 1526: Member function 'QP::QS::filterOff(uint_fast8_t)' (line 283, file C:\qp_lab\qpcpp\include\qs.hpp) not defined
"C:\qp_lab\qpcpp\include\qs.hpp" 286 1 Warning 1526: Member function 'QP::QS::beginRec(uint_fast8_t)' (line 286, file C:\qp_lab\qpcpp\include\qs.hpp) not defined
"C:\qp_lab\qpcpp\include\qs.hpp" 289 1 Warning 1526: Member function 'QP::QS::endRec(void)' (line 289, file C:\qp_lab\qpcpp\include\qs.hpp) not defined
"C:\qp_lab\qpcpp\include\qs.hpp" 294 1 Warning 1526: Member function 'QP::QS::u8_(uint8_t)' (line 294, file C:\qp_lab\qpcpp\include\qs.hpp) not defined
"C:\qp_lab\qpcpp\include\qs.hpp" 297 1 Warning 1526: Member function 'QP::QS::u8u8_(uint8_t, uint8_t)' (line 297, file C:\qp_lab\qpcpp\include\qs.hpp) not defined
"C:\qp_lab\qpcpp\include\qs.hpp" 300 1 Warning 1526: Member function 'QP::QS::u16_(uint16_t)' (line 300, file C:\qp_lab\qpcpp\include\qs.hpp) not defined
"C:\qp_lab\qpcpp\include\qs.hpp" 303 1 Warning 1526: Member function 'QP::QS::u32_(uint32_t)' (line 303, file C:\qp_lab\qpcpp\include\qs.hpp) not defined
"C:\qp_lab\qpcpp\include\qs.hpp" 306 1 Info 1714: Member function 'QP::QS::str_(const char_t *)' (line 306, file C:\qp_lab\qpcpp\include\qs.hpp) not referenced [MISRA C++ Rule 0-1-10]
"C:\qp_lab\qpcpp\include\qs.hpp" 306 1 Warning 1526: Member function 'QP::QS::str_(const char_t *)' (line 306, file C:\qp_lab\qpcpp\include\qs.hpp) not defined
"C:\qp_lab\qpcpp\include\qs.hpp" 312 1 Info 1714: Member function 'QP::QS::u8(uint8_t, uint8_t)' (line 312, file C:\qp_lab\qpcpp\include\qs.hpp) not referenced [MISRA C++ Rule 0-1-10]
"C:\qp_lab\qpcpp\include\qs.hpp" 312 1 Warning 1526: Member function 'QP::QS::u8(uint8_t, uint8_t)' (line 312, file C:\qp_lab\qpcpp\include\qs.hpp) not defined
"C:\qp_lab\qpcpp\include\qs.hpp" 315 1 Info 1714: Member function 'QP::QS::u16(uint8_t, uint16_t)' (line 315, file C:\qp_lab\qpcpp\include\qs.hpp) not referenced [MISRA C++ Rule 0-1-10]
"C:\qp_lab\qpcpp\include\qs.hpp" 315 1 Warning 1526: Member function 'QP::QS::u16(uint8_t, uint16_t)' (line 315, file C:\qp_lab\qpcpp\include\qs.hpp) not defined
"C:\qp_lab\qpcpp\include\qs.hpp" 318 1 Info 1714: Member function 'QP::QS::u32(uint8_t, uint32_t)' (line 318, file C:\qp_lab\qpcpp\include\qs.hpp) not referenced [MISRA C++ Rule 0-1-10]
"C:\qp_lab\qpcpp\include\qs.hpp" 318 1 Warning 1526: Member function 'QP::QS::u32(uint8_t, uint32_t)' (line 318, file C:\qp_lab\qpcpp\include\qs.hpp) not defined
"C:\qp_lab\qpcpp\include\qs.hpp" 321 1 Info 1714: Member function 'QP::QS::f32(uint8_t, float32_t)' (line 321, file C:\qp_lab\qpcpp\include\qs.hpp) not referenced [MISRA C++ Rule 0-1-10]
"C:\qp_lab\qpcpp\include\qs.hpp" 321 1 Warning 1526: Member function 'QP::QS::f32(uint8_t, float32_t)' (line 321, file C:\qp_lab\qpcpp\include\qs.hpp) not defined
"C:\qp_lab\qpcpp\include\qs.hpp" 324 1 Info 1714: Member function 'QP::QS::f64(uint8_t, float64_t)' (line 324, file C:\qp_lab\qpcpp\include\qs.hpp) not referenced [MISRA C++ Rule 0-1-10]
"C:\qp_lab\qpcpp\include\qs.hpp" 324 1 Warning 1526: Member function 'QP::QS::f64(uint8_t, float64_t)' (line 324, file C:\qp_lab\qpcpp\include\qs.hpp) not defined
"C:\qp_lab\qpcpp\include\qs.hpp" 327 1 Info 1714: Member function 'QP::QS::str(const char_t *)' (line 327, file C:\qp_lab\qpcpp\include\qs.hpp) not referenced [MISRA C++ Rule 0-1-10]
"C:\qp_lab\qpcpp\include\qs.hpp" 327 1 Warning 1526: Member function 'QP::QS::str(const char_t *)' (line 327, file C:\qp_lab\qpcpp\include\qs.hpp) not defined
"C:\qp_lab\qpcpp\include\qs.hpp" 330 1 Info 1714: Member function 'QP::QS::mem(const uint8_t *, uint8_t)' (line 330, file C:\qp_lab\qpcpp\include\qs.hpp) not referenced [MISRA C++ Rule 0-1-10]
"C:\qp_lab\qpcpp\include\qs.hpp" 330 1 Warning 1526: Member function 'QP::QS::mem(const uint8_t *, uint8_t)' (line 330, file C:\qp_lab\qpcpp\include\qs.hpp) not defined
"C:\qp_lab\qpcpp\include\qs.hpp" 341 1 Info 1714: Member function 'QP::QS::sig_dict(enum_t, const void *, const char_t *)' (line 341, file C:\qp_lab\qpcpp\include\qs.hpp) not referenced [MISRA C++ Rule 0-1-10]
"C:\qp_lab\qpcpp\include\qs.hpp" 341 1 Warning 1526: Member function 'QP::QS::sig_dict(enum_t, const void *, const char_t *)' (line 341, file C:\qp_lab\qpcpp\include\qs.hpp) not defined
"C:\qp_lab\qpcpp\include\qs.hpp" 345 1 Warning 1526: Member function 'QP::QS::obj_dict(const void *, const char_t *)' (line 345, file C:\qp_lab\qpcpp\include\qs.hpp) not defined
"C:\qp_lab\qpcpp\include\qs.hpp" 349 1 Info 1714: Member function 'QP::QS::fun_dict(void (*)(void), const char_t *)' (line 349, file C:\qp_lab\qpcpp\include\qs.hpp) not referenced [MISRA C++ Rule 0-1-10]
"C:\qp_lab\qpcpp\include\qs.hpp" 349 1 Warning 1526: Member function 'QP::QS::fun_dict(void (*)(void), const char_t *)' (line 349, file C:\qp_lab\qpcpp\include\qs.hpp) not defined
"C:\qp_lab\qpcpp\include\qs.hpp" 353 1 Info 1714: Member function 'QP::QS::usr_dict(enum_t, const char_t *)' (line 353, file C:\qp_lab\qpcpp\include\qs.hpp) not referenced [MISRA C++ Rule 0-1-10]
"C:\qp_lab\qpcpp\include\qs.hpp" 353 1 Warning 1526: Member function 'QP::QS::usr_dict(enum_t, const char_t *)' (line 353, file C:\qp_lab\qpcpp\include\qs.hpp) not defined
"C:\qp_lab\qpcpp\include\qs.hpp" 357 1 Info 1714: Member function 'QP::QS::rxInitBuf(uint8_t *, uint16_t)' (line 357, file C:\qp_lab\qpcpp\include\qs.hpp) not referenced [MISRA C++ Rule 0-1-10]
"C:\qp_lab\qpcpp\include\qs.hpp" 357 1 Warning 1526: Member function 'QP::QS::rxInitBuf(uint8_t *, uint16_t)' (line 357, file C:\qp_lab\qpcpp\include\qs.hpp) not defined
"C:\qp_lab\qpcpp\include\qs.hpp" 360 1 Info 1714: Member function 'QP::QS::rxParse(void)' (line 360, file C:\qp_lab\qpcpp\include\qs.hpp) not referenced [MISRA C++ Rule 0-1-10]
"C:\qp_lab\qpcpp\include\qs.hpp" 360 1 Warning 1526: Member function 'QP::QS::rxParse(void)' (line 360, file C:\qp_lab\qpcpp\include\qs.hpp) not defined
"C:\qp_lab\qpcpp\include\qs.hpp" 363 1 Info 1714: Member function 'QP::QS::rxGetNfree(void)' (line 363, file C:\qp_lab\qpcpp\include\qs.hpp) not referenced [MISRA C++ Rule 0-1-10]
"C:\qp_lab\qpcpp\include\qs.hpp" 363 1 Warning 1526: Member function 'QP::QS::rxGetNfree(void)' (line 363, file C:\qp_lab\qpcpp\include\qs.hpp) not defined
"C:\qp_lab\qpcpp\include\qs.hpp" 366 1 Info 1714: Member function 'QP::QS::rxPut(uint8_t)' (line 366, file C:\qp_lab\qpcpp\include\qs.hpp) not referenced [MISRA C++ Rule 0-1-10]
"C:\qp_lab\qpcpp\include\qs.hpp" 383 1 Info 1714: Member function 'QP::QS::getByte(void)' (line 383, file C:\qp_lab\qpcpp\include\qs.hpp) not referenced [MISRA C++ Rule 0-1-10]
"C:\qp_lab\qpcpp\include\qs.hpp" 383 1 Warning 1526: Member function 'QP::QS::getByte(void)' (line 383, file C:\qp_lab\qpcpp\include\qs.hpp) not defined
"C:\qp_lab\qpcpp\include\qs.hpp" 386 1 Info 1714: Member function 'QP::QS::getBlock(uint16_t *)' (line 386, file C:\qp_lab\qpcpp\include\qs.hpp) not referenced [MISRA C++ Rule 0-1-10]
"C:\qp_lab\qpcpp\include\qs.hpp" 386 1 Warning 1526: Member function 'QP::QS::getBlock(uint16_t *)' (line 386, file C:\qp_lab\qpcpp\include\qs.hpp) not defined
"C:\qp_lab\qpcpp\include\qs.hpp" 391 1 Info 1714: Member function 'QP::QS::onStartup(const void *)' (line 391, file C:\qp_lab\qpcpp\include\qs.hpp) not referenced [MISRA C++ Rule 0-1-10]
"C:\qp_lab\qpcpp\include\qs.hpp" 391 1 Warning 1526: Member function 'QP::QS::onStartup(const void *)' (line 391, file C:\qp_lab\qpcpp\include\qs.hpp) not defined
"C:\qp_lab\qpcpp\include\qs.hpp" 394 1 Info 1714: Member function 'QP::QS::onCleanup(void)' (line 394, file C:\qp_lab\qpcpp\include\qs.hpp) not referenced [MISRA C++ Rule 0-1-10]
"C:\qp_lab\qpcpp\include\qs.hpp" 394 1 Warning 1526: Member function 'QP::QS::onCleanup(void)' (line 394, file C:\qp_lab\qpcpp\include\qs.hpp) not defined
"C:\qp_lab\qpcpp\include\qs.hpp" 397 1 Info 1714: Member function 'QP::QS::onFlush(void)' (line 397, file C:\qp_lab\qpcpp\include\qs.hpp) not referenced [MISRA C++ Rule 0-1-10]
"C:\qp_lab\qpcpp\include\qs.hpp" 397 1 Warning 1526: Member function 'QP::QS::onFlush(void)' (line 397, file C:\qp_lab\qpcpp\include\qs.hpp) not defined
"C:\qp_lab\qpcpp\include\qs.hpp" 400 1 Warning 1526: Member function 'QP::QS::onGetTime(void)' (line 400, file C:\qp_lab\qpcpp\include\qs.hpp) not defined
"C:\qp_lab\qpcpp\include\qs.hpp" 403 1 Info 1714: Member function 'QP::QS::onReset(void)' (line 403, file C:\qp_lab\qpcpp\include\qs.hpp) not referenced [MISRA C++ Rule 0-1-10]
"C:\qp_lab\qpcpp\include\qs.hpp" 403 1 Warning 1526: Member function 'QP::QS::onReset(void)' (line 403, file C:\qp_lab\qpcpp\include\qs.hpp) not defined
"C:\qp_lab\qpcpp\include\qs.hpp" 406 1 Info 1714: Member function 'QP::QS::onCommand(uint8_t, uint32_t, uint32_t, uint32_t)' (line 406, file C:\qp_lab\qpcpp\include\qs.hpp) not referenced [MISRA C++ Rule 0-1-10]
"C:\qp_lab\qpcpp\include\qs.hpp" 406 1 Warning 1526: Member function 'QP::QS::onCommand(uint8_t, uint32_t, uint32_t, uint32_t)' (line 406, file C:\qp_lab\qpcpp\include\qs.hpp) not defined
"C:\qp_lab\qpcpp\include\qs.hpp" 410 1 Info 1714: Member function 'QP::QS::rxHandleGoodFrame_(uint8_t)' (line 410, file C:\qp_lab\qpcpp\include\qs.hpp) not referenced [MISRA C++ Rule 0-1-10]
"C:\qp_lab\qpcpp\include\qs.hpp" 410 1 Warning 1526: Member function 'QP::QS::rxHandleGoodFrame_(uint8_t)' (line 410, file C:\qp_lab\qpcpp\include\qs.hpp) not defined
"C:\qp_lab\qpcpp\include\qs.hpp" 445 1 Info 769: global enumeration constant 'QP::QS::QSType::I8_T' (line 445, file C:\qp_lab\qpcpp\include\qs.hpp) not referenced
"C:\qp_lab\qpcpp\include\qs.hpp" 446 1 Info 769: global enumeration constant 'QP::QS::QSType::U8_T' (line 446, file C:\qp_lab\qpcpp\include\qs.hpp) not referenced
"C:\qp_lab\qpcpp\include\qs.hpp" 447 1 Info 769: global enumeration constant 'QP::QS::QSType::I16_T' (line 447, file C:\qp_lab\qpcpp\include\qs.hpp) not referenced
"C:\qp_lab\qpcpp\include\qs.hpp" 448 1 Info 769: global enumeration constant 'QP::QS::QSType::U16_T' (line 448, file C:\qp_lab\qpcpp\include\qs.hpp) not referenced
"C:\qp_lab\qpcpp\include\qs.hpp" 449 1 Info 769: global enumeration constant 'QP::QS::QSType::I32_T' (line 449, file C:\qp_lab\qpcpp\include\qs.hpp) not referenced
"C:\qp_lab\qpcpp\include\qs.hpp" 450 1 Info 769: global enumeration constant 'QP::QS::QSType::U32_T' (line 450, file C:\qp_lab\qpcpp\include\qs.hpp) not referenced
"C:\qp_lab\qpcpp\include\qs.hpp" 451 1 Info 769: global enumeration constant 'QP::QS::QSType::F32_T' (line 451, file C:\qp_lab\qpcpp\include\qs.hpp) not referenced
"C:\qp_lab\qpcpp\include\qs.hpp" 452 1 Info 769: global enumeration constant 'QP::QS::QSType::F64_T' (line 452, file C:\qp_lab\qpcpp\include\qs.hpp) not referenced
"C:\qp_lab\qpcpp\include\qs.hpp" 453 1 Info 769: global enumeration constant 'QP::QS::QSType::STR_T' (line 453, file C:\qp_lab\qpcpp\include\qs.hpp) not referenced
"C:\qp_lab\qpcpp\include\qs.hpp" 454 1 Info 769: global enumeration constant 'QP::QS::QSType::MEM_T' (line 454, file C:\qp_lab\qpcpp\include\qs.hpp) not referenced
"C:\qp_lab\qpcpp\include\qs.hpp" 455 1 Info 769: global enumeration constant 'QP::QS::QSType::SIG_T' (line 455, file C:\qp_lab\qpcpp\include\qs.hpp) not referenced
"C:\qp_lab\qpcpp\include\qs.hpp" 456 1 Info 769: global enumeration constant 'QP::QS::QSType::OBJ_T' (line 456, file C:\qp_lab\qpcpp\include\qs.hpp) not referenced
"C:\qp_lab\qpcpp\include\qs.hpp" 457 1 Info 769: global enumeration constant 'QP::QS::QSType::FUN_T' (line 457, file C:\qp_lab\qpcpp\include\qs.hpp) not referenced
"C:\qp_lab\qpcpp\include\qs.hpp" 458 1 Info 769: global enumeration constant 'QP::QS::QSType::I64_T' (line 458, file C:\qp_lab\qpcpp\include\qs.hpp) not referenced
"C:\qp_lab\qpcpp\include\qs.hpp" 459 1 Info 769: global enumeration constant 'QP::QS::QSType::U64_T' (line 459, file C:\qp_lab\qpcpp\include\qs.hpp) not referenced
"C:\qp_lab\qpcpp\include\qs.hpp" 460 1 Info 769: global enumeration constant 'QP::QS::QSType::U32_HEX_T' (line 460, file C:\qp_lab\qpcpp\include\qs.hpp) not referenced
"C:\qp_lab\qpcpp\include\qs.hpp" 470 1 Info 769: global enumeration constant 'QP::QS::QSpyObjKind::AP_OBJ' (line 470, file C:\qp_lab\qpcpp\include\qs.hpp) not referenced
"C:\qp_lab\qpcpp\include\qs.hpp" 475 1 Info 769: global enumeration constant 'QP::QS::OSpyObjCombnation::SM_AO_OBJ' (line 475, file C:\qp_lab\qpcpp\include\qs.hpp) not referenced
"C:\qp_lab\qpcpp\include\qs.hpp" 481 1 Info 1795: Template 'QP::QS::force_cast(<2>)' (line 481, file C:\qp_lab\qpcpp\include\qs.hpp) was defined but not instantiated [MISRA C++ Rule 14-7-1]
"C:\qp_lab\qpcpp\include\qs.hpp" 492 1 Info 768: global struct member 'QP::QS::buf' (line 492, file C:\qp_lab\qpcpp\include\qs.hpp) not referenced
"C:\qp_lab\qpcpp\include\qs.hpp" 493 1 Info 768: global struct member 'QP::QS::end' (line 493, file C:\qp_lab\qpcpp\include\qs.hpp) not referenced
"C:\qp_lab\qpcpp\include\qs.hpp" 494 1 Info 768: global struct member 'QP::QS::head' (line 494, file C:\qp_lab\qpcpp\include\qs.hpp) not referenced
"C:\qp_lab\qpcpp\include\qs.hpp" 495 1 Info 768: global struct member 'QP::QS::tail' (line 495, file C:\qp_lab\qpcpp\include\qs.hpp) not referenced
"C:\qp_lab\qpcpp\include\qs.hpp" 496 1 Info 768: global struct member 'QP::QS::used' (line 496, file C:\qp_lab\qpcpp\include\qs.hpp) not referenced
"C:\qp_lab\qpcpp\include\qs.hpp" 497 1 Info 768: global struct member 'QP::QS::seq' (line 497, file C:\qp_lab\qpcpp\include\qs.hpp) not referenced
"C:\qp_lab\qpcpp\include\qs.hpp" 498 1 Info 768: global struct member 'QP::QS::chksum' (line 498, file C:\qp_lab\qpcpp\include\qs.hpp) not referenced
"C:\qp_lab\qpcpp\include\qs.hpp" 499 1 Info 768: global struct member 'QP::QS::full' (line 499, file C:\qp_lab\qpcpp\include\qs.hpp) not referenced
"C:\qp_lab\qpcpp\include\qs.hpp" 501 1 Info 768: global struct member 'QP::QS::critNest' (line 501, file C:\qp_lab\qpcpp\include\qs.hpp) not referenced
"C:\qp_lab\qpcpp\include\qs.hpp" 503 1 Warning 1527: static member 'QP::QS::priv_' (line 503, file C:\qp_lab\qpcpp\include\qs.hpp) not defined
"C:\qp_lab\qpcpp\include\qs.hpp" 506 1 Info 768: global struct member 'QP::QS::QSrxPriv::currObj' (line 506, file C:\qp_lab\qpcpp\include\qs.hpp) not referenced
"C:\qp_lab\qpcpp\include\qs.hpp" 515 1 Warning 1527: static member 'QP::QS::rxPriv_' (line 515, file C:\qp_lab\qpcpp\include\qs.hpp) not defined
"C:\qp_lab\qpcpp\include\qs.hpp" 522 1 Info 769: global enumeration constant 'QP::QSpyRxRecords::QS_RX_INFO' (line 522, file C:\qp_lab\qpcpp\include\qs.hpp) not referenced
"C:\qp_lab\qpcpp\include\qs.hpp" 523 1 Info 769: global enumeration constant 'QP::QSpyRxRecords::QS_RX_COMMAND' (line 523, file C:\qp_lab\qpcpp\include\qs.hpp) not referenced
"C:\qp_lab\qpcpp\include\qs.hpp" 524 1 Info 769: global enumeration constant 'QP::QSpyRxRecords::QS_RX_RESET' (line 524, file C:\qp_lab\qpcpp\include\qs.hpp) not referenced
"C:\qp_lab\qpcpp\include\qs.hpp" 525 1 Info 769: global enumeration constant 'QP::QSpyRxRecords::QS_RX_TICK' (line 525, file C:\qp_lab\qpcpp\include\qs.hpp) not referenced
"C:\qp_lab\qpcpp\include\qs.hpp" 526 1 Info 769: global enumeration constant 'QP::QSpyRxRecords::QS_RX_PEEK' (line 526, file C:\qp_lab\qpcpp\include\qs.hpp) not referenced
"C:\qp_lab\qpcpp\include\qs.hpp" 527 1 Info 769: global enumeration constant 'QP::QSpyRxRecords::QS_RX_POKE' (line 527, file C:\qp_lab\qpcpp\include\qs.hpp) not referenced
"C:\qp_lab\qpcpp\include\qs.hpp" 528 1 Info 769: global enumeration constant 'QP::QSpyRxRecords::QS_RX_FILL' (line 528, file C:\qp_lab\qpcpp\include\qs.hpp) not referenced
"C:\qp_lab\qpcpp\include\qs.hpp" 529 1 Info 769: global enumeration constant 'QP::QSpyRxRecords::QS_RX_TEST_SETUP' (line 529, file C:\qp_lab\qpcpp\include\qs.hpp) not referenced
"C:\qp_lab\qpcpp\include\qs.hpp" 530 1 Info 769: global enumeration constant 'QP::QSpyRxRecords::QS_RX_TEST_TEARDOWN' (line 530, file C:\qp_lab\qpcpp\include\qs.hpp) not referenced
"C:\qp_lab\qpcpp\include\qs.hpp" 531 1 Info 769: global enumeration constant 'QP::QSpyRxRecords::QS_RX_TEST_PROBE' (line 531, file C:\qp_lab\qpcpp\include\qs.hpp) not referenced
"C:\qp_lab\qpcpp\include\qs.hpp" 532 1 Info 769: global enumeration constant 'QP::QSpyRxRecords::QS_RX_GLB_FILTER' (line 532, file C:\qp_lab\qpcpp\include\qs.hpp) not referenced
"C:\qp_lab\qpcpp\include\qs.hpp" 533 1 Info 769: global enumeration constant 'QP::QSpyRxRecords::QS_RX_LOC_FILTER' (line 533, file C:\qp_lab\qpcpp\include\qs.hpp) not referenced
"C:\qp_lab\qpcpp\include\qs.hpp" 534 1 Info 769: global enumeration constant 'QP::QSpyRxRecords::QS_RX_AO_FILTER' (line 534, file C:\qp_lab\qpcpp\include\qs.hpp) not referenced
"C:\qp_lab\qpcpp\include\qs.hpp" 535 1 Info 769: global enumeration constant 'QP::QSpyRxRecords::QS_RX_CURR_OBJ' (line 535, file C:\qp_lab\qpcpp\include\qs.hpp) not referenced
"C:\qp_lab\qpcpp\include\qs.hpp" 536 1 Info 769: global enumeration constant 'QP::QSpyRxRecords::QS_RX_TEST_CONTINUE' (line 536, file C:\qp_lab\qpcpp\include\qs.hpp) not referenced
"C:\qp_lab\qpcpp\include\qs.hpp" 537 1 Info 769: global enumeration constant 'QP::QSpyRxRecords::QS_RX_QUERY_CURR' (line 537, file C:\qp_lab\qpcpp\include\qs.hpp) not referenced
"C:\qp_lab\qpcpp\include\qs.hpp" 538 1 Info 769: global enumeration constant 'QP::QSpyRxRecords::QS_RX_EVENT' (line 538, file C:\qp_lab\qpcpp\include\qs.hpp) not referenced
"C:\qp_lab\qpcpp\src\qf\qf_dyn.cpp" 54 1 Info 729: Symbol 'QP::QF_maxPool_' (line 54, file C:\qp_lab\qpcpp\src\qf\qf_dyn.cpp) not explicitly initialized

Count   Type    Number  Text

4       Warning 526     Symbol '___' (___) not defined
42      Warning 1526    Member function '___' (___) not defined
2       Warning 1527    static member '___' (___) not defined
1       Info    729     Symbol '___' (___) not explicitly initialized
101     Info    755     global macro '___' (___) not referenced
6       Info    756     global typedef '___' (___) not referenced
2       Info    757     global declarator '___' (___) not referenced
5       Info    758     global ___ '___' (___) not referenced
10      Info    768     global struct member '___' (___) not referenced
107     Info    769     global enumeration constant '___' (___) not referenced
94      Info    1714    Member function '___' (___) not referenced
7       Info    1716    Virtual member function '___' (___) not referenced
1       Info    1795    Template '___' (___) was defined but not instantiated
2       Note    925     cast from ___ to ___
