
--- Module:   C:\qp_lab\qpc\src\qf\qep_hsm.c (C)

--- Module:   C:\qp_lab\qpc\src\qf\qep_msm.c (C)

--- Module:   C:\qp_lab\qpc\src\qf\qf_act.c (C)

--- Module:   C:\qp_lab\qpc\src\qf\qf_actq.c (C)

--- Module:   C:\qp_lab\qpc\src\qf\qf_defer.c (C)

--- Module:   C:\qp_lab\qpc\src\qf\qf_dyn.c (C)

--- Module:   C:\qp_lab\qpc\src\qf\qf_mem.c (C)

--- Module:   C:\qp_lab\qpc\src\qf\qf_ps.c (C)

--- Module:   C:\qp_lab\qpc\src\qf\qf_qact.c (C)

--- Module:   C:\qp_lab\qpc\src\qf\qf_qeq.c (C)

--- Module:   C:\qp_lab\qpc\src\qf\qf_qmact.c (C)

--- Module:   C:\qp_lab\qpc\src\qf\qf_time.c (C)

/// Start of Pass 2 ///

--- Module:   C:\qp_lab\qpc\src\qf\qep_hsm.c (C)

--- Module:   C:\qp_lab\qpc\src\qf\qep_msm.c (C)

--- Module:   C:\qp_lab\qpc\src\qf\qf_act.c (C)

--- Module:   C:\qp_lab\qpc\src\qf\qf_actq.c (C)

--- Module:   C:\qp_lab\qpc\src\qf\qf_defer.c (C)

--- Module:   C:\qp_lab\qpc\src\qf\qf_dyn.c (C)

--- Module:   C:\qp_lab\qpc\src\qf\qf_mem.c (C)

--- Module:   C:\qp_lab\qpc\src\qf\qf_ps.c (C)

--- Module:   C:\qp_lab\qpc\src\qf\qf_qact.c (C)

--- Module:   C:\qp_lab\qpc\src\qf\qf_qeq.c (C)

--- Module:   C:\qp_lab\qpc\src\qf\qf_qmact.c (C)

--- Module:   C:\qp_lab\qpc\src\qf\qf_time.c (C)

--- Global Wrap-up

"C:\qp_lab\qpc\ports\lint\qv\qf_port.h" 212 1 Info 757: global declarator 'intEnable(void)' (line 212, file C:\qp_lab\qpc\ports\lint\qv\qf_port.h) not referenced
 Note 960: Violates MISRA 2004 Required Rule 8.9, undefined symbol: 'intEnable' 
"C:\qp_lab\qpc\include\qf.h" 61 1 Info 756: global typedef 'QEvtSize' (line 61, file C:\qp_lab\qpc\include\qf.h) not referenced
"C:\qp_lab\qpc\include\qs.h" 322 1 Info 757: global declarator 'QS_mem(const uint8_t *, uint8_t)' (line 322, file C:\qp_lab\qpc\include\qs.h) not referenced
 Note 960: Violates MISRA 2004 Required Rule 8.9, undefined symbol: 'QS_mem' 
"C:\qp_lab\qpc\ports\lint\stdint.h" 32 1 Info 756: global typedef 'uint64_t' (line 32, file C:\qp_lab\qpc\ports\lint\stdint.h) not referenced
"C:\qp_lab\qpc\ports\lint\stdint.h" 27 1 Info 756: global typedef 'int64_t' (line 27, file C:\qp_lab\qpc\ports\lint\stdint.h) not referenced
"C:\qp_lab\qpc\src\qf\qf_actq.c" 437 1 Info 759: header declaration for symbol 'QTicker_ctor(QTicker *, uint8_t)' defined at (line 437, file C:\qp_lab\qpc\src\qf\qf_actq.c) could be moved from header to module
"C:\qp_lab\qpc\src\qf\qf_actq.c" 437 1 Info 765: external 'QTicker_ctor(QTicker *, uint8_t)' (line 437, file C:\qp_lab\qpc\src\qf\qf_actq.c) could be made static [MISRA 2004 Rule 8.10, required]
"C:\qp_lab\qpc\src\qf\qf_actq.c" 437 1 Info 714: Symbol 'QTicker_ctor(QTicker *, uint8_t)' (line 437, file C:\qp_lab\qpc\src\qf\qf_actq.c) not referenced
"C:\qp_lab\qpc\src\qf\qf_qmact.c" 67 1 Info 759: header declaration for symbol 'QMActive_ctor(QMActive *, QStateHandler)' defined at (line 67, file C:\qp_lab\qpc\src\qf\qf_qmact.c) could be moved from header to module
"C:\qp_lab\qpc\src\qf\qf_qmact.c" 67 1 Info 765: external 'QMActive_ctor(QMActive *, QStateHandler)' (line 67, file C:\qp_lab\qpc\src\qf\qf_qmact.c) could be made static [MISRA 2004 Rule 8.10, required]
"C:\qp_lab\qpc\src\qf\qf_qmact.c" 67 1 Info 714: Symbol 'QMActive_ctor(QMActive *, QStateHandler)' (line 67, file C:\qp_lab\qpc\src\qf\qf_qmact.c) not referenced
"C:\qp_lab\qpc\include\qs.h" 337 1 Warning 526: Symbol 'QS_obj_dict(const void *, const char_t *)' (line 337, file C:\qp_lab\qpc\include\qs.h, module C:\qp_lab\qpc\src\qf\qep_hsm.c) not defined
 Note 960: Violates MISRA 2004 Required Rule 8.9, undefined symbol: 'QS_obj_dict' 
"C:\qp_lab\qpc\include\qs.h" 378 1 Info 757: global declarator 'QS_onStartup(const void *)' (line 378, file C:\qp_lab\qpc\include\qs.h) not referenced
 Note 960: Violates MISRA 2004 Required Rule 8.9, undefined symbol: 'QS_onStartup' 
"C:\qp_lab\qpc\include\qs.h" 388 1 Info 757: global declarator 'QS_onCleanup(void)' (line 388, file C:\qp_lab\qpc\include\qs.h) not referenced
 Note 960: Violates MISRA 2004 Required Rule 8.9, undefined symbol: 'QS_onCleanup' 
"C:\qp_lab\qpc\include\qs.h" 1224 1 Info 757: global declarator 'QS_onCommand(uint8_t, uint32_t, uint32_t, uint32_t)' (line 1224, file C:\qp_lab\qpc\include\qs.h) not referenced
 Note 960: Violates MISRA 2004 Required Rule 8.9, undefined symbol: 'QS_onCommand' 
"C:\qp_lab\qpc\include\qs.h" 398 1 Info 757: global declarator 'QS_onFlush(void)' (line 398, file C:\qp_lab\qpc\include\qs.h) not referenced
 Note 960: Violates MISRA 2004 Required Rule 8.9, undefined symbol: 'QS_onFlush' 
"C:\qp_lab\qpc\include\qs.h" 418 1 Warning 526: Symbol 'QS_onGetTime(void)' (line 418, file C:\qp_lab\qpc\include\qs.h, module C:\qp_lab\qpc\src\qf\qep_hsm.c) not defined
 Note 960: Violates MISRA 2004 Required Rule 8.9, undefined symbol: 'QS_onGetTime' 
"C:\qp_lab\qpc\include\qs.h" 1221 1 Info 757: global declarator 'QS_onReset(void)' (line 1221, file C:\qp_lab\qpc\include\qs.h) not referenced
 Note 960: Violates MISRA 2004 Required Rule 8.9, undefined symbol: 'QS_onReset' 
"C:\qp_lab\qpc\ports\lint\qv\qf_port.h" 272 1 Warning 526: Symbol 'critEntry(void)' (line 272, file C:\qp_lab\qpc\ports\lint\qv\qf_port.h, module C:\qp_lab\qpc\src\qf\qep_hsm.c) not defined
 Note 960: Violates MISRA 2004 Required Rule 8.9, undefined symbol: 'critEntry' 
"C:\qp_lab\qpc\ports\lint\qv\qf_port.h" 273 1 Warning 526: Symbol 'critExit(crit_stat_t)' (line 273, file C:\qp_lab\qpc\ports\lint\qv\qf_port.h, module C:\qp_lab\qpc\src\qf\qep_hsm.c) not defined
 Note 960: Violates MISRA 2004 Required Rule 8.9, undefined symbol: 'critExit' 
"C:\qp_lab\qpc\src\qf\qf_dyn.c" 55 1 Info 729: Symbol 'QF_maxPool_' (line 55, file C:\qp_lab\qpc\src\qf\qf_dyn.c) not explicitly initialized
"C:\qp_lab\qpc\src\qf\qf_ps.c" 55 1 Info 759: header declaration for symbol 'QF_maxPubSignal_' defined at (line 55, file C:\qp_lab\qpc\src\qf\qf_ps.c) could be moved from header to module
"C:\qp_lab\qpc\src\qf\qf_ps.c" 55 1 Info 765: external 'QF_maxPubSignal_' (line 55, file C:\qp_lab\qpc\src\qf\qf_ps.c) could be made static [MISRA 2004 Rule 8.10, required]
"C:\qp_lab\qpc\include\qs.h" 1147 1 Warning 526: Symbol 'QS_priv_' (line 1147, file C:\qp_lab\qpc\include\qs.h, module C:\qp_lab\qpc\src\qf\qep_hsm.c) not defined
"C:\qp_lab\qpc\src\qf\qf_time.c" 204 1 Info 759: header declaration for symbol 'QF_noTimeEvtsActiveX(uint_fast8_t)' defined at (line 204, file C:\qp_lab\qpc\src\qf\qf_time.c) could be moved from header to module
"C:\qp_lab\qpc\src\qf\qf_time.c" 204 1 Info 765: external 'QF_noTimeEvtsActiveX(uint_fast8_t)' (line 204, file C:\qp_lab\qpc\src\qf\qf_time.c) could be made static [MISRA 2004 Rule 8.10, required]
"C:\qp_lab\qpc\src\qf\qf_time.c" 204 1 Info 714: Symbol 'QF_noTimeEvtsActiveX(uint_fast8_t)' (line 204, file C:\qp_lab\qpc\src\qf\qf_time.c) not referenced
"C:\qp_lab\qpc\src\qf\qf_dyn.c" 163 1 Info 759: header declaration for symbol 'QF_newX_(uint_fast16_t, uint_fast16_t, enum_t)' defined at (line 163, file C:\qp_lab\qpc\src\qf\qf_dyn.c) could be moved from header to module
"C:\qp_lab\qpc\src\qf\qf_dyn.c" 163 1 Info 765: external 'QF_newX_(uint_fast16_t, uint_fast16_t, enum_t)' (line 163, file C:\qp_lab\qpc\src\qf\qf_dyn.c) could be made static [MISRA 2004 Rule 8.10, required]
"C:\qp_lab\qpc\src\qf\qf_dyn.c" 163 1 Info 714: Symbol 'QF_newX_(uint_fast16_t, uint_fast16_t, enum_t)' (line 163, file C:\qp_lab\qpc\src\qf\qf_dyn.c) not referenced
"C:\qp_lab\qpc\src\qf\qf_dyn.c" 285 1 Info 759: header declaration for symbol 'QF_newRef_(const QEvt *, const void *)' defined at (line 285, file C:\qp_lab\qpc\src\qf\qf_dyn.c) could be moved from header to module
"C:\qp_lab\qpc\src\qf\qf_dyn.c" 285 1 Info 765: external 'QF_newRef_(const QEvt *, const void *)' (line 285, file C:\qp_lab\qpc\src\qf\qf_dyn.c) could be made static [MISRA 2004 Rule 8.10, required]
"C:\qp_lab\qpc\src\qf\qf_dyn.c" 285 1 Info 714: Symbol 'QF_newRef_(const QEvt *, const void *)' (line 285, file C:\qp_lab\qpc\src\qf\qf_dyn.c) not referenced
"C:\qp_lab\qpc\include\qf.h" 536 1 Info 757: global declarator 'QF_onStartup(void)' (line 536, file C:\qp_lab\qpc\include\qf.h) not referenced
 Note 960: Violates MISRA 2004 Required Rule 8.9, undefined symbol: 'QF_onStartup' 
"C:\qp_lab\qpc\include\qf.h" 552 1 Info 757: global declarator 'QF_onCleanup(void)' (line 552, file C:\qp_lab\qpc\include\qf.h) not referenced
 Note 960: Violates MISRA 2004 Required Rule 8.9, undefined symbol: 'QF_onCleanup' 
"C:\qp_lab\qpc\include\qv.h" 77 1 Info 757: global declarator 'QV_onIdle(void)' (line 77, file C:\qp_lab\qpc\include\qv.h) not referenced
 Note 960: Violates MISRA 2004 Required Rule 8.9, undefined symbol: 'QV_onIdle' 
"C:\qp_lab\qpc\include\qs.h" 282 1 Warning 526: Symbol 'QS_beginRec(uint_fast8_t)' (line 282, file C:\qp_lab\qpc\include\qs.h, module C:\qp_lab\qpc\src\qf\qep_hsm.c) not defined
 Note 960: Violates MISRA 2004 Required Rule 8.9, undefined symbol: 'QS_beginRec' 
"C:\qp_lab\qpc\include\qs.h" 1218 1 Info 757: global declarator 'QS_rxGetNfree(void)' (line 1218, file C:\qp_lab\qpc\include\qs.h) not referenced
 Note 960: Violates MISRA 2004 Required Rule 8.9, undefined symbol: 'QS_rxGetNfree' 
"C:\qp_lab\qpc\include\qs.h" 1179 1 Info 757: global declarator 'QS_rxInitBuf(uint8_t *, uint16_t)' (line 1179, file C:\qp_lab\qpc\include\qs.h) not referenced
 Note 960: Violates MISRA 2004 Required Rule 8.9, undefined symbol: 'QS_rxInitBuf' 
"C:\qp_lab\qpc\include\qs.h" 1182 1 Info 757: global declarator 'QS_rxParse(void)' (line 1182, file C:\qp_lab\qpc\include\qs.h) not referenced
 Note 960: Violates MISRA 2004 Required Rule 8.9, undefined symbol: 'QS_rxParse' 
"C:\qp_lab\qpc\include\qs.h" 1199 1 Info 757: global declarator 'QS_rxPriv_' (line 1199, file C:\qp_lab\qpc\include\qs.h) not referenced
 Note 960: Violates MISRA 2004 Required Rule 8.9, undefined symbol: 'QS_rxPriv_' 
"C:\qp_lab\qpc\src\qf\qf_dyn.c" 337 1 Info 759: header declaration for symbol 'QF_poolGetMaxBlockSize(void)' defined at (line 337, file C:\qp_lab\qpc\src\qf\qf_dyn.c) could be moved from header to module
"C:\qp_lab\qpc\src\qf\qf_dyn.c" 337 1 Info 765: external 'QF_poolGetMaxBlockSize(void)' (line 337, file C:\qp_lab\qpc\src\qf\qf_dyn.c) could be made static [MISRA 2004 Rule 8.10, required]
"C:\qp_lab\qpc\src\qf\qf_dyn.c" 337 1 Info 714: Symbol 'QF_poolGetMaxBlockSize(void)' (line 337, file C:\qp_lab\qpc\src\qf\qf_dyn.c) not referenced
"C:\qp_lab\qpc\src\qf\qf_dyn.c" 112 1 Info 759: header declaration for symbol 'QF_poolInit(void *, uint_fast32_t, uint_fast16_t)' defined at (line 112, file C:\qp_lab\qpc\src\qf\qf_dyn.c) could be moved from header to module
"C:\qp_lab\qpc\src\qf\qf_dyn.c" 112 1 Info 765: external 'QF_poolInit(void *, uint_fast32_t, uint_fast16_t)' (line 112, file C:\qp_lab\qpc\src\qf\qf_dyn.c) could be made static [MISRA 2004 Rule 8.10, required]
"C:\qp_lab\qpc\src\qf\qf_dyn.c" 112 1 Info 714: Symbol 'QF_poolInit(void *, uint_fast32_t, uint_fast16_t)' (line 112, file C:\qp_lab\qpc\src\qf\qf_dyn.c) not referenced
"C:\qp_lab\qpc\src\qf\qf_ps.c" 86 1 Info 759: header declaration for symbol 'QF_psInit(QSubscrList *, enum_t)' defined at (line 86, file C:\qp_lab\qpc\src\qf\qf_ps.c) could be moved from header to module
"C:\qp_lab\qpc\src\qf\qf_ps.c" 86 1 Info 765: external 'QF_psInit(QSubscrList *, enum_t)' (line 86, file C:\qp_lab\qpc\src\qf\qf_ps.c) could be made static [MISRA 2004 Rule 8.10, required]
"C:\qp_lab\qpc\src\qf\qf_ps.c" 86 1 Info 714: Symbol 'QF_psInit(QSubscrList *, enum_t)' (line 86, file C:\qp_lab\qpc\src\qf\qf_ps.c) not referenced
"C:\qp_lab\qpc\src\qf\qf_ps.c" 122 1 Info 759: header declaration for symbol 'QF_publish_(const QEvt *, const void *)' defined at (line 122, file C:\qp_lab\qpc\src\qf\qf_ps.c) could be moved from header to module
"C:\qp_lab\qpc\src\qf\qf_ps.c" 122 1 Info 765: external 'QF_publish_(const QEvt *, const void *)' (line 122, file C:\qp_lab\qpc\src\qf\qf_ps.c) could be made static [MISRA 2004 Rule 8.10, required]
"C:\qp_lab\qpc\src\qf\qf_ps.c" 122 1 Info 714: Symbol 'QF_publish_(const QEvt *, const void *)' (line 122, file C:\qp_lab\qpc\src\qf\qf_ps.c) not referenced
"C:\qp_lab\qpc\src\qf\qep_hsm.c" 52 1 Info 759: header declaration for symbol 'QP_versionStr' defined at (line 52, file C:\qp_lab\qpc\src\qf\qep_hsm.c) could be moved from header to module
"C:\qp_lab\qpc\src\qf\qep_hsm.c" 52 1 Info 765: external 'QP_versionStr' (line 52, file C:\qp_lab\qpc\src\qf\qep_hsm.c) could be made static [MISRA 2004 Rule 8.10, required]
"C:\qp_lab\qpc\src\qf\qep_hsm.c" 52 1 Info 714: Symbol 'QP_versionStr' (line 52, file C:\qp_lab\qpc\src\qf\qep_hsm.c) not referenced
"C:\qp_lab\qpc\include\qs.h" 300 1 Info 757: global declarator 'QS_str_(const char_t *)' (line 300, file C:\qp_lab\qpc\include\qs.h) not referenced
 Note 960: Violates MISRA 2004 Required Rule 8.9, undefined symbol: 'QS_str_' 
"C:\qp_lab\qpc\include\qs.h" 319 1 Info 757: global declarator 'QS_str(const char_t *)' (line 319, file C:\qp_lab\qpc\include\qs.h) not referenced
 Note 960: Violates MISRA 2004 Required Rule 8.9, undefined symbol: 'QS_str' 
"C:\qp_lab\qpc\include\qs.h" 333 1 Info 757: global declarator 'QS_sig_dict(enum_t, const void *, const char_t *)' (line 333, file C:\qp_lab\qpc\include\qs.h) not referenced
 Note 960: Violates MISRA 2004 Required Rule 8.9, undefined symbol: 'QS_sig_dict' 
"C:\qp_lab\qpc\src\qf\qf_act.c" 69 1 Info 759: header declaration for symbol 'QF_add_(struct QActive *)' defined at (line 69, file C:\qp_lab\qpc\src\qf\qf_act.c) could be moved from header to module
"C:\qp_lab\qpc\src\qf\qf_act.c" 69 1 Info 765: external 'QF_add_(struct QActive *)' (line 69, file C:\qp_lab\qpc\src\qf\qf_act.c) could be made static [MISRA 2004 Rule 8.10, required]
"C:\qp_lab\qpc\src\qf\qf_act.c" 69 1 Info 714: Symbol 'QF_add_(struct QActive *)' (line 69, file C:\qp_lab\qpc\src\qf\qf_act.c) not referenced
"C:\qp_lab\qpc\include\qv.h" 107 1 Warning 526: Symbol 'QV_readySet_' (line 107, file C:\qp_lab\qpc\include\qv.h, module C:\qp_lab\qpc\src\qf\qep_hsm.c) not defined
 Note 960: Violates MISRA 2004 Required Rule 8.9, undefined symbol: 'QV_readySet_' 
"C:\qp_lab\qpc\src\qf\qf_act.c" 102 1 Info 759: header declaration for symbol 'QF_remove_(struct QActive *)' defined at (line 102, file C:\qp_lab\qpc\src\qf\qf_act.c) could be moved from header to module
"C:\qp_lab\qpc\src\qf\qf_act.c" 102 1 Info 765: external 'QF_remove_(struct QActive *)' (line 102, file C:\qp_lab\qpc\src\qf\qf_act.c) could be made static [MISRA 2004 Rule 8.10, required]
"C:\qp_lab\qpc\src\qf\qf_act.c" 102 1 Info 714: Symbol 'QF_remove_(struct QActive *)' (line 102, file C:\qp_lab\qpc\src\qf\qf_act.c) not referenced
"C:\qp_lab\qpc\include\qf.h" 523 1 Info 757: global declarator 'QF_run(void)' (line 523, file C:\qp_lab\qpc\include\qf.h) not referenced
 Note 960: Violates MISRA 2004 Required Rule 8.9, undefined symbol: 'QF_run' 
"C:\qp_lab\qpc\include\qs.h" 285 1 Warning 526: Symbol 'QS_endRec(void)' (line 285, file C:\qp_lab\qpc\include\qs.h, module C:\qp_lab\qpc\src\qf\qep_hsm.c) not defined
 Note 960: Violates MISRA 2004 Required Rule 8.9, undefined symbol: 'QS_endRec' 
"C:\qp_lab\qpc\include\qs.h" 307 1 Info 757: global declarator 'QS_u16(uint8_t, uint16_t)' (line 307, file C:\qp_lab\qpc\include\qs.h) not referenced
 Note 960: Violates MISRA 2004 Required Rule 8.9, undefined symbol: 'QS_u16' 
"C:\qp_lab\qpc\include\qs.h" 294 1 Warning 526: Symbol 'QS_u16_(uint16_t)' (line 294, file C:\qp_lab\qpc\include\qs.h, module C:\qp_lab\qpc\src\qf\qep_hsm.c) not defined
 Note 960: Violates MISRA 2004 Required Rule 8.9, undefined symbol: 'QS_u16_' 
"C:\qp_lab\qpc\include\qs.h" 310 1 Info 757: global declarator 'QS_u32(uint8_t, uint32_t)' (line 310, file C:\qp_lab\qpc\include\qs.h) not referenced
 Note 960: Violates MISRA 2004 Required Rule 8.9, undefined symbol: 'QS_u32' 
"C:\qp_lab\qpc\include\qs.h" 297 1 Warning 526: Symbol 'QS_u32_(uint32_t)' (line 297, file C:\qp_lab\qpc\include\qs.h, module C:\qp_lab\qpc\src\qf\qep_hsm.c) not defined
 Note 960: Violates MISRA 2004 Required Rule 8.9, undefined symbol: 'QS_u32_' 
"C:\qp_lab\qpc\include\qs.h" 304 1 Info 757: global declarator 'QS_u8(uint8_t, uint8_t)' (line 304, file C:\qp_lab\qpc\include\qs.h) not referenced
 Note 960: Violates MISRA 2004 Required Rule 8.9, undefined symbol: 'QS_u8' 
"C:\qp_lab\qpc\include\qs.h" 288 1 Warning 526: Symbol 'QS_u8_(uint8_t)' (line 288, file C:\qp_lab\qpc\include\qs.h, module C:\qp_lab\qpc\src\qf\qep_hsm.c) not defined
 Note 960: Violates MISRA 2004 Required Rule 8.9, undefined symbol: 'QS_u8_' 
"C:\qp_lab\qpc\include\qs.h" 291 1 Warning 526: Symbol 'QS_u8u8_(uint8_t, uint8_t)' (line 291, file C:\qp_lab\qpc\include\qs.h, module C:\qp_lab\qpc\src\qf\qep_hsm.c) not defined
 Note 960: Violates MISRA 2004 Required Rule 8.9, undefined symbol: 'QS_u8u8_' 
"C:\qp_lab\qpc\include\qs.h" 345 1 Info 757: global declarator 'QS_usr_dict(enum_t, const char_t *)' (line 345, file C:\qp_lab\qpc\include\qs.h) not referenced
 Note 960: Violates MISRA 2004 Required Rule 8.9, undefined symbol: 'QS_usr_dict' 
"C:\qp_lab\qpc\src\qf\qf_defer.c" 77 1 Info 759: header declaration for symbol 'QActive_defer(const struct QActive *, struct QEQueue *, const QEvt *)' defined at (line 77, file C:\qp_lab\qpc\src\qf\qf_defer.c) could be moved from header to module
"C:\qp_lab\qpc\src\qf\qf_defer.c" 77 1 Info 765: external 'QActive_defer(const struct QActive *, struct QEQueue *, const QEvt *)' (line 77, file C:\qp_lab\qpc\src\qf\qf_defer.c) could be made static [MISRA 2004 Rule 8.10, required]
"C:\qp_lab\qpc\src\qf\qf_defer.c" 77 1 Info 714: Symbol 'QActive_defer(const struct QActive *, struct QEQueue *, const QEvt *)' (line 77, file C:\qp_lab\qpc\src\qf\qf_defer.c) not referenced
"C:\qp_lab\qpc\src\qf\qf_defer.c" 187 1 Info 759: header declaration for symbol 'QActive_flushDeferred(const struct QActive *, struct QEQueue *)' defined at (line 187, file C:\qp_lab\qpc\src\qf\qf_defer.c) could be moved from header to module
"C:\qp_lab\qpc\src\qf\qf_defer.c" 187 1 Info 765: external 'QActive_flushDeferred(const struct QActive *, struct QEQueue *)' (line 187, file C:\qp_lab\qpc\src\qf\qf_defer.c) could be made static [MISRA 2004 Rule 8.10, required]
"C:\qp_lab\qpc\src\qf\qf_defer.c" 187 1 Info 714: Symbol 'QActive_flushDeferred(const struct QActive *, struct QEQueue *)' (line 187, file C:\qp_lab\qpc\src\qf\qf_defer.c) not referenced
"C:\qp_lab\qpc\src\qf\qf_actq.c" 329 1 Info 759: header declaration for symbol 'QActive_get_(struct QActive *)' defined at (line 329, file C:\qp_lab\qpc\src\qf\qf_actq.c) could be moved from header to module
"C:\qp_lab\qpc\src\qf\qf_actq.c" 329 1 Info 765: external 'QActive_get_(struct QActive *)' (line 329, file C:\qp_lab\qpc\src\qf\qf_actq.c) could be made static [MISRA 2004 Rule 8.10, required]
"C:\qp_lab\qpc\src\qf\qf_actq.c" 329 1 Info 714: Symbol 'QActive_get_(struct QActive *)' (line 329, file C:\qp_lab\qpc\src\qf\qf_actq.c) not referenced
"C:\qp_lab\qpc\src\qf\qf_defer.c" 118 1 Info 759: header declaration for symbol 'QActive_recall(struct QActive *, struct QEQueue *)' defined at (line 118, file C:\qp_lab\qpc\src\qf\qf_defer.c) could be moved from header to module
"C:\qp_lab\qpc\src\qf\qf_defer.c" 118 1 Info 765: external 'QActive_recall(struct QActive *, struct QEQueue *)' (line 118, file C:\qp_lab\qpc\src\qf\qf_defer.c) could be made static [MISRA 2004 Rule 8.10, required]
"C:\qp_lab\qpc\src\qf\qf_defer.c" 118 1 Info 714: Symbol 'QActive_recall(struct QActive *, struct QEQueue *)' (line 118, file C:\qp_lab\qpc\src\qf\qf_defer.c) not referenced
"C:\qp_lab\qpc\include\qf.h" 338 1 Info 757: global declarator 'QActive_setAttr(struct QActive *, uint32_t, const void *)' (line 338, file C:\qp_lab\qpc\include\qf.h) not referenced
 Note 960: Violates MISRA 2004 Required Rule 8.9, undefined symbol: 'QActive_setAttr' 
"C:\qp_lab\qpc\src\qf_pkg.h" 119 1 Warning 526: Symbol 'QActive_start_(struct QActive *, uint_fast8_t, const QEvt **, uint_fast16_t, void *, uint_fast16_t, const void *)' (line 119, file C:\qp_lab\qpc\src\qf_pkg.h, module C:\qp_lab\qpc\src\qf\qf_act.c) not defined
 Note 960: Violates MISRA 2004 Required Rule 8.9, undefined symbol: 'QActive_start_' 
"C:\qp_lab\qpc\src\qf\qf_ps.c" 207 1 Info 759: header declaration for symbol 'QActive_subscribe(const struct QActive *, enum_t)' defined at (line 207, file C:\qp_lab\qpc\src\qf\qf_ps.c) could be moved from header to module
"C:\qp_lab\qpc\src\qf\qf_ps.c" 207 1 Info 765: external 'QActive_subscribe(const struct QActive *, enum_t)' (line 207, file C:\qp_lab\qpc\src\qf\qf_ps.c) could be made static [MISRA 2004 Rule 8.10, required]
"C:\qp_lab\qpc\src\qf\qf_ps.c" 207 1 Info 714: Symbol 'QActive_subscribe(const struct QActive *, enum_t)' (line 207, file C:\qp_lab\qpc\src\qf\qf_ps.c) not referenced
"C:\qp_lab\qpc\src\qf\qf_ps.c" 255 1 Info 759: header declaration for symbol 'QActive_unsubscribe(const struct QActive *, enum_t)' defined at (line 255, file C:\qp_lab\qpc\src\qf\qf_ps.c) could be moved from header to module
"C:\qp_lab\qpc\src\qf\qf_ps.c" 255 1 Info 765: external 'QActive_unsubscribe(const struct QActive *, enum_t)' (line 255, file C:\qp_lab\qpc\src\qf\qf_ps.c) could be made static [MISRA 2004 Rule 8.10, required]
"C:\qp_lab\qpc\src\qf\qf_ps.c" 255 1 Info 714: Symbol 'QActive_unsubscribe(const struct QActive *, enum_t)' (line 255, file C:\qp_lab\qpc\src\qf\qf_ps.c) not referenced
"C:\qp_lab\qpc\src\qf\qf_ps.c" 304 1 Info 759: header declaration for symbol 'QActive_unsubscribeAll(const struct QActive *)' defined at (line 304, file C:\qp_lab\qpc\src\qf\qf_ps.c) could be moved from header to module
"C:\qp_lab\qpc\src\qf\qf_ps.c" 304 1 Info 765: external 'QActive_unsubscribeAll(const struct QActive *)' (line 304, file C:\qp_lab\qpc\src\qf\qf_ps.c) could be made static [MISRA 2004 Rule 8.10, required]
"C:\qp_lab\qpc\src\qf\qf_ps.c" 304 1 Info 714: Symbol 'QActive_unsubscribeAll(const struct QActive *)' (line 304, file C:\qp_lab\qpc\src\qf\qf_ps.c) not referenced
"C:\qp_lab\qpc\include\qf.h" 527 1 Info 757: global declarator 'QF_stop(void)' (line 527, file C:\qp_lab\qpc\include\qf.h) not referenced
 Note 960: Violates MISRA 2004 Required Rule 8.9, undefined symbol: 'QF_stop' 
"C:\qp_lab\qpc\src\qf\qf_ps.c" 54 1 Info 759: header declaration for symbol 'QF_subscrList_' defined at (line 54, file C:\qp_lab\qpc\src\qf\qf_ps.c) could be moved from header to module
"C:\qp_lab\qpc\src\qf\qf_ps.c" 54 1 Info 765: external 'QF_subscrList_' (line 54, file C:\qp_lab\qpc\src\qf\qf_ps.c) could be made static [MISRA 2004 Rule 8.10, required]
"C:\qp_lab\qpc\src\qf\qep_hsm.c" 607 1 Info 759: header declaration for symbol 'QHsm_childState_(QHsm *, QStateHandler)' defined at (line 607, file C:\qp_lab\qpc\src\qf\qep_hsm.c) could be moved from header to module
"C:\qp_lab\qpc\src\qf\qep_hsm.c" 607 1 Info 765: external 'QHsm_childState_(QHsm *, QStateHandler)' (line 607, file C:\qp_lab\qpc\src\qf\qep_hsm.c) could be made static [MISRA 2004 Rule 8.10, required]
"C:\qp_lab\qpc\src\qf\qep_hsm.c" 607 1 Info 714: Symbol 'QHsm_childState_(QHsm *, QStateHandler)' (line 607, file C:\qp_lab\qpc\src\qf\qep_hsm.c) not referenced
"C:\qp_lab\qpc\src\qf\qep_hsm.c" 562 1 Info 759: header declaration for symbol 'QHsm_isIn(QHsm *, QStateHandler)' defined at (line 562, file C:\qp_lab\qpc\src\qf\qep_hsm.c) could be moved from header to module
"C:\qp_lab\qpc\src\qf\qep_hsm.c" 562 1 Info 765: external 'QHsm_isIn(QHsm *, QStateHandler)' (line 562, file C:\qp_lab\qpc\src\qf\qep_hsm.c) could be made static [MISRA 2004 Rule 8.10, required]
"C:\qp_lab\qpc\src\qf\qep_hsm.c" 562 1 Info 714: Symbol 'QHsm_isIn(QHsm *, QStateHandler)' (line 562, file C:\qp_lab\qpc\src\qf\qep_hsm.c) not referenced
"C:\qp_lab\qpc\src\qf\qep_hsm.c" 233 1 Info 759: header declaration for symbol 'QHsm_top(const void *, const QEvt *)' defined at (line 233, file C:\qp_lab\qpc\src\qf\qep_hsm.c) could be moved from header to module
"C:\qp_lab\qpc\src\qf\qep_hsm.c" 233 1 Info 765: external 'QHsm_top(const void *, const QEvt *)' (line 233, file C:\qp_lab\qpc\src\qf\qep_hsm.c) could be made static [MISRA 2004 Rule 8.10, required]
"C:\qp_lab\qpc\include\qs.h" 279 1 Info 757: global declarator 'QS_filterOff(uint_fast8_t)' (line 279, file C:\qp_lab\qpc\include\qs.h) not referenced
 Note 960: Violates MISRA 2004 Required Rule 8.9, undefined symbol: 'QS_filterOff' 
"C:\qp_lab\qpc\include\qs.h" 313 1 Info 757: global declarator 'QS_f32(uint8_t, float32_t)' (line 313, file C:\qp_lab\qpc\include\qs.h) not referenced
 Note 960: Violates MISRA 2004 Required Rule 8.9, undefined symbol: 'QS_f32' 
"C:\qp_lab\qpc\include\qs.h" 316 1 Info 757: global declarator 'QS_f64(uint8_t, float64_t)' (line 316, file C:\qp_lab\qpc\include\qs.h) not referenced
 Note 960: Violates MISRA 2004 Required Rule 8.9, undefined symbol: 'QS_f64' 
"C:\qp_lab\qpc\include\qs.h" 276 1 Info 757: global declarator 'QS_filterOn(uint_fast8_t)' (line 276, file C:\qp_lab\qpc\include\qs.h) not referenced
 Note 960: Violates MISRA 2004 Required Rule 8.9, undefined symbol: 'QS_filterOn' 
"C:\qp_lab\qpc\include\qs.h" 341 1 Info 757: global declarator 'QS_fun_dict(void (*)(void), const char_t *)' (line 341, file C:\qp_lab\qpc\include\qs.h) not referenced
 Note 960: Violates MISRA 2004 Required Rule 8.9, undefined symbol: 'QS_fun_dict' 
"C:\qp_lab\qpc\src\qf\qf_dyn.c" 319 1 Info 759: header declaration for symbol 'QF_deleteRef_(const void *)' defined at (line 319, file C:\qp_lab\qpc\src\qf\qf_dyn.c) could be moved from header to module
"C:\qp_lab\qpc\src\qf\qf_dyn.c" 319 1 Info 765: external 'QF_deleteRef_(const void *)' (line 319, file C:\qp_lab\qpc\src\qf\qf_dyn.c) could be made static [MISRA 2004 Rule 8.10, required]
"C:\qp_lab\qpc\src\qf\qf_dyn.c" 319 1 Info 714: Symbol 'QF_deleteRef_(const void *)' (line 319, file C:\qp_lab\qpc\src\qf\qf_dyn.c) not referenced
"C:\qp_lab\qpc\include\qs.h" 350 1 Info 757: global declarator 'QS_getByte(void)' (line 350, file C:\qp_lab\qpc\include\qs.h) not referenced
 Note 960: Violates MISRA 2004 Required Rule 8.9, undefined symbol: 'QS_getByte' 
"C:\qp_lab\qpc\include\qs.h" 356 1 Info 757: global declarator 'QS_getBlock(uint16_t *)' (line 356, file C:\qp_lab\qpc\include\qs.h) not referenced
 Note 960: Violates MISRA 2004 Required Rule 8.9, undefined symbol: 'QS_getBlock' 
"C:\qp_lab\qpc\src\qf\qf_time.c" 53 1 Info 759: header declaration for symbol 'QF_timeEvtHead_' defined at (line 53, file C:\qp_lab\qpc\src\qf\qf_time.c) could be moved from header to module
"C:\qp_lab\qpc\src\qf\qf_time.c" 53 1 Info 765: external 'QF_timeEvtHead_' (line 53, file C:\qp_lab\qpc\src\qf\qf_time.c) could be made static [MISRA 2004 Rule 8.10, required]
"C:\qp_lab\qpc\ports\lint\stdint.h" 37 1 Info 756: global typedef 'int_fast16_t' (line 37, file C:\qp_lab\qpc\ports\lint\stdint.h) not referenced
"C:\qp_lab\qpc\ports\lint\stdint.h" 39 1 Info 756: global typedef 'int_fast32_t' (line 39, file C:\qp_lab\qpc\ports\lint\stdint.h) not referenced
"C:\qp_lab\qpc\src\qf\qf_time.c" 296 1 Info 759: header declaration for symbol 'QTimeEvt_armX(struct QTimeEvt *, QTimeEvtCtr, QTimeEvtCtr)' defined at (line 296, file C:\qp_lab\qpc\src\qf\qf_time.c) could be moved from header to module
"C:\qp_lab\qpc\src\qf\qf_time.c" 296 1 Info 765: external 'QTimeEvt_armX(struct QTimeEvt *, QTimeEvtCtr, QTimeEvtCtr)' (line 296, file C:\qp_lab\qpc\src\qf\qf_time.c) could be made static [MISRA 2004 Rule 8.10, required]
"C:\qp_lab\qpc\src\qf\qf_time.c" 296 1 Info 714: Symbol 'QTimeEvt_armX(struct QTimeEvt *, QTimeEvtCtr, QTimeEvtCtr)' (line 296, file C:\qp_lab\qpc\src\qf\qf_time.c) not referenced
"C:\qp_lab\qpc\src\qf\qf_time.c" 237 1 Info 759: header declaration for symbol 'QTimeEvt_ctorX(struct QTimeEvt *, struct QActive *, enum_t, uint_fast8_t)' defined at (line 237, file C:\qp_lab\qpc\src\qf\qf_time.c) could be moved from header to module
"C:\qp_lab\qpc\src\qf\qf_time.c" 237 1 Info 765: external 'QTimeEvt_ctorX(struct QTimeEvt *, struct QActive *, enum_t, uint_fast8_t)' (line 237, file C:\qp_lab\qpc\src\qf\qf_time.c) could be made static [MISRA 2004 Rule 8.10, required]
"C:\qp_lab\qpc\src\qf\qf_time.c" 237 1 Info 714: Symbol 'QTimeEvt_ctorX(struct QTimeEvt *, struct QActive *, enum_t, uint_fast8_t)' (line 237, file C:\qp_lab\qpc\src\qf\qf_time.c) not referenced
"C:\qp_lab\qpc\src\qf\qf_time.c" 371 1 Info 759: header declaration for symbol 'QTimeEvt_disarm(struct QTimeEvt *)' defined at (line 371, file C:\qp_lab\qpc\src\qf\qf_time.c) could be moved from header to module
"C:\qp_lab\qpc\src\qf\qf_time.c" 371 1 Info 765: external 'QTimeEvt_disarm(struct QTimeEvt *)' (line 371, file C:\qp_lab\qpc\src\qf\qf_time.c) could be made static [MISRA 2004 Rule 8.10, required]
"C:\qp_lab\qpc\src\qf\qf_time.c" 371 1 Info 714: Symbol 'QTimeEvt_disarm(struct QTimeEvt *)' (line 371, file C:\qp_lab\qpc\src\qf\qf_time.c) not referenced
"C:\qp_lab\qpc\src\qf\qf_time.c" 535 1 Info 759: header declaration for symbol 'QTimeEvt_currCtr(const struct QTimeEvt *)' defined at (line 535, file C:\qp_lab\qpc\src\qf\qf_time.c) could be moved from header to module
"C:\qp_lab\qpc\src\qf\qf_time.c" 535 1 Info 765: external 'QTimeEvt_currCtr(const struct QTimeEvt *)' (line 535, file C:\qp_lab\qpc\src\qf\qf_time.c) could be made static [MISRA 2004 Rule 8.10, required]
"C:\qp_lab\qpc\src\qf\qf_time.c" 535 1 Info 714: Symbol 'QTimeEvt_currCtr(const struct QTimeEvt *)' (line 535, file C:\qp_lab\qpc\src\qf\qf_time.c) not referenced
"C:\qp_lab\qpc\src\qf\qf_time.c" 431 1 Info 759: header declaration for symbol 'QTimeEvt_rearm(struct QTimeEvt *, QTimeEvtCtr)' defined at (line 431, file C:\qp_lab\qpc\src\qf\qf_time.c) could be moved from header to module
"C:\qp_lab\qpc\src\qf\qf_time.c" 431 1 Info 765: external 'QTimeEvt_rearm(struct QTimeEvt *, QTimeEvtCtr)' (line 431, file C:\qp_lab\qpc\src\qf\qf_time.c) could be made static [MISRA 2004 Rule 8.10, required]
"C:\qp_lab\qpc\src\qf\qf_time.c" 431 1 Info 714: Symbol 'QTimeEvt_rearm(struct QTimeEvt *, QTimeEvtCtr)' (line 431, file C:\qp_lab\qpc\src\qf\qf_time.c) not referenced
"C:\qp_lab\qpc\src\qf\qf_time.c" 513 1 Info 759: header declaration for symbol 'QTimeEvt_wasDisarmed(struct QTimeEvt *)' defined at (line 513, file C:\qp_lab\qpc\src\qf\qf_time.c) could be moved from header to module
"C:\qp_lab\qpc\src\qf\qf_time.c" 513 1 Info 765: external 'QTimeEvt_wasDisarmed(struct QTimeEvt *)' (line 513, file C:\qp_lab\qpc\src\qf\qf_time.c) could be made static [MISRA 2004 Rule 8.10, required]
"C:\qp_lab\qpc\src\qf\qf_time.c" 513 1 Info 714: Symbol 'QTimeEvt_wasDisarmed(struct QTimeEvt *)' (line 513, file C:\qp_lab\qpc\src\qf\qf_time.c) not referenced
"C:\qp_lab\qpc\ports\lint\stdint.h" 25 1 Info 756: global typedef 'int16_t' (line 25, file C:\qp_lab\qpc\ports\lint\stdint.h) not referenced
"C:\qp_lab\qpc\src\qf\qf_qeq.c" 71 1 Info 759: header declaration for symbol 'QEQueue_init(struct QEQueue *, const QEvt **, uint_fast16_t)' defined at (line 71, file C:\qp_lab\qpc\src\qf\qf_qeq.c) could be moved from header to module
"C:\qp_lab\qpc\src\qf\qf_qeq.c" 71 1 Info 765: external 'QEQueue_init(struct QEQueue *, const QEvt **, uint_fast16_t)' (line 71, file C:\qp_lab\qpc\src\qf\qf_qeq.c) could be made static [MISRA 2004 Rule 8.10, required]
"C:\qp_lab\qpc\src\qf\qf_qeq.c" 71 1 Info 714: Symbol 'QEQueue_init(struct QEQueue *, const QEvt **, uint_fast16_t)' (line 71, file C:\qp_lab\qpc\src\qf\qf_qeq.c) not referenced
"C:\qp_lab\qpc\src\qf\qf_qeq.c" 214 1 Info 759: header declaration for symbol 'QEQueue_postLIFO(struct QEQueue *, const QEvt *)' defined at (line 214, file C:\qp_lab\qpc\src\qf\qf_qeq.c) could be moved from header to module
"C:\qp_lab\qpc\src\qf\qf_qeq.c" 214 1 Info 765: external 'QEQueue_postLIFO(struct QEQueue *, const QEvt *)' (line 214, file C:\qp_lab\qpc\src\qf\qf_qeq.c) could be made static [MISRA 2004 Rule 8.10, required]
"C:\qp_lab\qpc\src\qf\qf_qeq.c" 214 1 Info 714: Symbol 'QEQueue_postLIFO(struct QEQueue *, const QEvt *)' (line 214, file C:\qp_lab\qpc\src\qf\qf_qeq.c) not referenced
"C:\qp_lab\qpc\include\qs.h" 273 1 Info 757: global declarator 'QS_initBuf(uint8_t *, uint_fast16_t)' (line 273, file C:\qp_lab\qpc\include\qs.h) not referenced
 Note 960: Violates MISRA 2004 Required Rule 8.9, undefined symbol: 'QS_initBuf' 
"C:\qp_lab\qpc\src\qf\qf_mem.c" 290 1 Info 759: header declaration for symbol 'QF_getPoolMin(uint_fast8_t)' defined at (line 290, file C:\qp_lab\qpc\src\qf\qf_mem.c) could be moved from header to module
"C:\qp_lab\qpc\src\qf\qf_mem.c" 290 1 Info 765: external 'QF_getPoolMin(uint_fast8_t)' (line 290, file C:\qp_lab\qpc\src\qf\qf_mem.c) could be made static [MISRA 2004 Rule 8.10, required]
"C:\qp_lab\qpc\src\qf\qf_mem.c" 290 1 Info 714: Symbol 'QF_getPoolMin(uint_fast8_t)' (line 290, file C:\qp_lab\qpc\src\qf\qf_mem.c) not referenced
"C:\qp_lab\qpc\src\qf\qf_actq.c" 396 1 Info 759: header declaration for symbol 'QF_getQueueMin(uint_fast8_t)' defined at (line 396, file C:\qp_lab\qpc\src\qf\qf_actq.c) could be moved from header to module
"C:\qp_lab\qpc\src\qf\qf_actq.c" 396 1 Info 765: external 'QF_getQueueMin(uint_fast8_t)' (line 396, file C:\qp_lab\qpc\src\qf\qf_actq.c) could be made static [MISRA 2004 Rule 8.10, required]
"C:\qp_lab\qpc\src\qf\qf_actq.c" 396 1 Info 714: Symbol 'QF_getQueueMin(uint_fast8_t)' (line 396, file C:\qp_lab\qpc\src\qf\qf_actq.c) not referenced
"C:\qp_lab\qpc\include\qassert.h" 248 1 Warning 526: Symbol 'Q_onAssert(const char_t *, int_t)' (line 248, file C:\qp_lab\qpc\include\qassert.h, module C:\qp_lab\qpc\src\qf\qep_hsm.c) not defined
 Note 960: Violates MISRA 2004 Required Rule 8.9, undefined symbol: 'Q_onAssert' 
"C:\qp_lab\qpc\ports\lint\stdint.h" 26 1 Info 756: global typedef 'int32_t' (line 26, file C:\qp_lab\qpc\ports\lint\stdint.h) not referenced
"C:\qp_lab\qpc\src\qf\qep_msm.c" 570 1 Info 759: header declaration for symbol 'QMsm_childStateObj_(const QMsm *, const struct QMState *)' defined at (line 570, file C:\qp_lab\qpc\src\qf\qep_msm.c) could be moved from header to module
"C:\qp_lab\qpc\src\qf\qep_msm.c" 570 1 Info 765: external 'QMsm_childStateObj_(const QMsm *, const struct QMState *)' (line 570, file C:\qp_lab\qpc\src\qf\qep_msm.c) could be made static [MISRA 2004 Rule 8.10, required]
"C:\qp_lab\qpc\src\qf\qep_msm.c" 570 1 Info 714: Symbol 'QMsm_childStateObj_(const QMsm *, const struct QMState *)' (line 570, file C:\qp_lab\qpc\src\qf\qep_msm.c) not referenced
"C:\qp_lab\qpc\src\qf\qep_msm.c" 539 1 Info 759: header declaration for symbol 'QMsm_isInState(const QMsm *, const struct QMState *)' defined at (line 539, file C:\qp_lab\qpc\src\qf\qep_msm.c) could be moved from header to module
"C:\qp_lab\qpc\src\qf\qep_msm.c" 539 1 Info 765: external 'QMsm_isInState(const QMsm *, const struct QMState *)' (line 539, file C:\qp_lab\qpc\src\qf\qep_msm.c) could be made static [MISRA 2004 Rule 8.10, required]
"C:\qp_lab\qpc\src\qf\qep_msm.c" 539 1 Info 714: Symbol 'QMsm_isInState(const QMsm *, const struct QMState *)' (line 539, file C:\qp_lab\qpc\src\qf\qep_msm.c) not referenced
"C:\qp_lab\qpc\ports\lint\qv\qf_port.h" 211 1 Info 757: global declarator 'intDisable(void)' (line 211, file C:\qp_lab\qpc\ports\lint\qv\qf_port.h) not referenced
 Note 960: Violates MISRA 2004 Required Rule 8.9, undefined symbol: 'intDisable' 
"C:\qp_lab\qpc\include\qf.h" 510 1 Info 757: global declarator 'QF_init(void)' (line 510, file C:\qp_lab\qpc\include\qf.h) not referenced
 Note 960: Violates MISRA 2004 Required Rule 8.9, undefined symbol: 'QF_init' 
"C:\qp_lab\qpc\include\qep.h" 550 1 Info 755: global macro 'QM_SM_EXIT' (line 550, file C:\qp_lab\qpc\include\qep.h) not referenced
"C:\qp_lab\qpc\include\qep.h" 615 1 Info 755: global macro 'QM_STATE_NULL' (line 615, file C:\qp_lab\qpc\include\qep.h) not referenced
"C:\qp_lab\qpc\include\qep.h" 604 1 Info 755: global macro 'QM_SUPER' (line 604, file C:\qp_lab\qpc\include\qep.h) not referenced
"C:\qp_lab\qpc\include\qep.h" 610 1 Info 755: global macro 'QM_SUPER_SUB' (line 610, file C:\qp_lab\qpc\include\qep.h) not referenced
"C:\qp_lab\qpc\include\qs.h" 895 1 Info 755: global macro 'QS_MEM' (line 895, file C:\qp_lab\qpc\include\qs.h) not referenced
"C:\qp_lab\qpc\src\qf_pkg.h" 231 1 Info 755: global macro 'QS_MPS_' (line 231, file C:\qp_lab\qpc\src\qf_pkg.h) not referenced
"C:\qp_lab\qpc\include\qep.h" 557 1 Info 755: global macro 'QM_TRAN' (line 557, file C:\qp_lab\qpc\include\qep.h) not referenced
"C:\qp_lab\qpc\include\qep.h" 572 1 Info 755: global macro 'QM_TRAN_HIST' (line 572, file C:\qp_lab\qpc\include\qep.h) not referenced
"C:\qp_lab\qpc\include\qep.h" 579 1 Info 755: global macro 'QM_TRAN_EP' (line 579, file C:\qp_lab\qpc\include\qep.h) not referenced
"C:\qp_lab\qpc\include\qep.h" 564 1 Info 755: global macro 'QM_TRAN_INIT' (line 564, file C:\qp_lab\qpc\include\qep.h) not referenced
"C:\qp_lab\qpc\include\qep.h" 587 1 Info 755: global macro 'QM_TRAN_XP' (line 587, file C:\qp_lab\qpc\include\qep.h) not referenced
"C:\qp_lab\qpc\include\qep.h" 531 1 Info 755: global macro 'QM_ENTRY' (line 531, file C:\qp_lab\qpc\include\qep.h) not referenced
"C:\qp_lab\qpc\include\qep.h" 537 1 Info 755: global macro 'QM_EXIT' (line 537, file C:\qp_lab\qpc\include\qep.h) not referenced
"C:\qp_lab\qpc\include\qep.h" 599 1 Info 755: global macro 'QM_UNHANDLED' (line 599, file C:\qp_lab\qpc\include\qep.h) not referenced
"C:\qp_lab\qpc\include\qep.h" 57 1 Info 755: global macro 'QP_RELEASE' (line 57, file C:\qp_lab\qpc\include\qep.h) not referenced
"C:\qp_lab\qpc\include\qs.h" 903 1 Info 755: global macro 'QS_OBJ' (line 903, file C:\qp_lab\qpc\include\qs.h) not referenced
"C:\qp_lab\qpc\include\qs.h" 1020 1 Info 755: global macro 'QS_OBJ_DICTIONARY' (line 1020, file C:\qp_lab\qpc\include\qs.h) not referenced
"C:\qp_lab\qpc\include\qs.h" 1230 1 Info 755: global macro 'QS_OUTPUT' (line 1230, file C:\qp_lab\qpc\include\qs.h) not referenced
"C:\qp_lab\qpc\include\qmpool.h" 166 1 Info 755: global macro 'QF_MPOOL_EL' (line 166, file C:\qp_lab\qpc\include\qmpool.h) not referenced
"C:\qp_lab\qpc\include\qs.h" 266 1 Info 755: global macro 'QS_PTR_AT_' (line 266, file C:\qp_lab\qpc\include\qs.h) not referenced
"C:\qp_lab\qpc\include\qassert.h" 281 1 Info 755: global macro 'Q_ENSURE' (line 281, file C:\qp_lab\qpc\include\qassert.h) not referenced
"C:\qp_lab\qpc\include\qf.h" 708 1 Info 755: global macro 'Q_NEW' (line 708, file C:\qp_lab\qpc\include\qf.h) not referenced
"C:\qp_lab\qpc\include\qf.h" 737 1 Info 755: global macro 'Q_NEW_X' (line 737, file C:\qp_lab\qpc\include\qf.h) not referenced
"C:\qp_lab\qpc\include\qf.h" 762 1 Info 755: global macro 'Q_NEW_REF' (line 762, file C:\qp_lab\qpc\include\qf.h) not referenced
"C:\qp_lab\qpc\include\qep.h" 486 1 Info 755: global macro 'Q_UNHANDLED' (line 486, file C:\qp_lab\qpc\include\qep.h) not referenced
"C:\qp_lab\qpc\include\qs.h" 1066 1 Info 755: global macro 'QS_ASSERTION' (line 1066, file C:\qp_lab\qpc\include\qs.h) not referenced
"C:\qp_lab\qpc\include\qep.h" 491 1 Info 755: global macro 'Q_ACTION_NULL' (line 491, file C:\qp_lab\qpc\include\qep.h) not referenced
"C:\qp_lab\qpc\include\qassert.h" 137 1 Info 755: global macro 'Q_ASSERT' (line 137, file C:\qp_lab\qpc\include\qassert.h) not referenced
"C:\qp_lab\qpc\include\qassert.h" 328 1 Info 755: global macro 'Q_ASSERT_COMPILE' (line 328, file C:\qp_lab\qpc\include\qassert.h) not referenced
"C:\qp_lab\qpc\include\qassert.h" 326 1 Info 755: global macro 'Q_ASSERT_STATIC' (line 326, file C:\qp_lab\qpc\include\qassert.h) not referenced
"C:\qp_lab\qpc\include\qep.h" 101 1 Info 755: global macro 'QEP_getVersion' (line 101, file C:\qp_lab\qpc\include\qep.h) not referenced
"C:\qp_lab\qpc\include\qep.h" 592 1 Info 755: global macro 'QM_HANDLED' (line 592, file C:\qp_lab\qpc\include\qep.h) not referenced
"C:\qp_lab\qpc\include\qs.h" 696 1 Info 755: global macro 'QS_BEGIN' (line 696, file C:\qp_lab\qpc\include\qs.h) not referenced
"C:\qp_lab\qpc\include\qs.h" 605 1 Info 755: global macro 'QS_BEGIN_NOCRIT' (line 605, file C:\qp_lab\qpc\include\qs.h) not referenced
"C:\qp_lab\qpc\include\qs.h" 1215 1 Info 755: global macro 'QS_RX_PUT' (line 1215, file C:\qp_lab\qpc\include\qs.h) not referenced
"C:\qp_lab\qpc\include\qs.h" 1235 1 Info 755: global macro 'QS_RX_INPUT' (line 1235, file C:\qp_lab\qpc\include\qs.h) not referenced
"C:\qp_lab\qpc\include\qf.h" 583 1 Info 755: global macro 'QF_PUBLISH' (line 583, file C:\qp_lab\qpc\include\qf.h) not referenced
"C:\qp_lab\qpc\include\qs.h" 768 1 Info 755: global macro 'QS_STR_' (line 768, file C:\qp_lab\qpc\include\qs.h) not referenced
"C:\qp_lab\qpc\include\qs.h" 936 1 Info 755: global macro 'QS_SIG' (line 936, file C:\qp_lab\qpc\include\qs.h) not referenced
"C:\qp_lab\qpc\include\qs.h" 892 1 Info 755: global macro 'QS_STR' (line 892, file C:\qp_lab\qpc\include\qs.h) not referenced
"C:\qp_lab\qpc\include\qs.h" 1001 1 Info 755: global macro 'QS_SIG_DICTIONARY' (line 1001, file C:\qp_lab\qpc\include\qs.h) not referenced
"C:\qp_lab\qpc\include\qep.h" 457 1 Info 755: global macro 'Q_TRAN' (line 457, file C:\qp_lab\qpc\include\qep.h) not referenced
"C:\qp_lab\qpc\include\qep.h" 466 1 Info 755: global macro 'Q_TRAN_HIST' (line 466, file C:\qp_lab\qpc\include\qep.h) not referenced
"C:\qp_lab\qpc\include\qs.h" 1107 1 Info 755: global macro 'QF_QS_ACTION' (line 1107, file C:\qp_lab\qpc\include\qs.h) not referenced
"C:\qp_lab\qpc\include\qs.h" 1083 1 Info 755: global macro 'QF_QS_CRIT_ENTRY' (line 1083, file C:\qp_lab\qpc\include\qs.h) not referenced
"C:\qp_lab\qpc\include\qs.h" 1090 1 Info 755: global macro 'QF_QS_CRIT_EXIT' (line 1090, file C:\qp_lab\qpc\include\qs.h) not referenced
"C:\qp_lab\qpc\include\qs.h" 1097 1 Info 755: global macro 'QF_QS_ISR_ENTRY' (line 1097, file C:\qp_lab\qpc\include\qs.h) not referenced
"C:\qp_lab\qpc\include\qs.h" 1104 1 Info 755: global macro 'QF_QS_ISR_EXIT' (line 1104, file C:\qp_lab\qpc\include\qs.h) not referenced
"C:\qp_lab\qpc\include\qs.h" 1306 1 Info 755: global macro 'QS_TEST_PROBE' (line 1306, file C:\qp_lab\qpc\include\qs.h) not referenced
"C:\qp_lab\qpc\include\qs.h" 1308 1 Info 755: global macro 'QS_TEST_PAUSE' (line 1308, file C:\qp_lab\qpc\include\qs.h) not referenced
"C:\qp_lab\qpc\include\qassert.h" 196 1 Info 755: global macro 'Q_ERROR' (line 196, file C:\qp_lab\qpc\include\qassert.h) not referenced
"C:\qp_lab\qpc\include\qassert.h" 302 1 Info 755: global macro 'Q_INVARIANT' (line 302, file C:\qp_lab\qpc\include\qassert.h) not referenced
"C:\qp_lab\qpc\include\qassert.h" 313 1 Info 755: global macro 'Q_INVARIANT_ID' (line 313, file C:\qp_lab\qpc\include\qassert.h) not referenced
"C:\qp_lab\qpc\include\qassert.h" 262 1 Info 755: global macro 'Q_REQUIRE' (line 262, file C:\qp_lab\qpc\include\qassert.h) not referenced
"C:\qp_lab\qpc\include\qep.h" 475 1 Info 755: global macro 'Q_SUPER' (line 475, file C:\qp_lab\qpc\include\qep.h) not referenced
"C:\qp_lab\qpc\include\qs.h" 703 1 Info 755: global macro 'QS_END' (line 703, file C:\qp_lab\qpc\include\qs.h) not referenced
"C:\qp_lab\qpc\include\qs.h" 609 1 Info 755: global macro 'QS_END_NOCRIT' (line 609, file C:\qp_lab\qpc\include\qs.h) not referenced
"C:\qp_lab\qpc\include\qs.h" 353 1 Info 755: global macro 'QS_EOD' (line 353, file C:\qp_lab\qpc\include\qs.h) not referenced
"C:\qp_lab\qpc\include\qs.h" 439 1 Info 755: global macro 'QS_EXIT' (line 439, file C:\qp_lab\qpc\include\qs.h) not referenced
"C:\qp_lab\qpc\include\qs.h" 861 1 Info 755: global macro 'QS_U16' (line 861, file C:\qp_lab\qpc\include\qs.h) not referenced
"C:\qp_lab\qpc\include\qs.h" 762 1 Info 755: global macro 'QS_U16_' (line 762, file C:\qp_lab\qpc\include\qs.h) not referenced
"C:\qp_lab\qpc\include\qs.h" 869 1 Info 755: global macro 'QS_U32' (line 869, file C:\qp_lab\qpc\include\qs.h) not referenced
"C:\qp_lab\qpc\include\qs.h" 765 1 Info 755: global macro 'QS_U32_' (line 765, file C:\qp_lab\qpc\include\qs.h) not referenced
"C:\qp_lab\qpc\include\qs.h" 853 1 Info 755: global macro 'QS_U8' (line 853, file C:\qp_lab\qpc\include\qs.h) not referenced
"C:\qp_lab\qpc\include\qs.h" 885 1 Info 755: global macro 'QS_U64' (line 885, file C:\qp_lab\qpc\include\qs.h) not referenced
"C:\qp_lab\qpc\include\qs.h" 889 1 Info 755: global macro 'QS_U32_HEX' (line 889, file C:\qp_lab\qpc\include\qs.h) not referenced
"C:\qp_lab\qpc\include\qs.h" 1049 1 Info 755: global macro 'QS_USR_DICTIONARY' (line 1049, file C:\qp_lab\qpc\include\qs.h) not referenced
"C:\qp_lab\qpc\include\qep.h" 326 1 Info 755: global macro 'QHSM_DISPATCH' (line 326, file C:\qp_lab\qpc\include\qep.h) not referenced
"C:\qp_lab\qpc\include\qf.h" 219 1 Info 755: global macro 'QACTIVE_START' (line 219, file C:\qp_lab\qpc\include\qf.h) not referenced
"C:\qp_lab\qpc\include\qf.h" 287 1 Info 755: global macro 'QACTIVE_POST_X' (line 287, file C:\qp_lab\qpc\include\qf.h) not referenced
"C:\qp_lab\qpc\include\qep.h" 311 1 Info 755: global macro 'QHSM_INIT' (line 311, file C:\qp_lab\qpc\include\qep.h) not referenced
"C:\qp_lab\qpc\include\qep.h" 347 1 Info 755: global macro 'QHsm_childState' (line 347, file C:\qp_lab\qpc\include\qep.h) not referenced
"C:\qp_lab\qpc\include\qep.h" 337 1 Info 755: global macro 'QHsm_state' (line 337, file C:\qp_lab\qpc\include\qep.h) not referenced
"C:\qp_lab\qpc\include\qpset.h" 68 1 Info 755: global macro 'QPSet_setEmpty' (line 68, file C:\qp_lab\qpc\include\qpset.h) not referenced
"C:\qp_lab\qpc\include\qpset.h" 71 1 Info 755: global macro 'QPSet_isEmpty' (line 71, file C:\qp_lab\qpc\include\qpset.h) not referenced
"C:\qp_lab\qpc\include\qs.h" 463 1 Info 755: global macro 'QS_FILTER_OFF' (line 463, file C:\qp_lab\qpc\include\qs.h) not referenced
"C:\qp_lab\qpc\include\qs.h" 873 1 Info 755: global macro 'QS_F32' (line 873, file C:\qp_lab\qpc\include\qs.h) not referenced
"C:\qp_lab\qpc\include\qs.h" 877 1 Info 755: global macro 'QS_F64' (line 877, file C:\qp_lab\qpc\include\qs.h) not referenced
"C:\qp_lab\qpc\include\qs.h" 513 1 Info 755: global macro 'QS_FILTER_AO_OBJ' (line 513, file C:\qp_lab\qpc\include\qs.h) not referenced
"C:\qp_lab\qpc\include\qs.h" 533 1 Info 755: global macro 'QS_FILTER_MP_OBJ' (line 533, file C:\qp_lab\qpc\include\qs.h) not referenced
"C:\qp_lab\qpc\include\qs.h" 553 1 Info 755: global macro 'QS_FILTER_EQ_OBJ' (line 553, file C:\qp_lab\qpc\include\qs.h) not referenced
"C:\qp_lab\qpc\include\qs.h" 591 1 Info 755: global macro 'QS_FILTER_AP_OBJ' (line 591, file C:\qp_lab\qpc\include\qs.h) not referenced
"C:\qp_lab\qpc\include\qs.h" 450 1 Info 755: global macro 'QS_FILTER_ON' (line 450, file C:\qp_lab\qpc\include\qs.h) not referenced
"C:\qp_lab\qpc\include\qs.h" 491 1 Info 755: global macro 'QS_FILTER_SM_OBJ' (line 491, file C:\qp_lab\qpc\include\qs.h) not referenced
"C:\qp_lab\qpc\include\qs.h" 574 1 Info 755: global macro 'QS_FILTER_TE_OBJ' (line 574, file C:\qp_lab\qpc\include\qs.h) not referenced
"C:\qp_lab\qpc\include\qs.h" 917 1 Info 755: global macro 'QS_FUN' (line 917, file C:\qp_lab\qpc\include\qs.h) not referenced
"C:\qp_lab\qpc\include\qs.h" 1076 1 Info 755: global macro 'QS_FLUSH' (line 1076, file C:\qp_lab\qpc\include\qs.h) not referenced
"C:\qp_lab\qpc\include\qs.h" 1038 1 Info 755: global macro 'QS_FUN_DICTIONARY' (line 1038, file C:\qp_lab\qpc\include\qs.h) not referenced
"C:\qp_lab\qpc\ports\lint\qv\qf_port.h" 269 1 Info 755: global macro 'QV_CPU_SLEEP' (line 269, file C:\qp_lab\qpc\ports\lint\qv\qf_port.h) not referenced
"C:\qp_lab\qpc\include\qassert.h" 105 1 Info 755: global macro 'Q_DEFINE_THIS_FILE' (line 105, file C:\qp_lab\qpc\include\qassert.h) not referenced
"C:\qp_lab\qpc\include\qf.h" 782 1 Info 755: global macro 'Q_DELETE_REF' (line 782, file C:\qp_lab\qpc\include\qf.h) not referenced
"C:\qp_lab\qpc\include\qep.h" 480 1 Info 755: global macro 'Q_HANDLED' (line 480, file C:\qp_lab\qpc\include\qep.h) not referenced
"C:\qp_lab\qpc\include\qf.h" 640 1 Info 755: global macro 'QF_TICK' (line 640, file C:\qp_lab\qpc\include\qf.h) not referenced
"C:\qp_lab\qpc\include\qs.h" 1110 1 Info 755: global macro 'QS_getVersion' (line 1110, file C:\qp_lab\qpc\include\qs.h) not referenced
"C:\qp_lab\qpc\include\qep.h" 190 1 Info 755: global macro 'Q_EVT_CAST' (line 190, file C:\qp_lab\qpc\include\qep.h) not referenced
"C:\qp_lab\qpc\include\qep.h" 180 1 Info 755: global macro 'Q_HSM_UPCAST' (line 180, file C:\qp_lab\qpc\include\qep.h) not referenced
"C:\qp_lab\qpc\include\qequeue.h" 200 1 Info 755: global macro 'QEQueue_getNFree' (line 200, file C:\qp_lab\qpc\include\qequeue.h) not referenced
"C:\qp_lab\qpc\include\qequeue.h" 214 1 Info 755: global macro 'QEQueue_getNMin' (line 214, file C:\qp_lab\qpc\include\qequeue.h) not referenced
"C:\qp_lab\qpc\include\qequeue.h" 230 1 Info 755: global macro 'QEQueue_isEmpty' (line 230, file C:\qp_lab\qpc\include\qequeue.h) not referenced
"C:\qp_lab\qpc\include\qs.h" 430 1 Info 755: global macro 'QS_INIT' (line 430, file C:\qp_lab\qpc\include\qs.h) not referenced
"C:\qp_lab\qpc\include\qs.h" 849 1 Info 755: global macro 'QS_I8' (line 849, file C:\qp_lab\qpc\include\qs.h) not referenced
"C:\qp_lab\qpc\include\qs.h" 857 1 Info 755: global macro 'QS_I16' (line 857, file C:\qp_lab\qpc\include\qs.h) not referenced
"C:\qp_lab\qpc\include\qs.h" 865 1 Info 755: global macro 'QS_I32' (line 865, file C:\qp_lab\qpc\include\qs.h) not referenced
"C:\qp_lab\qpc\include\qs.h" 881 1 Info 755: global macro 'QS_I64' (line 881, file C:\qp_lab\qpc\include\qs.h) not referenced
"C:\qp_lab\qpc\include\qf.h" 830 1 Info 755: global macro 'QF_getVersion' (line 830, file C:\qp_lab\qpc\include\qf.h) not referenced
"C:\qp_lab\qpc\include\qv.h" 81 1 Info 755: global macro 'QV_getVersion' (line 81, file C:\qp_lab\qpc\include\qv.h) not referenced
"C:\qp_lab\qpc\include\qassert.h" 171 1 Info 755: global macro 'Q_ALLEGE' (line 171, file C:\qp_lab\qpc\include\qassert.h) not referenced
"C:\qp_lab\qpc\include\qassert.h" 186 1 Info 755: global macro 'Q_ALLEGE_ID' (line 186, file C:\qp_lab\qpc\include\qassert.h) not referenced
"C:\qp_lab\qpc\include\qep.h" 201 1 Info 755: global macro 'Q_UINT2PTR_CAST' (line 201, file C:\qp_lab\qpc\include\qep.h) not referenced
"C:\qp_lab\qpc\include\qep.h" 441 1 Info 755: global macro 'QMsm_childStateObj' (line 441, file C:\qp_lab\qpc\include\qep.h) not referenced
"C:\qp_lab\qpc\include\qep.h" 431 1 Info 755: global macro 'QMsm_stateObj' (line 431, file C:\qp_lab\qpc\include\qep.h) not referenced
"C:\qp_lab\qpc\ports\lint\stdbool.h" 22 1 Info 755: global macro '__bool_true_false_are_defined' (line 22, file C:\qp_lab\qpc\ports\lint\stdbool.h) not referenced
"C:\qp_lab\qpc\ports\lint\qv\qf_port.h" 198 1 Info 755: global macro 'QF_INT_DISABLE' (line 198, file C:\qp_lab\qpc\ports\lint\qv\qf_port.h) not referenced
"C:\qp_lab\qpc\ports\lint\qv\qf_port.h" 209 1 Info 755: global macro 'QF_INT_ENABLE' (line 209, file C:\qp_lab\qpc\ports\lint\qv\qf_port.h) not referenced
"C:\qp_lab\qpc\include\qs.h" 202 1 Info 758: global enum 'QSpyRecordGroups' (line 202, file C:\qp_lab\qpc\include\qs.h) not referenced
"C:\qp_lab\qpc\include\qs.h" 220 1 Info 758: global enum 'QSpyUserRecords' (line 220, file C:\qp_lab\qpc\include\qs.h) not referenced
"C:\qp_lab\qpc\include\qs.h" 828 1 Info 758: global enum '(untagged)' (line 828, file C:\qp_lab\qpc\include\qs.h) not referenced
"C:\qp_lab\qpc\include\qs.h" 1128 1 Info 758: global enum 'OSpyObjCombnation' (line 1128, file C:\qp_lab\qpc\include\qs.h) not referenced
"C:\qp_lab\qpc\include\qs.h" 1158 1 Info 758: global enum 'QSpyRxRecords' (line 1158, file C:\qp_lab\qpc\include\qs.h) not referenced
"C:\qp_lab\qpc\include\qep.h" 287 1 Info 768: global struct member 'QHsmVtable::init' (line 287, file C:\qp_lab\qpc\include\qep.h) not referenced
"C:\qp_lab\qpc\include\qep.h" 290 1 Info 768: global struct member 'QHsmVtable::dispatch' (line 290, file C:\qp_lab\qpc\include\qep.h) not referenced
"C:\qp_lab\qpc\include\qequeue.h" 130 1 Info 768: global struct member 'QEQueue' (line 130, file C:\qp_lab\qpc\include\qequeue.h) not referenced
"C:\qp_lab\qpc\include\qf.h" 178 1 Info 768: global struct member 'QActiveVtable::start' (line 178, file C:\qp_lab\qpc\include\qf.h) not referenced
"C:\qp_lab\qpc\include\qs.h" 67 1 Info 769: global enumeration constant 'QSpyRecords::QS_EMPTY' (line 67, file C:\qp_lab\qpc\include\qs.h) not referenced
"C:\qp_lab\qpc\include\qs.h" 97 1 Info 769: global enumeration constant 'QSpyRecords::QS_QF_RESERVED2' (line 97, file C:\qp_lab\qpc\include\qs.h) not referenced
"C:\qp_lab\qpc\include\qs.h" 121 1 Info 769: global enumeration constant 'QSpyRecords::QS_QF_CRIT_ENTRY' (line 121, file C:\qp_lab\qpc\include\qs.h) not referenced
"C:\qp_lab\qpc\include\qs.h" 122 1 Info 769: global enumeration constant 'QSpyRecords::QS_QF_CRIT_EXIT' (line 122, file C:\qp_lab\qpc\include\qs.h) not referenced
"C:\qp_lab\qpc\include\qs.h" 123 1 Info 769: global enumeration constant 'QSpyRecords::QS_QF_ISR_ENTRY' (line 123, file C:\qp_lab\qpc\include\qs.h) not referenced
"C:\qp_lab\qpc\include\qs.h" 124 1 Info 769: global enumeration constant 'QSpyRecords::QS_QF_ISR_EXIT' (line 124, file C:\qp_lab\qpc\include\qs.h) not referenced
"C:\qp_lab\qpc\include\qs.h" 125 1 Info 769: global enumeration constant 'QSpyRecords::QS_QF_INT_DISABLE' (line 125, file C:\qp_lab\qpc\include\qs.h) not referenced
"C:\qp_lab\qpc\include\qs.h" 126 1 Info 769: global enumeration constant 'QSpyRecords::QS_QF_INT_ENABLE' (line 126, file C:\qp_lab\qpc\include\qs.h) not referenced
"C:\qp_lab\qpc\include\qs.h" 138 1 Info 769: global enumeration constant 'QSpyRecords::QS_MUTEX_LOCK' (line 138, file C:\qp_lab\qpc\include\qs.h) not referenced
"C:\qp_lab\qpc\include\qs.h" 139 1 Info 769: global enumeration constant 'QSpyRecords::QS_MUTEX_UNLOCK' (line 139, file C:\qp_lab\qpc\include\qs.h) not referenced
"C:\qp_lab\qpc\include\qs.h" 140 1 Info 769: global enumeration constant 'QSpyRecords::QS_SCHED_LOCK' (line 140, file C:\qp_lab\qpc\include\qs.h) not referenced
"C:\qp_lab\qpc\include\qs.h" 141 1 Info 769: global enumeration constant 'QSpyRecords::QS_SCHED_UNLOCK' (line 141, file C:\qp_lab\qpc\include\qs.h) not referenced
"C:\qp_lab\qpc\include\qs.h" 142 1 Info 769: global enumeration constant 'QSpyRecords::QS_SCHED_NEXT' (line 142, file C:\qp_lab\qpc\include\qs.h) not referenced
"C:\qp_lab\qpc\include\qs.h" 143 1 Info 769: global enumeration constant 'QSpyRecords::QS_SCHED_IDLE' (line 143, file C:\qp_lab\qpc\include\qs.h) not referenced
"C:\qp_lab\qpc\include\qs.h" 144 1 Info 769: global enumeration constant 'QSpyRecords::QS_SCHED_RESUME' (line 144, file C:\qp_lab\qpc\include\qs.h) not referenced
"C:\qp_lab\qpc\include\qs.h" 152 1 Info 769: global enumeration constant 'QSpyRecords::QS_TEST_PAUSED' (line 152, file C:\qp_lab\qpc\include\qs.h) not referenced
"C:\qp_lab\qpc\include\qs.h" 153 1 Info 769: global enumeration constant 'QSpyRecords::QS_TEST_PROBE_GET' (line 153, file C:\qp_lab\qpc\include\qs.h) not referenced
"C:\qp_lab\qpc\include\qs.h" 154 1 Info 769: global enumeration constant 'QSpyRecords::QS_SIG_DICT' (line 154, file C:\qp_lab\qpc\include\qs.h) not referenced
"C:\qp_lab\qpc\include\qs.h" 155 1 Info 769: global enumeration constant 'QSpyRecords::QS_OBJ_DICT' (line 155, file C:\qp_lab\qpc\include\qs.h) not referenced
"C:\qp_lab\qpc\include\qs.h" 156 1 Info 769: global enumeration constant 'QSpyRecords::QS_FUN_DICT' (line 156, file C:\qp_lab\qpc\include\qs.h) not referenced
"C:\qp_lab\qpc\include\qs.h" 157 1 Info 769: global enumeration constant 'QSpyRecords::QS_USR_DICT' (line 157, file C:\qp_lab\qpc\include\qs.h) not referenced
"C:\qp_lab\qpc\include\qs.h" 158 1 Info 769: global enumeration constant 'QSpyRecords::QS_TARGET_INFO' (line 158, file C:\qp_lab\qpc\include\qs.h) not referenced
"C:\qp_lab\qpc\include\qs.h" 159 1 Info 769: global enumeration constant 'QSpyRecords::QS_TARGET_DONE' (line 159, file C:\qp_lab\qpc\include\qs.h) not referenced
"C:\qp_lab\qpc\include\qs.h" 160 1 Info 769: global enumeration constant 'QSpyRecords::QS_RX_STATUS' (line 160, file C:\qp_lab\qpc\include\qs.h) not referenced
"C:\qp_lab\qpc\include\qs.h" 161 1 Info 769: global enumeration constant 'QSpyRecords::QS_QUERY_DATA' (line 161, file C:\qp_lab\qpc\include\qs.h) not referenced
"C:\qp_lab\qpc\include\qs.h" 162 1 Info 769: global enumeration constant 'QSpyRecords::QS_PEEK_DATA' (line 162, file C:\qp_lab\qpc\include\qs.h) not referenced
"C:\qp_lab\qpc\include\qs.h" 163 1 Info 769: global enumeration constant 'QSpyRecords::QS_ASSERT_FAIL' (line 163, file C:\qp_lab\qpc\include\qs.h) not referenced
"C:\qp_lab\qpc\include\qs.h" 166 1 Info 769: global enumeration constant 'QSpyRecords::QS_RESERVED_70' (line 166, file C:\qp_lab\qpc\include\qs.h) not referenced
"C:\qp_lab\qpc\include\qs.h" 167 1 Info 769: global enumeration constant 'QSpyRecords::QS_RESERVED_71' (line 167, file C:\qp_lab\qpc\include\qs.h) not referenced
"C:\qp_lab\qpc\include\qs.h" 168 1 Info 769: global enumeration constant 'QSpyRecords::QS_RESERVED_72' (line 168, file C:\qp_lab\qpc\include\qs.h) not referenced
"C:\qp_lab\qpc\include\qs.h" 169 1 Info 769: global enumeration constant 'QSpyRecords::QS_RESERVED_73' (line 169, file C:\qp_lab\qpc\include\qs.h) not referenced
"C:\qp_lab\qpc\include\qs.h" 170 1 Info 769: global enumeration constant 'QSpyRecords::QS_RESERVED_74' (line 170, file C:\qp_lab\qpc\include\qs.h) not referenced
"C:\qp_lab\qpc\include\qs.h" 171 1 Info 769: global enumeration constant 'QSpyRecords::QS_RESERVED_75' (line 171, file C:\qp_lab\qpc\include\qs.h) not referenced
"C:\qp_lab\qpc\include\qs.h" 172 1 Info 769: global enumeration constant 'QSpyRecords::QS_RESERVED_76' (line 172, file C:\qp_lab\qpc\include\qs.h) not referenced
"C:\qp_lab\qpc\include\qs.h" 173 1 Info 769: global enumeration constant 'QSpyRecords::QS_RESERVED_77' (line 173, file C:\qp_lab\qpc\include\qs.h) not referenced
"C:\qp_lab\qpc\include\qs.h" 174 1 Info 769: global enumeration constant 'QSpyRecords::QS_RESERVED_78' (line 174, file C:\qp_lab\qpc\include\qs.h) not referenced
"C:\qp_lab\qpc\include\qs.h" 175 1 Info 769: global enumeration constant 'QSpyRecords::QS_RESERVED_79' (line 175, file C:\qp_lab\qpc\include\qs.h) not referenced
"C:\qp_lab\qpc\include\qs.h" 176 1 Info 769: global enumeration constant 'QSpyRecords::QS_RESERVED_80' (line 176, file C:\qp_lab\qpc\include\qs.h) not referenced
"C:\qp_lab\qpc\include\qs.h" 177 1 Info 769: global enumeration constant 'QSpyRecords::QS_RESERVED_81' (line 177, file C:\qp_lab\qpc\include\qs.h) not referenced
"C:\qp_lab\qpc\include\qs.h" 178 1 Info 769: global enumeration constant 'QSpyRecords::QS_RESERVED_82' (line 178, file C:\qp_lab\qpc\include\qs.h) not referenced
"C:\qp_lab\qpc\include\qs.h" 179 1 Info 769: global enumeration constant 'QSpyRecords::QS_RESERVED_83' (line 179, file C:\qp_lab\qpc\include\qs.h) not referenced
"C:\qp_lab\qpc\include\qs.h" 180 1 Info 769: global enumeration constant 'QSpyRecords::QS_RESERVED_84' (line 180, file C:\qp_lab\qpc\include\qs.h) not referenced
"C:\qp_lab\qpc\include\qs.h" 181 1 Info 769: global enumeration constant 'QSpyRecords::QS_RESERVED_85' (line 181, file C:\qp_lab\qpc\include\qs.h) not referenced
"C:\qp_lab\qpc\include\qs.h" 182 1 Info 769: global enumeration constant 'QSpyRecords::QS_RESERVED_86' (line 182, file C:\qp_lab\qpc\include\qs.h) not referenced
"C:\qp_lab\qpc\include\qs.h" 183 1 Info 769: global enumeration constant 'QSpyRecords::QS_RESERVED_87' (line 183, file C:\qp_lab\qpc\include\qs.h) not referenced
"C:\qp_lab\qpc\include\qs.h" 184 1 Info 769: global enumeration constant 'QSpyRecords::QS_RESERVED_88' (line 184, file C:\qp_lab\qpc\include\qs.h) not referenced
"C:\qp_lab\qpc\include\qs.h" 185 1 Info 769: global enumeration constant 'QSpyRecords::QS_RESERVED_89' (line 185, file C:\qp_lab\qpc\include\qs.h) not referenced
"C:\qp_lab\qpc\include\qs.h" 186 1 Info 769: global enumeration constant 'QSpyRecords::QS_RESERVED_90' (line 186, file C:\qp_lab\qpc\include\qs.h) not referenced
"C:\qp_lab\qpc\include\qs.h" 187 1 Info 769: global enumeration constant 'QSpyRecords::QS_RESERVED_91' (line 187, file C:\qp_lab\qpc\include\qs.h) not referenced
"C:\qp_lab\qpc\include\qs.h" 188 1 Info 769: global enumeration constant 'QSpyRecords::QS_RESERVED_92' (line 188, file C:\qp_lab\qpc\include\qs.h) not referenced
"C:\qp_lab\qpc\include\qs.h" 189 1 Info 769: global enumeration constant 'QSpyRecords::QS_RESERVED_93' (line 189, file C:\qp_lab\qpc\include\qs.h) not referenced
"C:\qp_lab\qpc\include\qs.h" 190 1 Info 769: global enumeration constant 'QSpyRecords::QS_RESERVED_94' (line 190, file C:\qp_lab\qpc\include\qs.h) not referenced
"C:\qp_lab\qpc\include\qs.h" 191 1 Info 769: global enumeration constant 'QSpyRecords::QS_RESERVED_95' (line 191, file C:\qp_lab\qpc\include\qs.h) not referenced
"C:\qp_lab\qpc\include\qs.h" 192 1 Info 769: global enumeration constant 'QSpyRecords::QS_RESERVED_96' (line 192, file C:\qp_lab\qpc\include\qs.h) not referenced
"C:\qp_lab\qpc\include\qs.h" 193 1 Info 769: global enumeration constant 'QSpyRecords::QS_RESERVED_97' (line 193, file C:\qp_lab\qpc\include\qs.h) not referenced
"C:\qp_lab\qpc\include\qs.h" 194 1 Info 769: global enumeration constant 'QSpyRecords::QS_RESERVED_98' (line 194, file C:\qp_lab\qpc\include\qs.h) not referenced
"C:\qp_lab\qpc\include\qs.h" 195 1 Info 769: global enumeration constant 'QSpyRecords::QS_RESERVED_99' (line 195, file C:\qp_lab\qpc\include\qs.h) not referenced
"C:\qp_lab\qpc\include\qs.h" 203 1 Info 769: global enumeration constant 'QSpyRecordGroups::QS_ALL_RECORDS' (line 203, file C:\qp_lab\qpc\include\qs.h) not referenced
"C:\qp_lab\qpc\include\qs.h" 204 1 Info 769: global enumeration constant 'QSpyRecordGroups::QS_SM_RECORDS' (line 204, file C:\qp_lab\qpc\include\qs.h) not referenced
"C:\qp_lab\qpc\include\qs.h" 205 1 Info 769: global enumeration constant 'QSpyRecordGroups::QS_AO_RECORDS' (line 205, file C:\qp_lab\qpc\include\qs.h) not referenced
"C:\qp_lab\qpc\include\qs.h" 206 1 Info 769: global enumeration constant 'QSpyRecordGroups::QS_EQ_RECORDS' (line 206, file C:\qp_lab\qpc\include\qs.h) not referenced
"C:\qp_lab\qpc\include\qs.h" 207 1 Info 769: global enumeration constant 'QSpyRecordGroups::QS_MP_RECORDS' (line 207, file C:\qp_lab\qpc\include\qs.h) not referenced
"C:\qp_lab\qpc\include\qs.h" 208 1 Info 769: global enumeration constant 'QSpyRecordGroups::QS_TE_RECORDS' (line 208, file C:\qp_lab\qpc\include\qs.h) not referenced
"C:\qp_lab\qpc\include\qs.h" 209 1 Info 769: global enumeration constant 'QSpyRecordGroups::QS_QF_RECORDS' (line 209, file C:\qp_lab\qpc\include\qs.h) not referenced
"C:\qp_lab\qpc\include\qs.h" 210 1 Info 769: global enumeration constant 'QSpyRecordGroups::QS_SC_RECORDS' (line 210, file C:\qp_lab\qpc\include\qs.h) not referenced
"C:\qp_lab\qpc\include\qs.h" 211 1 Info 769: global enumeration constant 'QSpyRecordGroups::QS_U0_RECORDS' (line 211, file C:\qp_lab\qpc\include\qs.h) not referenced
"C:\qp_lab\qpc\include\qs.h" 212 1 Info 769: global enumeration constant 'QSpyRecordGroups::QS_U1_RECORDS' (line 212, file C:\qp_lab\qpc\include\qs.h) not referenced
"C:\qp_lab\qpc\include\qs.h" 213 1 Info 769: global enumeration constant 'QSpyRecordGroups::QS_U2_RECORDS' (line 213, file C:\qp_lab\qpc\include\qs.h) not referenced
"C:\qp_lab\qpc\include\qs.h" 214 1 Info 769: global enumeration constant 'QSpyRecordGroups::QS_U3_RECORDS' (line 214, file C:\qp_lab\qpc\include\qs.h) not referenced
"C:\qp_lab\qpc\include\qs.h" 215 1 Info 769: global enumeration constant 'QSpyRecordGroups::QS_U4_RECORDS' (line 215, file C:\qp_lab\qpc\include\qs.h) not referenced
"C:\qp_lab\qpc\include\qs.h" 216 1 Info 769: global enumeration constant 'QSpyRecordGroups::QS_UA_RECORDS' (line 216, file C:\qp_lab\qpc\include\qs.h) not referenced
"C:\qp_lab\qpc\include\qs.h" 225 1 Info 769: global enumeration constant 'QSpyUserRecords::QS_USER4' (line 225, file C:\qp_lab\qpc\include\qs.h) not referenced
"C:\qp_lab\qpc\include\qs.h" 829 1 Info 769: global enumeration constant 'QS_I8_T' (line 829, file C:\qp_lab\qpc\include\qs.h) not referenced
"C:\qp_lab\qpc\include\qs.h" 830 1 Info 769: global enumeration constant 'QS_U8_T' (line 830, file C:\qp_lab\qpc\include\qs.h) not referenced
"C:\qp_lab\qpc\include\qs.h" 831 1 Info 769: global enumeration constant 'QS_I16_T' (line 831, file C:\qp_lab\qpc\include\qs.h) not referenced
"C:\qp_lab\qpc\include\qs.h" 832 1 Info 769: global enumeration constant 'QS_U16_T' (line 832, file C:\qp_lab\qpc\include\qs.h) not referenced
"C:\qp_lab\qpc\include\qs.h" 833 1 Info 769: global enumeration constant 'QS_I32_T' (line 833, file C:\qp_lab\qpc\include\qs.h) not referenced
"C:\qp_lab\qpc\include\qs.h" 834 1 Info 769: global enumeration constant 'QS_U32_T' (line 834, file C:\qp_lab\qpc\include\qs.h) not referenced
"C:\qp_lab\qpc\include\qs.h" 835 1 Info 769: global enumeration constant 'QS_F32_T' (line 835, file C:\qp_lab\qpc\include\qs.h) not referenced
"C:\qp_lab\qpc\include\qs.h" 836 1 Info 769: global enumeration constant 'QS_F64_T' (line 836, file C:\qp_lab\qpc\include\qs.h) not referenced
"C:\qp_lab\qpc\include\qs.h" 837 1 Info 769: global enumeration constant 'QS_STR_T' (line 837, file C:\qp_lab\qpc\include\qs.h) not referenced
"C:\qp_lab\qpc\include\qs.h" 838 1 Info 769: global enumeration constant 'QS_MEM_T' (line 838, file C:\qp_lab\qpc\include\qs.h) not referenced
"C:\qp_lab\qpc\include\qs.h" 839 1 Info 769: global enumeration constant 'QS_SIG_T' (line 839, file C:\qp_lab\qpc\include\qs.h) not referenced
"C:\qp_lab\qpc\include\qs.h" 840 1 Info 769: global enumeration constant 'QS_OBJ_T' (line 840, file C:\qp_lab\qpc\include\qs.h) not referenced
"C:\qp_lab\qpc\include\qs.h" 841 1 Info 769: global enumeration constant 'QS_FUN_T' (line 841, file C:\qp_lab\qpc\include\qs.h) not referenced
"C:\qp_lab\qpc\include\qs.h" 842 1 Info 769: global enumeration constant 'QS_I64_T' (line 842, file C:\qp_lab\qpc\include\qs.h) not referenced
"C:\qp_lab\qpc\include\qs.h" 843 1 Info 769: global enumeration constant 'QS_U64_T' (line 843, file C:\qp_lab\qpc\include\qs.h) not referenced
"C:\qp_lab\qpc\include\qs.h" 844 1 Info 769: global enumeration constant 'QS_U32_HEX_T' (line 844, file C:\qp_lab\qpc\include\qs.h) not referenced
"C:\qp_lab\qpc\include\qs.h" 1124 1 Info 769: global enumeration constant 'QSpyObjKind::AP_OBJ' (line 1124, file C:\qp_lab\qpc\include\qs.h) not referenced
"C:\qp_lab\qpc\include\qs.h" 1129 1 Info 769: global enumeration constant 'OSpyObjCombnation::SM_AO_OBJ' (line 1129, file C:\qp_lab\qpc\include\qs.h) not referenced
"C:\qp_lab\qpc\include\qs.h" 1136 1 Info 768: global struct member 'QSPriv::buf' (line 1136, file C:\qp_lab\qpc\include\qs.h) not referenced
"C:\qp_lab\qpc\include\qs.h" 1137 1 Info 768: global struct member 'QSPriv::end' (line 1137, file C:\qp_lab\qpc\include\qs.h) not referenced
"C:\qp_lab\qpc\include\qs.h" 1138 1 Info 768: global struct member 'QSPriv::head' (line 1138, file C:\qp_lab\qpc\include\qs.h) not referenced
"C:\qp_lab\qpc\include\qs.h" 1139 1 Info 768: global struct member 'QSPriv::tail' (line 1139, file C:\qp_lab\qpc\include\qs.h) not referenced
"C:\qp_lab\qpc\include\qs.h" 1140 1 Info 768: global struct member 'QSPriv::used' (line 1140, file C:\qp_lab\qpc\include\qs.h) not referenced
"C:\qp_lab\qpc\include\qs.h" 1141 1 Info 768: global struct member 'QSPriv::seq' (line 1141, file C:\qp_lab\qpc\include\qs.h) not referenced
"C:\qp_lab\qpc\include\qs.h" 1142 1 Info 768: global struct member 'QSPriv::chksum' (line 1142, file C:\qp_lab\qpc\include\qs.h) not referenced
"C:\qp_lab\qpc\include\qs.h" 1144 1 Info 768: global struct member 'QSPriv::critNest' (line 1144, file C:\qp_lab\qpc\include\qs.h) not referenced
"C:\qp_lab\qpc\include\qs.h" 1159 1 Info 769: global enumeration constant 'QSpyRxRecords::QS_RX_INFO' (line 1159, file C:\qp_lab\qpc\include\qs.h) not referenced
"C:\qp_lab\qpc\include\qs.h" 1160 1 Info 769: global enumeration constant 'QSpyRxRecords::QS_RX_COMMAND' (line 1160, file C:\qp_lab\qpc\include\qs.h) not referenced
"C:\qp_lab\qpc\include\qs.h" 1161 1 Info 769: global enumeration constant 'QSpyRxRecords::QS_RX_RESET' (line 1161, file C:\qp_lab\qpc\include\qs.h) not referenced
"C:\qp_lab\qpc\include\qs.h" 1162 1 Info 769: global enumeration constant 'QSpyRxRecords::QS_RX_TICK' (line 1162, file C:\qp_lab\qpc\include\qs.h) not referenced
"C:\qp_lab\qpc\include\qs.h" 1163 1 Info 769: global enumeration constant 'QSpyRxRecords::QS_RX_PEEK' (line 1163, file C:\qp_lab\qpc\include\qs.h) not referenced
"C:\qp_lab\qpc\include\qs.h" 1164 1 Info 769: global enumeration constant 'QSpyRxRecords::QS_RX_POKE' (line 1164, file C:\qp_lab\qpc\include\qs.h) not referenced
"C:\qp_lab\qpc\include\qs.h" 1165 1 Info 769: global enumeration constant 'QSpyRxRecords::QS_RX_FILL' (line 1165, file C:\qp_lab\qpc\include\qs.h) not referenced
"C:\qp_lab\qpc\include\qs.h" 1166 1 Info 769: global enumeration constant 'QSpyRxRecords::QS_RX_TEST_SETUP' (line 1166, file C:\qp_lab\qpc\include\qs.h) not referenced
"C:\qp_lab\qpc\include\qs.h" 1167 1 Info 769: global enumeration constant 'QSpyRxRecords::QS_RX_TEST_TEARDOWN' (line 1167, file C:\qp_lab\qpc\include\qs.h) not referenced
"C:\qp_lab\qpc\include\qs.h" 1168 1 Info 769: global enumeration constant 'QSpyRxRecords::QS_RX_TEST_PROBE' (line 1168, file C:\qp_lab\qpc\include\qs.h) not referenced
"C:\qp_lab\qpc\include\qs.h" 1169 1 Info 769: global enumeration constant 'QSpyRxRecords::QS_RX_GLB_FILTER' (line 1169, file C:\qp_lab\qpc\include\qs.h) not referenced
"C:\qp_lab\qpc\include\qs.h" 1170 1 Info 769: global enumeration constant 'QSpyRxRecords::QS_RX_LOC_FILTER' (line 1170, file C:\qp_lab\qpc\include\qs.h) not referenced
"C:\qp_lab\qpc\include\qs.h" 1171 1 Info 769: global enumeration constant 'QSpyRxRecords::QS_RX_AO_FILTER' (line 1171, file C:\qp_lab\qpc\include\qs.h) not referenced
"C:\qp_lab\qpc\include\qs.h" 1172 1 Info 769: global enumeration constant 'QSpyRxRecords::QS_RX_CURR_OBJ' (line 1172, file C:\qp_lab\qpc\include\qs.h) not referenced
"C:\qp_lab\qpc\include\qs.h" 1173 1 Info 769: global enumeration constant 'QSpyRxRecords::QS_RX_TEST_CONTINUE' (line 1173, file C:\qp_lab\qpc\include\qs.h) not referenced
"C:\qp_lab\qpc\include\qs.h" 1174 1 Info 769: global enumeration constant 'QSpyRxRecords::QS_RX_QUERY_CURR' (line 1174, file C:\qp_lab\qpc\include\qs.h) not referenced
"C:\qp_lab\qpc\include\qs.h" 1175 1 Info 769: global enumeration constant 'QSpyRxRecords::QS_RX_EVENT' (line 1175, file C:\qp_lab\qpc\include\qs.h) not referenced
"C:\qp_lab\qpc\include\qs.h" 1188 1 Info 768: global struct member 'QSrxPriv::currObj' (line 1188, file C:\qp_lab\qpc\include\qs.h) not referenced
"C:\qp_lab\qpc\include\qs.h" 1189 1 Info 768: global struct member 'QSrxPriv::buf' (line 1189, file C:\qp_lab\qpc\include\qs.h) not referenced
"C:\qp_lab\qpc\include\qs.h" 1190 1 Info 768: global struct member 'QSrxPriv::end' (line 1190, file C:\qp_lab\qpc\include\qs.h) not referenced
"C:\qp_lab\qpc\include\qs.h" 1191 1 Info 768: global struct member 'QSrxPriv::head' (line 1191, file C:\qp_lab\qpc\include\qs.h) not referenced
"C:\qp_lab\qpc\include\qs.h" 1192 1 Info 768: global struct member 'QSrxPriv::tail' (line 1192, file C:\qp_lab\qpc\include\qs.h) not referenced
 Note 900: Successful completion, 456 messages produced

Count   Type    Number  Text

14      Warning 526     Symbol '___' (___) not defined
34      Info    714     Symbol '___' (___) not referenced
1       Info    729     Symbol '___' (___) not explicitly initialized
114     Info    755     global macro '___' (___) not referenced
7       Info    756     global typedef '___' (___) not referenced
34      Info    757     global declarator '___' (___) not referenced
5       Info    758     global ___ '___' (___) not referenced
38      Info    759     header declaration for symbol '___' defined at (___) could be moved from header to module
38      Info    765     external '___' (___) could be made static
17      Info    768     global struct member '___' (___) not referenced
107     Info    769     global enumeration constant '___' (___) not referenced
1       Note    900     Successful completion, ___ messages produced
47      Note    960     Violates MISRA 2004 Required Rule ___, ___
