
--- Module:   C:\qp_lab\qpn\src\qfn\qepn.c (C)

--- Module:   C:\qp_lab\qpn\src\qfn\qfn.c (C)

/// Start of Pass 2 ///

--- Module:   C:\qp_lab\qpn\src\qfn\qepn.c (C)

--- Module:   C:\qp_lab\qpn\src\qfn\qfn.c (C)

--- Global Wrap-up

"C:\qp_lab\qpn\ports\lint\stdint.h" 32 1 Info 756: global typedef 'uint64_t' (line 32, file C:\qp_lab\qpn\ports\lint\stdint.h) not referenced
"C:\qp_lab\qpn\ports\lint\stdint.h" 38 1 Info 756: global typedef 'uint_fast16_t' (line 38, file C:\qp_lab\qpn\ports\lint\stdint.h) not referenced
"C:\qp_lab\qpn\ports\lint\stdint.h" 40 1 Info 756: global typedef 'uint_fast32_t' (line 40, file C:\qp_lab\qpn\ports\lint\stdint.h) not referenced
"C:\qp_lab\qpn\ports\lint\stdint.h" 27 1 Info 756: global typedef 'int64_t' (line 27, file C:\qp_lab\qpn\ports\lint\stdint.h) not referenced
"C:\qp_lab\qpn\src\qfn\qfn.c" 89 1 Info 759: header declaration for symbol 'QF_log2Lkup' defined at (line 89, file C:\qp_lab\qpn\src\qfn\qfn.c) could be moved from header to module
"C:\qp_lab\qpn\src\qfn\qfn.c" 89 1 Info 765: external 'QF_log2Lkup' (line 89, file C:\qp_lab\qpn\src\qfn\qfn.c) could be made static [MISRA 2004 Rule 8.10, required]
"C:\qp_lab\qpn\src\qfn\qfn.c" 89 1 Info 714: Symbol 'QF_log2Lkup' (line 89, file C:\qp_lab\qpn\src\qfn\qfn.c) not referenced
"C:\qp_lab\qpn\include\qepn.h" 83 1 Info 756: global typedef 'float32_t' (line 83, file C:\qp_lab\qpn\include\qepn.h) not referenced
"C:\qp_lab\qpn\include\qepn.h" 90 1 Info 756: global typedef 'float64_t' (line 90, file C:\qp_lab\qpn\include\qepn.h) not referenced
"C:\qp_lab\qpn\ports\lint\stdint.h" 24 1 Info 756: global typedef 'int8_t' (line 24, file C:\qp_lab\qpn\ports\lint\stdint.h) not referenced
"C:\qp_lab\qpn\src\qfn\qfn.c" 53 1 Info 759: header declaration for symbol 'QF_maxActive_' defined at (line 53, file C:\qp_lab\qpn\src\qfn\qfn.c) could be moved from header to module
"C:\qp_lab\qpn\src\qfn\qfn.c" 53 1 Info 765: external 'QF_maxActive_' (line 53, file C:\qp_lab\qpn\src\qfn\qfn.c) could be made static [MISRA 2004 Rule 8.10, required]
"C:\qp_lab\qpn\include\qfn.h" 365 1 Info 757: global declarator 'QF_onStartup(void)' (line 365, file C:\qp_lab\qpn\include\qfn.h) not referenced
 Note 960: Violates MISRA 2004 Required Rule 8.9, undefined symbol: 'QF_onStartup' 
"C:\qp_lab\qpn\include\qvn.h" 57 1 Info 757: global declarator 'QV_onIdle(void)' (line 57, file C:\qp_lab\qpn\include\qvn.h) not referenced
 Note 960: Violates MISRA 2004 Required Rule 8.9, undefined symbol: 'QV_onIdle' 
"C:\qp_lab\qpn\src\qfn\qepn.c" 47 1 Info 759: header declaration for symbol 'QP_versionStr' defined at (line 47, file C:\qp_lab\qpn\src\qfn\qepn.c) could be moved from header to module
"C:\qp_lab\qpn\src\qfn\qepn.c" 47 1 Info 765: external 'QP_versionStr' (line 47, file C:\qp_lab\qpn\src\qfn\qepn.c) could be made static [MISRA 2004 Rule 8.10, required]
"C:\qp_lab\qpn\src\qfn\qepn.c" 47 1 Info 714: Symbol 'QP_versionStr' (line 47, file C:\qp_lab\qpn\src\qfn\qepn.c) not referenced
"C:\qp_lab\qpn\include\qfn.h" 391 1 Warning 526: Symbol 'QF_active' (line 391, file C:\qp_lab\qpn\include\qfn.h, module C:\qp_lab\qpn\src\qfn\qepn.c) not defined
"C:\qp_lab\qpn\src\qfn\qfn.c" 65 1 Info 759: header declaration for symbol 'QF_readySet_' defined at (line 65, file C:\qp_lab\qpn\src\qfn\qfn.c) could be moved from header to module
"C:\qp_lab\qpn\src\qfn\qfn.c" 65 1 Info 765: external 'QF_readySet_' (line 65, file C:\qp_lab\qpn\src\qfn\qfn.c) could be made static [MISRA 2004 Rule 8.10, required]
"C:\qp_lab\qpn\src\qfn\qfn.c" 65 1 Warning 552: Symbol 'QF_readySet_' (line 65, file C:\qp_lab\qpn\src\qfn\qfn.c) not accessed
"C:\qp_lab\qpn\include\qfn.h" 368 1 Info 757: global declarator 'QF_run(void)' (line 368, file C:\qp_lab\qpn\include\qfn.h) not referenced
 Note 960: Violates MISRA 2004 Required Rule 8.9, undefined symbol: 'QF_run' 
"C:\qp_lab\qpn\include\qvn.h" 45 1 Info 757: global declarator 'QV_readySet_' (line 45, file C:\qp_lab\qpn\include\qvn.h) not referenced
 Note 960: Violates MISRA 2004 Required Rule 8.9, undefined symbol: 'QV_readySet_' 
"C:\qp_lab\qpn\src\qfn\qfn.c" 459 1 Info 759: header declaration for symbol 'QActive_armX(struct QActive *, uint_fast8_t, QTimeEvtCtr, QTimeEvtCtr)' defined at (line 459, file C:\qp_lab\qpn\src\qfn\qfn.c) could be moved from header to module
"C:\qp_lab\qpn\src\qfn\qfn.c" 459 1 Info 765: external 'QActive_armX(struct QActive *, uint_fast8_t, QTimeEvtCtr, QTimeEvtCtr)' (line 459, file C:\qp_lab\qpn\src\qfn\qfn.c) could be made static [MISRA 2004 Rule 8.10, required]
"C:\qp_lab\qpn\src\qfn\qfn.c" 459 1 Info 714: Symbol 'QActive_armX(struct QActive *, uint_fast8_t, QTimeEvtCtr, QTimeEvtCtr)' (line 459, file C:\qp_lab\qpn\src\qfn\qfn.c) not referenced
"C:\qp_lab\qpn\src\qfn\qfn.c" 98 1 Info 759: header declaration for symbol 'QActive_ctor(struct QActive *, QStateHandler)' defined at (line 98, file C:\qp_lab\qpn\src\qfn\qfn.c) could be moved from header to module
"C:\qp_lab\qpn\src\qfn\qfn.c" 98 1 Info 765: external 'QActive_ctor(struct QActive *, QStateHandler)' (line 98, file C:\qp_lab\qpn\src\qfn\qfn.c) could be made static [MISRA 2004 Rule 8.10, required]
"C:\qp_lab\qpn\src\qfn\qfn.c" 98 1 Info 714: Symbol 'QActive_ctor(struct QActive *, QStateHandler)' (line 98, file C:\qp_lab\qpn\src\qfn\qfn.c) not referenced
"C:\qp_lab\qpn\src\qfn\qfn.c" 226 1 Info 759: header declaration for symbol 'QActive_postXISR_(struct QActive *, uint_fast8_t, enum_t, QParam)' defined at (line 226, file C:\qp_lab\qpn\src\qfn\qfn.c) could be moved from header to module
"C:\qp_lab\qpn\src\qfn\qfn.c" 226 1 Info 765: external 'QActive_postXISR_(struct QActive *, uint_fast8_t, enum_t, QParam)' (line 226, file C:\qp_lab\qpn\src\qfn\qfn.c) could be made static [MISRA 2004 Rule 8.10, required]
"C:\qp_lab\qpn\src\qfn\qfn.c" 492 1 Info 759: header declaration for symbol 'QActive_disarmX(struct QActive *, uint_fast8_t)' defined at (line 492, file C:\qp_lab\qpn\src\qfn\qfn.c) could be moved from header to module
"C:\qp_lab\qpn\src\qfn\qfn.c" 492 1 Info 765: external 'QActive_disarmX(struct QActive *, uint_fast8_t)' (line 492, file C:\qp_lab\qpn\src\qfn\qfn.c) could be made static [MISRA 2004 Rule 8.10, required]
"C:\qp_lab\qpn\src\qfn\qfn.c" 492 1 Info 714: Symbol 'QActive_disarmX(struct QActive *, uint_fast8_t)' (line 492, file C:\qp_lab\qpn\src\qfn\qfn.c) not referenced
"C:\qp_lab\qpn\src\qfn\qfn.c" 141 1 Info 759: header declaration for symbol 'QActive_postX_(struct QActive *, uint_fast8_t, enum_t, QParam)' defined at (line 141, file C:\qp_lab\qpn\src\qfn\qfn.c) could be moved from header to module
"C:\qp_lab\qpn\src\qfn\qfn.c" 141 1 Info 765: external 'QActive_postX_(struct QActive *, uint_fast8_t, enum_t, QParam)' (line 141, file C:\qp_lab\qpn\src\qfn\qfn.c) could be made static [MISRA 2004 Rule 8.10, required]
"C:\qp_lab\qpn\include\qfn.h" 354 1 Info 757: global declarator 'QF_stop(void)' (line 354, file C:\qp_lab\qpn\include\qfn.h) not referenced
 Note 960: Violates MISRA 2004 Required Rule 8.9, undefined symbol: 'QF_stop' 
"C:\qp_lab\qpn\src\qfn\qepn.c" 445 1 Info 759: header declaration for symbol 'QHsm_childState_(QHsm *, QStateHandler)' defined at (line 445, file C:\qp_lab\qpn\src\qfn\qepn.c) could be moved from header to module
"C:\qp_lab\qpn\src\qfn\qepn.c" 445 1 Info 765: external 'QHsm_childState_(QHsm *, QStateHandler)' (line 445, file C:\qp_lab\qpn\src\qfn\qepn.c) could be made static [MISRA 2004 Rule 8.10, required]
"C:\qp_lab\qpn\src\qfn\qepn.c" 445 1 Info 714: Symbol 'QHsm_childState_(QHsm *, QStateHandler)' (line 445, file C:\qp_lab\qpn\src\qfn\qepn.c) not referenced
"C:\qp_lab\qpn\src\qfn\qepn.c" 169 1 Info 759: header declaration for symbol 'QHsm_top(const void *)' defined at (line 169, file C:\qp_lab\qpn\src\qfn\qepn.c) could be moved from header to module
"C:\qp_lab\qpn\src\qfn\qepn.c" 169 1 Info 765: external 'QHsm_top(const void *)' (line 169, file C:\qp_lab\qpn\src\qfn\qepn.c) could be made static [MISRA 2004 Rule 8.10, required]
"C:\qp_lab\qpn\src\qfn\qfn.c" 395 1 Info 759: header declaration for symbol 'QF_tickXISR(uint_fast8_t)' defined at (line 395, file C:\qp_lab\qpn\src\qfn\qfn.c) could be moved from header to module
"C:\qp_lab\qpn\src\qfn\qfn.c" 395 1 Info 765: external 'QF_tickXISR(uint_fast8_t)' (line 395, file C:\qp_lab\qpn\src\qfn\qfn.c) could be made static [MISRA 2004 Rule 8.10, required]
"C:\qp_lab\qpn\src\qfn\qfn.c" 395 1 Info 714: Symbol 'QF_tickXISR(uint_fast8_t)' (line 395, file C:\qp_lab\qpn\src\qfn\qfn.c) not referenced
"C:\qp_lab\qpn\src\qfn\qfn.c" 85 1 Info 759: header declaration for symbol 'QF_timerSetX_' defined at (line 85, file C:\qp_lab\qpn\src\qfn\qfn.c) could be moved from header to module
"C:\qp_lab\qpn\src\qfn\qfn.c" 85 1 Info 765: external 'QF_timerSetX_' (line 85, file C:\qp_lab\qpn\src\qfn\qfn.c) could be made static [MISRA 2004 Rule 8.10, required]
"C:\qp_lab\qpn\src\qfn\qfn.c" 85 1 Warning 552: Symbol 'QF_timerSetX_' (line 85, file C:\qp_lab\qpn\src\qfn\qfn.c) not accessed
"C:\qp_lab\qpn\ports\lint\qvn\qfn_port.h" 81 1 Warning 526: Symbol 'int_disable(void)' (line 81, file C:\qp_lab\qpn\ports\lint\qvn\qfn_port.h, module C:\qp_lab\qpn\src\qfn\qepn.c) not defined
 Note 960: Violates MISRA 2004 Required Rule 8.9, undefined symbol: 'int_disable' 
"C:\qp_lab\qpn\ports\lint\qvn\qfn_port.h" 82 1 Warning 526: Symbol 'int_enable(void)' (line 82, file C:\qp_lab\qpn\ports\lint\qvn\qfn_port.h, module C:\qp_lab\qpn\src\qfn\qepn.c) not defined
 Note 960: Violates MISRA 2004 Required Rule 8.9, undefined symbol: 'int_enable' 
"C:\qp_lab\qpn\ports\lint\stdint.h" 37 1 Info 756: global typedef 'int_fast16_t' (line 37, file C:\qp_lab\qpn\ports\lint\stdint.h) not referenced
"C:\qp_lab\qpn\ports\lint\stdint.h" 39 1 Info 756: global typedef 'int_fast32_t' (line 39, file C:\qp_lab\qpn\ports\lint\stdint.h) not referenced
"C:\qp_lab\qpn\ports\lint\stdint.h" 25 1 Info 756: global typedef 'int16_t' (line 25, file C:\qp_lab\qpn\ports\lint\stdint.h) not referenced
"C:\qp_lab\qpn\include\qassert.h" 253 1 Warning 526: Symbol 'Q_onAssert(const char_t *, int_t)' (line 253, file C:\qp_lab\qpn\include\qassert.h, module C:\qp_lab\qpn\src\qfn\qepn.c) not defined
 Note 960: Violates MISRA 2004 Required Rule 8.9, undefined symbol: 'Q_onAssert' 
"C:\qp_lab\qpn\ports\lint\stdint.h" 26 1 Info 756: global typedef 'int32_t' (line 26, file C:\qp_lab\qpn\ports\lint\stdint.h) not referenced
"C:\qp_lab\qpn\ports\lint\qvn\qfn_port.h" 62 1 Warning 526: Symbol 'QV_init(void)' (line 62, file C:\qp_lab\qpn\ports\lint\qvn\qfn_port.h, module C:\qp_lab\qpn\src\qfn\qepn.c) not defined
 Note 960: Violates MISRA 2004 Required Rule 8.9, undefined symbol: 'QV_init' 
"C:\qp_lab\qpn\src\qfn\qfn.c" 312 1 Info 759: header declaration for symbol 'QF_init(uint_fast8_t)' defined at (line 312, file C:\qp_lab\qpn\src\qfn\qfn.c) could be moved from header to module
"C:\qp_lab\qpn\src\qfn\qfn.c" 312 1 Info 765: external 'QF_init(uint_fast8_t)' (line 312, file C:\qp_lab\qpn\src\qfn\qfn.c) could be made static [MISRA 2004 Rule 8.10, required]
"C:\qp_lab\qpn\src\qfn\qfn.c" 312 1 Info 714: Symbol 'QF_init(uint_fast8_t)' (line 312, file C:\qp_lab\qpn\src\qfn\qfn.c) not referenced
"C:\qp_lab\qpn\include\qfn.h" 420 1 Info 757: global declarator 'QF_invPow2Lkup' (line 420, file C:\qp_lab\qpn\include\qfn.h) not referenced
"C:\qp_lab\qpn\include\qepn.h" 150 1 Info 755: global macro 'Q_PAR' (line 150, file C:\qp_lab\qpn\include\qepn.h) not referenced
"C:\qp_lab\qpn\include\qepn.h" 57 1 Info 755: global macro 'QP_RELEASE' (line 57, file C:\qp_lab\qpn\include\qepn.h) not referenced
"C:\qp_lab\qpn\include\qepn.h" 348 1 Info 755: global macro 'Q_UNHANDLED' (line 348, file C:\qp_lab\qpn\include\qepn.h) not referenced
"C:\qp_lab\qpn\include\qassert.h" 286 1 Info 755: global macro 'Q_ENSURE' (line 286, file C:\qp_lab\qpn\include\qassert.h) not referenced
"C:\qp_lab\qpn\include\qassert.h" 142 1 Info 755: global macro 'Q_ASSERT' (line 142, file C:\qp_lab\qpn\include\qassert.h) not referenced
"C:\qp_lab\qpn\include\qassert.h" 333 1 Info 755: global macro 'Q_ASSERT_COMPILE' (line 333, file C:\qp_lab\qpn\include\qassert.h) not referenced
"C:\qp_lab\qpn\include\qassert.h" 331 1 Info 755: global macro 'Q_ASSERT_STATIC' (line 331, file C:\qp_lab\qpn\include\qassert.h) not referenced
"C:\qp_lab\qpn\include\qepn.h" 319 1 Info 755: global macro 'Q_TRAN' (line 319, file C:\qp_lab\qpn\include\qepn.h) not referenced
"C:\qp_lab\qpn\include\qepn.h" 328 1 Info 755: global macro 'Q_TRAN_HIST' (line 328, file C:\qp_lab\qpn\include\qepn.h) not referenced
"C:\qp_lab\qpn\include\qepn.h" 442 1 Info 755: global macro 'QP_getVersion' (line 442, file C:\qp_lab\qpn\include\qepn.h) not referenced
"C:\qp_lab\qpn\include\qassert.h" 201 1 Info 755: global macro 'Q_ERROR' (line 201, file C:\qp_lab\qpn\include\qassert.h) not referenced
"C:\qp_lab\qpn\include\qassert.h" 217 1 Info 755: global macro 'Q_ERROR_ID' (line 217, file C:\qp_lab\qpn\include\qassert.h) not referenced
"C:\qp_lab\qpn\include\qassert.h" 307 1 Info 755: global macro 'Q_INVARIANT' (line 307, file C:\qp_lab\qpn\include\qassert.h) not referenced
"C:\qp_lab\qpn\include\qassert.h" 318 1 Info 755: global macro 'Q_INVARIANT_ID' (line 318, file C:\qp_lab\qpn\include\qassert.h) not referenced
"C:\qp_lab\qpn\include\qassert.h" 267 1 Info 755: global macro 'Q_REQUIRE' (line 267, file C:\qp_lab\qpn\include\qassert.h) not referenced
"C:\qp_lab\qpn\include\qepn.h" 337 1 Info 755: global macro 'Q_SUPER' (line 337, file C:\qp_lab\qpn\include\qepn.h) not referenced
"C:\qp_lab\qpn\include\qepn.h" 224 1 Info 755: global macro 'QHSM_DISPATCH' (line 224, file C:\qp_lab\qpn\include\qepn.h) not referenced
"C:\qp_lab\qpn\include\qfn.h" 201 1 Info 755: global macro 'QACTIVE_POST' (line 201, file C:\qp_lab\qpn\include\qfn.h) not referenced
"C:\qp_lab\qpn\include\qfn.h" 228 1 Info 755: global macro 'QACTIVE_POST_X' (line 228, file C:\qp_lab\qpn\include\qfn.h) not referenced
"C:\qp_lab\qpn\include\qfn.h" 279 1 Info 755: global macro 'QACTIVE_POST_X_ISR' (line 279, file C:\qp_lab\qpn\include\qfn.h) not referenced
"C:\qp_lab\qpn\include\qepn.h" 213 1 Info 755: global macro 'QHSM_INIT' (line 213, file C:\qp_lab\qpn\include\qepn.h) not referenced
"C:\qp_lab\qpn\include\qepn.h" 236 1 Info 755: global macro 'QHsm_state' (line 236, file C:\qp_lab\qpn\include\qepn.h) not referenced
"C:\qp_lab\qpn\include\qepn.h" 246 1 Info 755: global macro 'QHsm_childState' (line 246, file C:\qp_lab\qpn\include\qepn.h) not referenced
"C:\qp_lab\qpn\ports\lint\qvn\qfn_port.h" 79 1 Info 755: global macro 'QV_CPU_SLEEP' (line 79, file C:\qp_lab\qpn\ports\lint\qvn\qfn_port.h) not referenced
"C:\qp_lab\qpn\include\qassert.h" 110 1 Info 755: global macro 'Q_DEFINE_THIS_FILE' (line 110, file C:\qp_lab\qpn\include\qassert.h) not referenced
"C:\qp_lab\qpn\include\qepn.h" 342 1 Info 755: global macro 'Q_HANDLED' (line 342, file C:\qp_lab\qpn\include\qepn.h) not referenced
"C:\qp_lab\qpn\include\qepn.h" 300 1 Info 755: global macro 'Q_HSM_UPCAST' (line 300, file C:\qp_lab\qpn\include\qepn.h) not referenced
"C:\qp_lab\qpn\include\qassert.h" 176 1 Info 755: global macro 'Q_ALLEGE' (line 176, file C:\qp_lab\qpn\include\qassert.h) not referenced
"C:\qp_lab\qpn\include\qassert.h" 191 1 Info 755: global macro 'Q_ALLEGE_ID' (line 191, file C:\qp_lab\qpn\include\qassert.h) not referenced
"C:\qp_lab\qpn\ports\lint\qpn_conf.h" 110 1 Info 755: global macro 'QK_SCHED_LOCK' (line 110, file C:\qp_lab\qpn\ports\lint\qpn_conf.h) not referenced
"C:\qp_lab\qpn\include\qepn.h" 371 1 Info 755: global macro 'Q_UINT2PTR_CAST' (line 371, file C:\qp_lab\qpn\include\qepn.h) not referenced
"C:\qp_lab\qpn\ports\lint\stdbool.h" 22 1 Info 755: global macro '__bool_true_false_are_defined' (line 22, file C:\qp_lab\qpn\ports\lint\stdbool.h) not referenced
"C:\qp_lab\qpn\include\qepn.h" 193 1 Info 768: global struct member 'QHsmVtable::init' (line 193, file C:\qp_lab\qpn\include\qepn.h) not referenced
"C:\qp_lab\qpn\include\qepn.h" 196 1 Info 768: global struct member 'QHsmVtable::dispatch' (line 196, file C:\qp_lab\qpn\include\qepn.h) not referenced
"C:\qp_lab\qpn\include\qepn.h" 267 1 Info 769: global enumeration constant 'Q_RET_SUPER_SUB' (line 267, file C:\qp_lab\qpn\include\qepn.h) not referenced
"C:\qp_lab\qpn\include\qepn.h" 275 1 Info 769: global enumeration constant 'Q_RET_ENTRY' (line 275, file C:\qp_lab\qpn\include\qepn.h) not referenced
"C:\qp_lab\qpn\include\qepn.h" 276 1 Info 769: global enumeration constant 'Q_RET_EXIT' (line 276, file C:\qp_lab\qpn\include\qepn.h) not referenced
"C:\qp_lab\qpn\include\qepn.h" 279 1 Info 769: global enumeration constant 'Q_RET_NULL' (line 279, file C:\qp_lab\qpn\include\qepn.h) not referenced
"C:\qp_lab\qpn\include\qepn.h" 283 1 Info 769: global enumeration constant 'Q_RET_TRAN_INIT' (line 283, file C:\qp_lab\qpn\include\qepn.h) not referenced
"C:\qp_lab\qpn\include\qepn.h" 284 1 Info 769: global enumeration constant 'Q_RET_TRAN_HIST' (line 284, file C:\qp_lab\qpn\include\qepn.h) not referenced
"C:\qp_lab\qpn\include\qepn.h" 357 1 Info 769: global enumeration constant 'Q_TIMEOUT1_SIG' (line 357, file C:\qp_lab\qpn\include\qepn.h) not referenced
"C:\qp_lab\qpn\include\qepn.h" 358 1 Info 769: global enumeration constant 'Q_TIMEOUT2_SIG' (line 358, file C:\qp_lab\qpn\include\qepn.h) not referenced
"C:\qp_lab\qpn\include\qepn.h" 359 1 Info 769: global enumeration constant 'Q_TIMEOUT3_SIG' (line 359, file C:\qp_lab\qpn\include\qepn.h) not referenced
"C:\qp_lab\qpn\include\qepn.h" 360 1 Info 769: global enumeration constant 'Q_USER_SIG' (line 360, file C:\qp_lab\qpn\include\qepn.h) not referenced
"C:\qp_lab\qpn\include\qfn.h" 154 1 Info 768: global struct member 'QActiveVtable::post' (line 154, file C:\qp_lab\qpn\include\qfn.h) not referenced
 Note 900: Successful completion, 114 messages produced

Count   Type    Number  Text

5       Warning 526     Symbol '___' (___) not defined
2       Warning 552     Symbol '___' (___) not accessed
8       Info    714     Symbol '___' (___) not referenced
32      Info    755     global macro '___' (___) not referenced
11      Info    756     global typedef '___' (___) not referenced
6       Info    757     global declarator '___' (___) not referenced
14      Info    759     header declaration for symbol '___' defined at (___) could be moved from header to module
14      Info    765     external '___' (___) could be made static
3       Info    768     global struct member '___' (___) not referenced
10      Info    769     global enumeration constant '___' (___) not referenced
1       Note    900     Successful completion, ___ messages produced
9       Note    960     Violates MISRA 2004 Required Rule ___, ___
